[0.020s] Invoking command in '/home/panha/Building_A_Tower_Arm_Robot/build/advrobotics_lab3_interfaces': CMAKE_PREFIX_PATH=${CMAKE_PREFIX_PATH}:/home/panha/ws_moveit/install/moveit_configs_utils:/home/panha/ws_moveit/install/launch_param_builder:/home/panha/mushroom_ws_V2/install/py_mushroom_control:/home/panha/turtlebot3_ws/install/turtlebot3_teleop:/home/panha/turtlebot3_ws/install/turtlebot3_example:/opt/ros/humble /usr/bin/cmake /home/panha/Building_A_Tower_Arm_Robot/src/advrobotics_lab3_interfaces -DCMAKE_INSTALL_PREFIX=/home/panha/Building_A_Tower_Arm_Robot/install/advrobotics_lab3_interfaces
[0.139s] -- The C compiler identification is GNU 11.4.0
[0.219s] -- The CXX compiler identification is GNU 11.4.0
[0.234s] -- Detecting C compiler ABI info
[0.315s] -- Detecting C compiler ABI info - done
[0.320s] -- Check for working C compiler: /usr/bin/cc - skipped
[0.320s] -- Detecting C compile features
[0.321s] -- Detecting C compile features - done
[0.324s] -- Detecting CXX compiler ABI info
[0.408s] -- Detecting CXX compiler ABI info - done
[0.413s] -- Check for working CXX compiler: /usr/bin/c++ - skipped
[0.414s] -- Detecting CXX compile features
[0.414s] -- Detecting CXX compile features - done
[0.428s] -- Found ament_cmake: 1.3.12 (/opt/ros/humble/share/ament_cmake/cmake)
[0.713s] -- Found Python3: /usr/bin/python3 (found version "3.10.12") found components: Interpreter 
[0.892s] -- Found std_msgs: 4.9.0 (/opt/ros/humble/share/std_msgs/cmake)
[0.986s] -- Found rosidl_generator_c: 3.1.7 (/opt/ros/humble/share/rosidl_generator_c/cmake)
[1.003s] -- Found rosidl_adapter: 3.1.7 (/opt/ros/humble/share/rosidl_adapter/cmake)
[1.023s] -- Found rosidl_generator_cpp: 3.1.7 (/opt/ros/humble/share/rosidl_generator_cpp/cmake)
[1.051s] -- Using all available rosidl_typesupport_c: rosidl_typesupport_fastrtps_c;rosidl_typesupport_introspection_c
[1.086s] -- Using all available rosidl_typesupport_cpp: rosidl_typesupport_fastrtps_cpp;rosidl_typesupport_introspection_cpp
[1.129s] -- Found rosidl_default_generators: 1.2.0 (/opt/ros/humble/share/rosidl_default_generators/cmake)
[1.334s] -- Found ament_cmake_ros: 0.10.0 (/opt/ros/humble/share/ament_cmake_ros/cmake)
[1.529s] -- Using all available rosidl_typesupport_c: rosidl_typesupport_fastrtps_c;rosidl_typesupport_introspection_c
[1.598s] -- Using all available rosidl_typesupport_cpp: rosidl_typesupport_fastrtps_cpp;rosidl_typesupport_introspection_cpp
[1.620s] -- Found PythonInterp: /usr/bin/python3 (found suitable version "3.10.12", minimum required is "3.6") 
[1.628s] -- Found python_cmake_module: 0.10.0 (/opt/ros/humble/share/python_cmake_module/cmake)
[1.665s] -- Found PythonLibs: /usr/lib/x86_64-linux-gnu/libpython3.10.so (found suitable version "3.10.12", minimum required is "3.5") 
[1.665s] -- Using PYTHON_EXECUTABLE: /usr/bin/python3
[1.666s] -- Using PYTHON_INCLUDE_DIRS: /usr/include/python3.10
[1.666s] -- Using PYTHON_LIBRARIES: /usr/lib/x86_64-linux-gnu/libpython3.10.so
[1.685s] -- Found PythonExtra: .so  
[1.769s] -- Found ament_lint_auto: 0.12.14 (/opt/ros/humble/share/ament_lint_auto/cmake)
[1.839s] -- Added test 'lint_cmake' to check CMake code style
[1.846s] -- Added test 'xmllint' to check XML markup files
[1.851s] -- Configuring done
[1.880s] -- Generating done
[1.888s] -- Build files have been written to: /home/panha/Building_A_Tower_Arm_Robot/build/advrobotics_lab3_interfaces
[1.895s] Invoked command in '/home/panha/Building_A_Tower_Arm_Robot/build/advrobotics_lab3_interfaces' returned '0': CMAKE_PREFIX_PATH=${CMAKE_PREFIX_PATH}:/home/panha/ws_moveit/install/moveit_configs_utils:/home/panha/ws_moveit/install/launch_param_builder:/home/panha/mushroom_ws_V2/install/py_mushroom_control:/home/panha/turtlebot3_ws/install/turtlebot3_teleop:/home/panha/turtlebot3_ws/install/turtlebot3_example:/opt/ros/humble /usr/bin/cmake /home/panha/Building_A_Tower_Arm_Robot/src/advrobotics_lab3_interfaces -DCMAKE_INSTALL_PREFIX=/home/panha/Building_A_Tower_Arm_Robot/install/advrobotics_lab3_interfaces
[1.897s] Invoking command in '/home/panha/Building_A_Tower_Arm_Robot/build/advrobotics_lab3_interfaces': CMAKE_PREFIX_PATH=${CMAKE_PREFIX_PATH}:/home/panha/ws_moveit/install/moveit_configs_utils:/home/panha/ws_moveit/install/launch_param_builder:/home/panha/mushroom_ws_V2/install/py_mushroom_control:/home/panha/turtlebot3_ws/install/turtlebot3_teleop:/home/panha/turtlebot3_ws/install/turtlebot3_example:/opt/ros/humble /usr/bin/cmake --build /home/panha/Building_A_Tower_Arm_Robot/build/advrobotics_lab3_interfaces -- -j16 -l16
[1.932s] [  2%] [34m[1mGenerating C code for ROS interfaces[0m
[1.941s] [  4%] [34m[1mGenerating C++ code for ROS interfaces[0m
[1.944s] [  4%] Built target ament_cmake_python_copy_advrobotics_lab3_interfaces
[2.160s] running egg_info
[2.182s] creating advrobotics_lab3_interfaces.egg-info
[2.182s] writing advrobotics_lab3_interfaces.egg-info/PKG-INFO
[2.182s] writing dependency_links to advrobotics_lab3_interfaces.egg-info/dependency_links.txt
[2.182s] writing top-level names to advrobotics_lab3_interfaces.egg-info/top_level.txt
[2.183s] writing manifest file 'advrobotics_lab3_interfaces.egg-info/SOURCES.txt'
[2.200s] [  6%] [32mBuilding C object CMakeFiles/advrobotics_lab3_interfaces__rosidl_generator_c.dir/rosidl_generator_c/advrobotics_lab3_interfaces/msg/detail/joints__functions.c.o[0m
[2.200s] [  8%] [32mBuilding C object CMakeFiles/advrobotics_lab3_interfaces__rosidl_generator_c.dir/rosidl_generator_c/advrobotics_lab3_interfaces/msg/detail/gripper__functions.c.o[0m
[2.200s] [ 10%] [32mBuilding C object CMakeFiles/advrobotics_lab3_interfaces__rosidl_generator_c.dir/rosidl_generator_c/advrobotics_lab3_interfaces/srv/detail/invkin__functions.c.o[0m
[2.210s] [ 10%] Built target advrobotics_lab3_interfaces__cpp
[2.218s] [ 14%] [34m[1mGenerating C++ introspection for ROS interfaces[0m
[2.218s] [ 14%] [34m[1mGenerating C++ type support dispatch for ROS interfaces[0m
[2.219s] [ 17%] [34m[1mGenerating C++ type support for eProsima Fast-RTPS[0m
[2.246s] reading manifest file 'advrobotics_lab3_interfaces.egg-info/SOURCES.txt'
[2.246s] writing manifest file 'advrobotics_lab3_interfaces.egg-info/SOURCES.txt'
[2.265s] [ 19%] [32m[1mLinking C shared library libadvrobotics_lab3_interfaces__rosidl_generator_c.so[0m
[2.279s] [ 19%] Built target ament_cmake_python_build_advrobotics_lab3_interfaces_egg
[2.298s] [ 19%] Built target advrobotics_lab3_interfaces__rosidl_generator_c
[2.307s] [ 21%] [34m[1mGenerating C type support for eProsima Fast-RTPS[0m
[2.308s] [ 25%] [34m[1mGenerating C introspection for ROS interfaces[0m
[2.308s] [ 25%] [34m[1mGenerating C type support dispatch for ROS interfaces[0m
[2.436s] [ 31%] [32mBuilding CXX object CMakeFiles/advrobotics_lab3_interfaces__rosidl_typesupport_cpp.dir/rosidl_typesupport_cpp/advrobotics_lab3_interfaces/msg/joints__type_support.cpp.o[0m
[2.436s] [ 31%] [32mBuilding CXX object CMakeFiles/advrobotics_lab3_interfaces__rosidl_typesupport_cpp.dir/rosidl_typesupport_cpp/advrobotics_lab3_interfaces/srv/invkin__type_support.cpp.o[0m
[2.436s] [ 31%] [32mBuilding CXX object CMakeFiles/advrobotics_lab3_interfaces__rosidl_typesupport_cpp.dir/rosidl_typesupport_cpp/advrobotics_lab3_interfaces/msg/gripper__type_support.cpp.o[0m
[2.457s] [ 36%] [32mBuilding CXX object CMakeFiles/advrobotics_lab3_interfaces__rosidl_typesupport_introspection_cpp.dir/rosidl_typesupport_introspection_cpp/advrobotics_lab3_interfaces/srv/detail/invkin__type_support.cpp.o[0m
[2.458s] [ 36%] [32mBuilding CXX object CMakeFiles/advrobotics_lab3_interfaces__rosidl_typesupport_introspection_cpp.dir/rosidl_typesupport_introspection_cpp/advrobotics_lab3_interfaces/msg/detail/gripper__type_support.cpp.o[0m
[2.458s] [ 38%] [32mBuilding CXX object CMakeFiles/advrobotics_lab3_interfaces__rosidl_typesupport_introspection_cpp.dir/rosidl_typesupport_introspection_cpp/advrobotics_lab3_interfaces/msg/detail/joints__type_support.cpp.o[0m
[2.484s] [ 40%] [32mBuilding CXX object CMakeFiles/advrobotics_lab3_interfaces__rosidl_typesupport_fastrtps_cpp.dir/rosidl_typesupport_fastrtps_cpp/advrobotics_lab3_interfaces/msg/detail/dds_fastrtps/joints__type_support.cpp.o[0m
[2.485s] [ 44%] [32mBuilding CXX object CMakeFiles/advrobotics_lab3_interfaces__rosidl_typesupport_fastrtps_cpp.dir/rosidl_typesupport_fastrtps_cpp/advrobotics_lab3_interfaces/msg/detail/dds_fastrtps/gripper__type_support.cpp.o[0m
[2.485s] [ 44%] [32mBuilding CXX object CMakeFiles/advrobotics_lab3_interfaces__rosidl_typesupport_fastrtps_cpp.dir/rosidl_typesupport_fastrtps_cpp/advrobotics_lab3_interfaces/srv/detail/dds_fastrtps/invkin__type_support.cpp.o[0m
[2.563s] [ 46%] [32mBuilding CXX object CMakeFiles/advrobotics_lab3_interfaces__rosidl_typesupport_c.dir/rosidl_typesupport_c/advrobotics_lab3_interfaces/msg/joints__type_support.cpp.o[0m
[2.563s] [ 48%] [32mBuilding CXX object CMakeFiles/advrobotics_lab3_interfaces__rosidl_typesupport_c.dir/rosidl_typesupport_c/advrobotics_lab3_interfaces/srv/invkin__type_support.cpp.o[0m
[2.564s] [ 51%] [32mBuilding CXX object CMakeFiles/advrobotics_lab3_interfaces__rosidl_typesupport_c.dir/rosidl_typesupport_c/advrobotics_lab3_interfaces/msg/gripper__type_support.cpp.o[0m
[2.579s] [ 53%] [32mBuilding C object CMakeFiles/advrobotics_lab3_interfaces__rosidl_typesupport_introspection_c.dir/rosidl_typesupport_introspection_c/advrobotics_lab3_interfaces/msg/detail/joints__type_support.c.o[0m
[2.579s] [ 55%] [32mBuilding C object CMakeFiles/advrobotics_lab3_interfaces__rosidl_typesupport_introspection_c.dir/rosidl_typesupport_introspection_c/advrobotics_lab3_interfaces/srv/detail/invkin__type_support.c.o[0m
[2.582s] [ 57%] [32mBuilding C object CMakeFiles/advrobotics_lab3_interfaces__rosidl_typesupport_introspection_c.dir/rosidl_typesupport_introspection_c/advrobotics_lab3_interfaces/msg/detail/gripper__type_support.c.o[0m
[2.612s] [ 59%] [32m[1mLinking CXX shared library libadvrobotics_lab3_interfaces__rosidl_typesupport_c.so[0m
[2.633s] [ 61%] [32m[1mLinking C shared library libadvrobotics_lab3_interfaces__rosidl_typesupport_introspection_c.so[0m
[2.652s] [ 68%] [32mBuilding CXX object CMakeFiles/advrobotics_lab3_interfaces__rosidl_typesupport_fastrtps_c.dir/rosidl_typesupport_fastrtps_c/advrobotics_lab3_interfaces/msg/detail/joints__type_support_c.cpp.o[0m
[2.652s] [ 68%] [32mBuilding CXX object CMakeFiles/advrobotics_lab3_interfaces__rosidl_typesupport_fastrtps_c.dir/rosidl_typesupport_fastrtps_c/advrobotics_lab3_interfaces/msg/detail/gripper__type_support_c.cpp.o[0m
[2.652s] [ 68%] [32mBuilding CXX object CMakeFiles/advrobotics_lab3_interfaces__rosidl_typesupport_fastrtps_c.dir/rosidl_typesupport_fastrtps_c/advrobotics_lab3_interfaces/srv/detail/invkin__type_support_c.cpp.o[0m
[2.673s] [ 68%] Built target advrobotics_lab3_interfaces__rosidl_typesupport_c
[2.676s] [ 68%] Built target advrobotics_lab3_interfaces__rosidl_typesupport_introspection_c
[2.777s] [ 70%] [32m[1mLinking CXX shared library libadvrobotics_lab3_interfaces__rosidl_typesupport_cpp.so[0m
[2.831s] [ 70%] Built target advrobotics_lab3_interfaces__rosidl_typesupport_cpp
[2.856s] [ 72%] [32m[1mLinking CXX shared library libadvrobotics_lab3_interfaces__rosidl_typesupport_introspection_cpp.so[0m
[2.894s] [ 72%] Built target advrobotics_lab3_interfaces__rosidl_typesupport_introspection_cpp
[2.914s] [ 74%] [32m[1mLinking CXX shared library libadvrobotics_lab3_interfaces__rosidl_typesupport_fastrtps_cpp.so[0m
[2.978s] [ 74%] Built target advrobotics_lab3_interfaces__rosidl_typesupport_fastrtps_cpp
[2.987s] [ 76%] [32m[1mLinking CXX shared library libadvrobotics_lab3_interfaces__rosidl_typesupport_fastrtps_c.so[0m
[3.050s] [ 76%] Built target advrobotics_lab3_interfaces__rosidl_typesupport_fastrtps_c
[3.070s] [ 76%] Built target advrobotics_lab3_interfaces
[3.090s] [ 78%] [34m[1mGenerating Python code for ROS interfaces[0m
[3.443s] [ 78%] Built target advrobotics_lab3_interfaces__py
[3.464s] [ 82%] [32mBuilding C object CMakeFiles/advrobotics_lab3_interfaces__rosidl_generator_py.dir/rosidl_generator_py/advrobotics_lab3_interfaces/msg/_joints_s.c.o[0m
[3.465s] [ 82%] [32mBuilding C object CMakeFiles/advrobotics_lab3_interfaces__rosidl_generator_py.dir/rosidl_generator_py/advrobotics_lab3_interfaces/msg/_gripper_s.c.o[0m
[3.465s] [ 85%] [32mBuilding C object CMakeFiles/advrobotics_lab3_interfaces__rosidl_generator_py.dir/rosidl_generator_py/advrobotics_lab3_interfaces/srv/_invkin_s.c.o[0m
[3.576s] [ 87%] [32m[1mLinking C shared library rosidl_generator_py/advrobotics_lab3_interfaces/libadvrobotics_lab3_interfaces__rosidl_generator_py.so[0m
[3.615s] [ 87%] Built target advrobotics_lab3_interfaces__rosidl_generator_py
[3.633s] [ 89%] [32mBuilding C object CMakeFiles/advrobotics_lab3_interfaces__rosidl_typesupport_c__pyext.dir/rosidl_generator_py/advrobotics_lab3_interfaces/_advrobotics_lab3_interfaces_s.ep.rosidl_typesupport_c.c.o[0m
[3.633s] [ 91%] [32mBuilding C object CMakeFiles/advrobotics_lab3_interfaces__rosidl_typesupport_fastrtps_c__pyext.dir/rosidl_generator_py/advrobotics_lab3_interfaces/_advrobotics_lab3_interfaces_s.ep.rosidl_typesupport_fastrtps_c.c.o[0m
[3.635s] [ 93%] [32mBuilding C object CMakeFiles/advrobotics_lab3_interfaces__rosidl_typesupport_introspection_c__pyext.dir/rosidl_generator_py/advrobotics_lab3_interfaces/_advrobotics_lab3_interfaces_s.ep.rosidl_typesupport_introspection_c.c.o[0m
[3.717s] [ 95%] [32m[1mLinking C shared library rosidl_generator_py/advrobotics_lab3_interfaces/advrobotics_lab3_interfaces_s__rosidl_typesupport_c.cpython-310-x86_64-linux-gnu.so[0m
[3.718s] [ 97%] [32m[1mLinking C shared library rosidl_generator_py/advrobotics_lab3_interfaces/advrobotics_lab3_interfaces_s__rosidl_typesupport_fastrtps_c.cpython-310-x86_64-linux-gnu.so[0m
[3.718s] [100%] [32m[1mLinking C shared library rosidl_generator_py/advrobotics_lab3_interfaces/advrobotics_lab3_interfaces_s__rosidl_typesupport_introspection_c.cpython-310-x86_64-linux-gnu.so[0m
[3.750s] [100%] Built target advrobotics_lab3_interfaces__rosidl_typesupport_introspection_c__pyext
[3.750s] [100%] Built target advrobotics_lab3_interfaces__rosidl_typesupport_c__pyext
[3.750s] [100%] Built target advrobotics_lab3_interfaces__rosidl_typesupport_fastrtps_c__pyext
[3.759s] Invoked command in '/home/panha/Building_A_Tower_Arm_Robot/build/advrobotics_lab3_interfaces' returned '0': CMAKE_PREFIX_PATH=${CMAKE_PREFIX_PATH}:/home/panha/ws_moveit/install/moveit_configs_utils:/home/panha/ws_moveit/install/launch_param_builder:/home/panha/mushroom_ws_V2/install/py_mushroom_control:/home/panha/turtlebot3_ws/install/turtlebot3_teleop:/home/panha/turtlebot3_ws/install/turtlebot3_example:/opt/ros/humble /usr/bin/cmake --build /home/panha/Building_A_Tower_Arm_Robot/build/advrobotics_lab3_interfaces -- -j16 -l16
[3.765s] Invoking command in '/home/panha/Building_A_Tower_Arm_Robot/build/advrobotics_lab3_interfaces': CMAKE_PREFIX_PATH=${CMAKE_PREFIX_PATH}:/home/panha/ws_moveit/install/moveit_configs_utils:/home/panha/ws_moveit/install/launch_param_builder:/home/panha/mushroom_ws_V2/install/py_mushroom_control:/home/panha/turtlebot3_ws/install/turtlebot3_teleop:/home/panha/turtlebot3_ws/install/turtlebot3_example:/opt/ros/humble /usr/bin/cmake --install /home/panha/Building_A_Tower_Arm_Robot/build/advrobotics_lab3_interfaces
[3.769s] -- Install configuration: ""
[3.769s] -- Installing: /home/panha/Building_A_Tower_Arm_Robot/install/advrobotics_lab3_interfaces/share/ament_index/resource_index/rosidl_interfaces/advrobotics_lab3_interfaces
[3.769s] -- Installing: /home/panha/Building_A_Tower_Arm_Robot/install/advrobotics_lab3_interfaces/include/advrobotics_lab3_interfaces/advrobotics_lab3_interfaces
[3.769s] -- Installing: /home/panha/Building_A_Tower_Arm_Robot/install/advrobotics_lab3_interfaces/include/advrobotics_lab3_interfaces/advrobotics_lab3_interfaces/msg
[3.769s] -- Installing: /home/panha/Building_A_Tower_Arm_Robot/install/advrobotics_lab3_interfaces/include/advrobotics_lab3_interfaces/advrobotics_lab3_interfaces/msg/gripper.h
[3.770s] -- Installing: /home/panha/Building_A_Tower_Arm_Robot/install/advrobotics_lab3_interfaces/include/advrobotics_lab3_interfaces/advrobotics_lab3_interfaces/msg/joints.h
[3.770s] -- Installing: /home/panha/Building_A_Tower_Arm_Robot/install/advrobotics_lab3_interfaces/include/advrobotics_lab3_interfaces/advrobotics_lab3_interfaces/msg/detail
[3.770s] -- Installing: /home/panha/Building_A_Tower_Arm_Robot/install/advrobotics_lab3_interfaces/include/advrobotics_lab3_interfaces/advrobotics_lab3_interfaces/msg/detail/gripper__type_support.h
[3.770s] -- Installing: /home/panha/Building_A_Tower_Arm_Robot/install/advrobotics_lab3_interfaces/include/advrobotics_lab3_interfaces/advrobotics_lab3_interfaces/msg/detail/joints__type_support.h
[3.770s] -- Installing: /home/panha/Building_A_Tower_Arm_Robot/install/advrobotics_lab3_interfaces/include/advrobotics_lab3_interfaces/advrobotics_lab3_interfaces/msg/detail/joints__struct.h
[3.770s] -- Installing: /home/panha/Building_A_Tower_Arm_Robot/install/advrobotics_lab3_interfaces/include/advrobotics_lab3_interfaces/advrobotics_lab3_interfaces/msg/detail/joints__functions.c
[3.770s] -- Installing: /home/panha/Building_A_Tower_Arm_Robot/install/advrobotics_lab3_interfaces/include/advrobotics_lab3_interfaces/advrobotics_lab3_interfaces/msg/detail/joints__functions.h
[3.770s] -- Installing: /home/panha/Building_A_Tower_Arm_Robot/install/advrobotics_lab3_interfaces/include/advrobotics_lab3_interfaces/advrobotics_lab3_interfaces/msg/detail/gripper__struct.h
[3.770s] -- Installing: /home/panha/Building_A_Tower_Arm_Robot/install/advrobotics_lab3_interfaces/include/advrobotics_lab3_interfaces/advrobotics_lab3_interfaces/msg/detail/gripper__functions.c
[3.770s] -- Installing: /home/panha/Building_A_Tower_Arm_Robot/install/advrobotics_lab3_interfaces/include/advrobotics_lab3_interfaces/advrobotics_lab3_interfaces/msg/detail/gripper__functions.h
[3.770s] -- Installing: /home/panha/Building_A_Tower_Arm_Robot/install/advrobotics_lab3_interfaces/include/advrobotics_lab3_interfaces/advrobotics_lab3_interfaces/msg/rosidl_generator_c__visibility_control.h
[3.771s] -- Installing: /home/panha/Building_A_Tower_Arm_Robot/install/advrobotics_lab3_interfaces/include/advrobotics_lab3_interfaces/advrobotics_lab3_interfaces/srv
[3.771s] -- Installing: /home/panha/Building_A_Tower_Arm_Robot/install/advrobotics_lab3_interfaces/include/advrobotics_lab3_interfaces/advrobotics_lab3_interfaces/srv/invkin.h
[3.771s] -- Installing: /home/panha/Building_A_Tower_Arm_Robot/install/advrobotics_lab3_interfaces/include/advrobotics_lab3_interfaces/advrobotics_lab3_interfaces/srv/detail
[3.771s] -- Installing: /home/panha/Building_A_Tower_Arm_Robot/install/advrobotics_lab3_interfaces/include/advrobotics_lab3_interfaces/advrobotics_lab3_interfaces/srv/detail/invkin__functions.h
[3.771s] -- Installing: /home/panha/Building_A_Tower_Arm_Robot/install/advrobotics_lab3_interfaces/include/advrobotics_lab3_interfaces/advrobotics_lab3_interfaces/srv/detail/invkin__struct.h
[3.771s] -- Installing: /home/panha/Building_A_Tower_Arm_Robot/install/advrobotics_lab3_interfaces/include/advrobotics_lab3_interfaces/advrobotics_lab3_interfaces/srv/detail/invkin__type_support.h
[3.771s] -- Installing: /home/panha/Building_A_Tower_Arm_Robot/install/advrobotics_lab3_interfaces/include/advrobotics_lab3_interfaces/advrobotics_lab3_interfaces/srv/detail/invkin__functions.c
[3.771s] -- Installing: /home/panha/Building_A_Tower_Arm_Robot/install/advrobotics_lab3_interfaces/share/advrobotics_lab3_interfaces/environment/library_path.sh
[3.771s] -- Installing: /home/panha/Building_A_Tower_Arm_Robot/install/advrobotics_lab3_interfaces/share/advrobotics_lab3_interfaces/environment/library_path.dsv
[3.772s] -- Installing: /home/panha/Building_A_Tower_Arm_Robot/install/advrobotics_lab3_interfaces/lib/libadvrobotics_lab3_interfaces__rosidl_generator_c.so
[3.772s] -- Set runtime path of "/home/panha/Building_A_Tower_Arm_Robot/install/advrobotics_lab3_interfaces/lib/libadvrobotics_lab3_interfaces__rosidl_generator_c.so" to ""
[3.772s] -- Up-to-date: /home/panha/Building_A_Tower_Arm_Robot/install/advrobotics_lab3_interfaces/include/advrobotics_lab3_interfaces/advrobotics_lab3_interfaces
[3.772s] -- Up-to-date: /home/panha/Building_A_Tower_Arm_Robot/install/advrobotics_lab3_interfaces/include/advrobotics_lab3_interfaces/advrobotics_lab3_interfaces/msg
[3.772s] -- Up-to-date: /home/panha/Building_A_Tower_Arm_Robot/install/advrobotics_lab3_interfaces/include/advrobotics_lab3_interfaces/advrobotics_lab3_interfaces/msg/detail
[3.772s] -- Installing: /home/panha/Building_A_Tower_Arm_Robot/install/advrobotics_lab3_interfaces/include/advrobotics_lab3_interfaces/advrobotics_lab3_interfaces/msg/detail/gripper__rosidl_typesupport_fastrtps_c.h
[3.772s] -- Installing: /home/panha/Building_A_Tower_Arm_Robot/install/advrobotics_lab3_interfaces/include/advrobotics_lab3_interfaces/advrobotics_lab3_interfaces/msg/detail/joints__rosidl_typesupport_fastrtps_c.h
[3.772s] -- Installing: /home/panha/Building_A_Tower_Arm_Robot/install/advrobotics_lab3_interfaces/include/advrobotics_lab3_interfaces/advrobotics_lab3_interfaces/msg/rosidl_typesupport_fastrtps_c__visibility_control.h
[3.772s] -- Up-to-date: /home/panha/Building_A_Tower_Arm_Robot/install/advrobotics_lab3_interfaces/include/advrobotics_lab3_interfaces/advrobotics_lab3_interfaces/srv
[3.772s] -- Up-to-date: /home/panha/Building_A_Tower_Arm_Robot/install/advrobotics_lab3_interfaces/include/advrobotics_lab3_interfaces/advrobotics_lab3_interfaces/srv/detail
[3.772s] -- Installing: /home/panha/Building_A_Tower_Arm_Robot/install/advrobotics_lab3_interfaces/include/advrobotics_lab3_interfaces/advrobotics_lab3_interfaces/srv/detail/invkin__rosidl_typesupport_fastrtps_c.h
[3.773s] -- Installing: /home/panha/Building_A_Tower_Arm_Robot/install/advrobotics_lab3_interfaces/lib/libadvrobotics_lab3_interfaces__rosidl_typesupport_fastrtps_c.so
[3.773s] -- Set runtime path of "/home/panha/Building_A_Tower_Arm_Robot/install/advrobotics_lab3_interfaces/lib/libadvrobotics_lab3_interfaces__rosidl_typesupport_fastrtps_c.so" to ""
[3.773s] -- Up-to-date: /home/panha/Building_A_Tower_Arm_Robot/install/advrobotics_lab3_interfaces/include/advrobotics_lab3_interfaces/advrobotics_lab3_interfaces
[3.773s] -- Up-to-date: /home/panha/Building_A_Tower_Arm_Robot/install/advrobotics_lab3_interfaces/include/advrobotics_lab3_interfaces/advrobotics_lab3_interfaces/msg
[3.773s] -- Installing: /home/panha/Building_A_Tower_Arm_Robot/install/advrobotics_lab3_interfaces/include/advrobotics_lab3_interfaces/advrobotics_lab3_interfaces/msg/joints.hpp
[3.773s] -- Up-to-date: /home/panha/Building_A_Tower_Arm_Robot/install/advrobotics_lab3_interfaces/include/advrobotics_lab3_interfaces/advrobotics_lab3_interfaces/msg/detail
[3.773s] -- Installing: /home/panha/Building_A_Tower_Arm_Robot/install/advrobotics_lab3_interfaces/include/advrobotics_lab3_interfaces/advrobotics_lab3_interfaces/msg/detail/gripper__struct.hpp
[3.773s] -- Installing: /home/panha/Building_A_Tower_Arm_Robot/install/advrobotics_lab3_interfaces/include/advrobotics_lab3_interfaces/advrobotics_lab3_interfaces/msg/detail/joints__traits.hpp
[3.773s] -- Installing: /home/panha/Building_A_Tower_Arm_Robot/install/advrobotics_lab3_interfaces/include/advrobotics_lab3_interfaces/advrobotics_lab3_interfaces/msg/detail/joints__builder.hpp
[3.773s] -- Installing: /home/panha/Building_A_Tower_Arm_Robot/install/advrobotics_lab3_interfaces/include/advrobotics_lab3_interfaces/advrobotics_lab3_interfaces/msg/detail/gripper__builder.hpp
[3.774s] -- Installing: /home/panha/Building_A_Tower_Arm_Robot/install/advrobotics_lab3_interfaces/include/advrobotics_lab3_interfaces/advrobotics_lab3_interfaces/msg/detail/gripper__traits.hpp
[3.774s] -- Installing: /home/panha/Building_A_Tower_Arm_Robot/install/advrobotics_lab3_interfaces/include/advrobotics_lab3_interfaces/advrobotics_lab3_interfaces/msg/detail/gripper__type_support.hpp
[3.774s] -- Installing: /home/panha/Building_A_Tower_Arm_Robot/install/advrobotics_lab3_interfaces/include/advrobotics_lab3_interfaces/advrobotics_lab3_interfaces/msg/detail/joints__type_support.hpp
[3.774s] -- Installing: /home/panha/Building_A_Tower_Arm_Robot/install/advrobotics_lab3_interfaces/include/advrobotics_lab3_interfaces/advrobotics_lab3_interfaces/msg/detail/joints__struct.hpp
[3.774s] -- Installing: /home/panha/Building_A_Tower_Arm_Robot/install/advrobotics_lab3_interfaces/include/advrobotics_lab3_interfaces/advrobotics_lab3_interfaces/msg/gripper.hpp
[3.774s] -- Installing: /home/panha/Building_A_Tower_Arm_Robot/install/advrobotics_lab3_interfaces/include/advrobotics_lab3_interfaces/advrobotics_lab3_interfaces/msg/rosidl_generator_cpp__visibility_control.hpp
[3.774s] -- Up-to-date: /home/panha/Building_A_Tower_Arm_Robot/install/advrobotics_lab3_interfaces/include/advrobotics_lab3_interfaces/advrobotics_lab3_interfaces/srv
[3.774s] -- Installing: /home/panha/Building_A_Tower_Arm_Robot/install/advrobotics_lab3_interfaces/include/advrobotics_lab3_interfaces/advrobotics_lab3_interfaces/srv/invkin.hpp
[3.774s] -- Up-to-date: /home/panha/Building_A_Tower_Arm_Robot/install/advrobotics_lab3_interfaces/include/advrobotics_lab3_interfaces/advrobotics_lab3_interfaces/srv/detail
[3.774s] -- Installing: /home/panha/Building_A_Tower_Arm_Robot/install/advrobotics_lab3_interfaces/include/advrobotics_lab3_interfaces/advrobotics_lab3_interfaces/srv/detail/invkin__traits.hpp
[3.774s] -- Installing: /home/panha/Building_A_Tower_Arm_Robot/install/advrobotics_lab3_interfaces/include/advrobotics_lab3_interfaces/advrobotics_lab3_interfaces/srv/detail/invkin__builder.hpp
[3.775s] -- Installing: /home/panha/Building_A_Tower_Arm_Robot/install/advrobotics_lab3_interfaces/include/advrobotics_lab3_interfaces/advrobotics_lab3_interfaces/srv/detail/invkin__struct.hpp
[3.775s] -- Installing: /home/panha/Building_A_Tower_Arm_Robot/install/advrobotics_lab3_interfaces/include/advrobotics_lab3_interfaces/advrobotics_lab3_interfaces/srv/detail/invkin__type_support.hpp
[3.775s] -- Up-to-date: /home/panha/Building_A_Tower_Arm_Robot/install/advrobotics_lab3_interfaces/include/advrobotics_lab3_interfaces/advrobotics_lab3_interfaces
[3.775s] -- Up-to-date: /home/panha/Building_A_Tower_Arm_Robot/install/advrobotics_lab3_interfaces/include/advrobotics_lab3_interfaces/advrobotics_lab3_interfaces/msg
[3.775s] -- Up-to-date: /home/panha/Building_A_Tower_Arm_Robot/install/advrobotics_lab3_interfaces/include/advrobotics_lab3_interfaces/advrobotics_lab3_interfaces/msg/detail
[3.775s] -- Installing: /home/panha/Building_A_Tower_Arm_Robot/install/advrobotics_lab3_interfaces/include/advrobotics_lab3_interfaces/advrobotics_lab3_interfaces/msg/detail/dds_fastrtps
[3.775s] -- Installing: /home/panha/Building_A_Tower_Arm_Robot/install/advrobotics_lab3_interfaces/include/advrobotics_lab3_interfaces/advrobotics_lab3_interfaces/msg/detail/joints__rosidl_typesupport_fastrtps_cpp.hpp
[3.775s] -- Installing: /home/panha/Building_A_Tower_Arm_Robot/install/advrobotics_lab3_interfaces/include/advrobotics_lab3_interfaces/advrobotics_lab3_interfaces/msg/detail/gripper__rosidl_typesupport_fastrtps_cpp.hpp
[3.775s] -- Installing: /home/panha/Building_A_Tower_Arm_Robot/install/advrobotics_lab3_interfaces/include/advrobotics_lab3_interfaces/advrobotics_lab3_interfaces/msg/rosidl_typesupport_fastrtps_cpp__visibility_control.h
[3.775s] -- Up-to-date: /home/panha/Building_A_Tower_Arm_Robot/install/advrobotics_lab3_interfaces/include/advrobotics_lab3_interfaces/advrobotics_lab3_interfaces/srv
[3.775s] -- Up-to-date: /home/panha/Building_A_Tower_Arm_Robot/install/advrobotics_lab3_interfaces/include/advrobotics_lab3_interfaces/advrobotics_lab3_interfaces/srv/detail
[3.776s] -- Installing: /home/panha/Building_A_Tower_Arm_Robot/install/advrobotics_lab3_interfaces/include/advrobotics_lab3_interfaces/advrobotics_lab3_interfaces/srv/detail/dds_fastrtps
[3.776s] -- Installing: /home/panha/Building_A_Tower_Arm_Robot/install/advrobotics_lab3_interfaces/include/advrobotics_lab3_interfaces/advrobotics_lab3_interfaces/srv/detail/invkin__rosidl_typesupport_fastrtps_cpp.hpp
[3.776s] -- Installing: /home/panha/Building_A_Tower_Arm_Robot/install/advrobotics_lab3_interfaces/lib/libadvrobotics_lab3_interfaces__rosidl_typesupport_fastrtps_cpp.so
[3.776s] -- Set runtime path of "/home/panha/Building_A_Tower_Arm_Robot/install/advrobotics_lab3_interfaces/lib/libadvrobotics_lab3_interfaces__rosidl_typesupport_fastrtps_cpp.so" to ""
[3.776s] -- Up-to-date: /home/panha/Building_A_Tower_Arm_Robot/install/advrobotics_lab3_interfaces/include/advrobotics_lab3_interfaces/advrobotics_lab3_interfaces
[3.776s] -- Up-to-date: /home/panha/Building_A_Tower_Arm_Robot/install/advrobotics_lab3_interfaces/include/advrobotics_lab3_interfaces/advrobotics_lab3_interfaces/msg
[3.776s] -- Up-to-date: /home/panha/Building_A_Tower_Arm_Robot/install/advrobotics_lab3_interfaces/include/advrobotics_lab3_interfaces/advrobotics_lab3_interfaces/msg/detail
[3.776s] -- Installing: /home/panha/Building_A_Tower_Arm_Robot/install/advrobotics_lab3_interfaces/include/advrobotics_lab3_interfaces/advrobotics_lab3_interfaces/msg/detail/joints__type_support.c
[3.777s] -- Installing: /home/panha/Building_A_Tower_Arm_Robot/install/advrobotics_lab3_interfaces/include/advrobotics_lab3_interfaces/advrobotics_lab3_interfaces/msg/detail/joints__rosidl_typesupport_introspection_c.h
[3.777s] -- Installing: /home/panha/Building_A_Tower_Arm_Robot/install/advrobotics_lab3_interfaces/include/advrobotics_lab3_interfaces/advrobotics_lab3_interfaces/msg/detail/gripper__type_support.c
[3.777s] -- Installing: /home/panha/Building_A_Tower_Arm_Robot/install/advrobotics_lab3_interfaces/include/advrobotics_lab3_interfaces/advrobotics_lab3_interfaces/msg/detail/gripper__rosidl_typesupport_introspection_c.h
[3.777s] -- Installing: /home/panha/Building_A_Tower_Arm_Robot/install/advrobotics_lab3_interfaces/include/advrobotics_lab3_interfaces/advrobotics_lab3_interfaces/msg/rosidl_typesupport_introspection_c__visibility_control.h
[3.777s] -- Up-to-date: /home/panha/Building_A_Tower_Arm_Robot/install/advrobotics_lab3_interfaces/include/advrobotics_lab3_interfaces/advrobotics_lab3_interfaces/srv
[3.777s] -- Up-to-date: /home/panha/Building_A_Tower_Arm_Robot/install/advrobotics_lab3_interfaces/include/advrobotics_lab3_interfaces/advrobotics_lab3_interfaces/srv/detail
[3.777s] -- Installing: /home/panha/Building_A_Tower_Arm_Robot/install/advrobotics_lab3_interfaces/include/advrobotics_lab3_interfaces/advrobotics_lab3_interfaces/srv/detail/invkin__rosidl_typesupport_introspection_c.h
[3.777s] -- Installing: /home/panha/Building_A_Tower_Arm_Robot/install/advrobotics_lab3_interfaces/include/advrobotics_lab3_interfaces/advrobotics_lab3_interfaces/srv/detail/invkin__type_support.c
[3.777s] -- Installing: /home/panha/Building_A_Tower_Arm_Robot/install/advrobotics_lab3_interfaces/lib/libadvrobotics_lab3_interfaces__rosidl_typesupport_introspection_c.so
[3.777s] -- Set runtime path of "/home/panha/Building_A_Tower_Arm_Robot/install/advrobotics_lab3_interfaces/lib/libadvrobotics_lab3_interfaces__rosidl_typesupport_introspection_c.so" to ""
[3.777s] -- Installing: /home/panha/Building_A_Tower_Arm_Robot/install/advrobotics_lab3_interfaces/lib/libadvrobotics_lab3_interfaces__rosidl_typesupport_c.so
[3.777s] -- Set runtime path of "/home/panha/Building_A_Tower_Arm_Robot/install/advrobotics_lab3_interfaces/lib/libadvrobotics_lab3_interfaces__rosidl_typesupport_c.so" to ""
[3.778s] -- Up-to-date: /home/panha/Building_A_Tower_Arm_Robot/install/advrobotics_lab3_interfaces/include/advrobotics_lab3_interfaces/advrobotics_lab3_interfaces
[3.778s] -- Up-to-date: /home/panha/Building_A_Tower_Arm_Robot/install/advrobotics_lab3_interfaces/include/advrobotics_lab3_interfaces/advrobotics_lab3_interfaces/msg
[3.778s] -- Up-to-date: /home/panha/Building_A_Tower_Arm_Robot/install/advrobotics_lab3_interfaces/include/advrobotics_lab3_interfaces/advrobotics_lab3_interfaces/msg/detail
[3.778s] -- Installing: /home/panha/Building_A_Tower_Arm_Robot/install/advrobotics_lab3_interfaces/include/advrobotics_lab3_interfaces/advrobotics_lab3_interfaces/msg/detail/gripper__type_support.cpp
[3.778s] -- Installing: /home/panha/Building_A_Tower_Arm_Robot/install/advrobotics_lab3_interfaces/include/advrobotics_lab3_interfaces/advrobotics_lab3_interfaces/msg/detail/gripper__rosidl_typesupport_introspection_cpp.hpp
[3.778s] -- Installing: /home/panha/Building_A_Tower_Arm_Robot/install/advrobotics_lab3_interfaces/include/advrobotics_lab3_interfaces/advrobotics_lab3_interfaces/msg/detail/joints__rosidl_typesupport_introspection_cpp.hpp
[3.778s] -- Installing: /home/panha/Building_A_Tower_Arm_Robot/install/advrobotics_lab3_interfaces/include/advrobotics_lab3_interfaces/advrobotics_lab3_interfaces/msg/detail/joints__type_support.cpp
[3.778s] -- Up-to-date: /home/panha/Building_A_Tower_Arm_Robot/install/advrobotics_lab3_interfaces/include/advrobotics_lab3_interfaces/advrobotics_lab3_interfaces/srv
[3.778s] -- Up-to-date: /home/panha/Building_A_Tower_Arm_Robot/install/advrobotics_lab3_interfaces/include/advrobotics_lab3_interfaces/advrobotics_lab3_interfaces/srv/detail
[3.778s] -- Installing: /home/panha/Building_A_Tower_Arm_Robot/install/advrobotics_lab3_interfaces/include/advrobotics_lab3_interfaces/advrobotics_lab3_interfaces/srv/detail/invkin__rosidl_typesupport_introspection_cpp.hpp
[3.778s] -- Installing: /home/panha/Building_A_Tower_Arm_Robot/install/advrobotics_lab3_interfaces/include/advrobotics_lab3_interfaces/advrobotics_lab3_interfaces/srv/detail/invkin__type_support.cpp
[3.778s] -- Installing: /home/panha/Building_A_Tower_Arm_Robot/install/advrobotics_lab3_interfaces/lib/libadvrobotics_lab3_interfaces__rosidl_typesupport_introspection_cpp.so
[3.779s] -- Set runtime path of "/home/panha/Building_A_Tower_Arm_Robot/install/advrobotics_lab3_interfaces/lib/libadvrobotics_lab3_interfaces__rosidl_typesupport_introspection_cpp.so" to ""
[3.779s] -- Installing: /home/panha/Building_A_Tower_Arm_Robot/install/advrobotics_lab3_interfaces/lib/libadvrobotics_lab3_interfaces__rosidl_typesupport_cpp.so
[3.779s] -- Set runtime path of "/home/panha/Building_A_Tower_Arm_Robot/install/advrobotics_lab3_interfaces/lib/libadvrobotics_lab3_interfaces__rosidl_typesupport_cpp.so" to ""
[3.779s] -- Installing: /home/panha/Building_A_Tower_Arm_Robot/install/advrobotics_lab3_interfaces/share/advrobotics_lab3_interfaces/environment/pythonpath.sh
[3.779s] -- Installing: /home/panha/Building_A_Tower_Arm_Robot/install/advrobotics_lab3_interfaces/share/advrobotics_lab3_interfaces/environment/pythonpath.dsv
[3.779s] -- Installing: /home/panha/Building_A_Tower_Arm_Robot/install/advrobotics_lab3_interfaces/local/lib/python3.10/dist-packages/advrobotics_lab3_interfaces-0.0.0-py3.10.egg-info
[3.779s] -- Installing: /home/panha/Building_A_Tower_Arm_Robot/install/advrobotics_lab3_interfaces/local/lib/python3.10/dist-packages/advrobotics_lab3_interfaces-0.0.0-py3.10.egg-info/dependency_links.txt
[3.780s] -- Installing: /home/panha/Building_A_Tower_Arm_Robot/install/advrobotics_lab3_interfaces/local/lib/python3.10/dist-packages/advrobotics_lab3_interfaces-0.0.0-py3.10.egg-info/PKG-INFO
[3.780s] -- Installing: /home/panha/Building_A_Tower_Arm_Robot/install/advrobotics_lab3_interfaces/local/lib/python3.10/dist-packages/advrobotics_lab3_interfaces-0.0.0-py3.10.egg-info/top_level.txt
[3.780s] -- Installing: /home/panha/Building_A_Tower_Arm_Robot/install/advrobotics_lab3_interfaces/local/lib/python3.10/dist-packages/advrobotics_lab3_interfaces-0.0.0-py3.10.egg-info/SOURCES.txt
[3.780s] -- Installing: /home/panha/Building_A_Tower_Arm_Robot/install/advrobotics_lab3_interfaces/local/lib/python3.10/dist-packages/advrobotics_lab3_interfaces
[3.780s] -- Installing: /home/panha/Building_A_Tower_Arm_Robot/install/advrobotics_lab3_interfaces/local/lib/python3.10/dist-packages/advrobotics_lab3_interfaces/__init__.py
[3.780s] -- Installing: /home/panha/Building_A_Tower_Arm_Robot/install/advrobotics_lab3_interfaces/local/lib/python3.10/dist-packages/advrobotics_lab3_interfaces/advrobotics_lab3_interfaces_s__rosidl_typesupport_fastrtps_c.cpython-310-x86_64-linux-gnu.so
[3.780s] -- Installing: /home/panha/Building_A_Tower_Arm_Robot/install/advrobotics_lab3_interfaces/local/lib/python3.10/dist-packages/advrobotics_lab3_interfaces/_advrobotics_lab3_interfaces_s.ep.rosidl_typesupport_introspection_c.c
[3.780s] -- Installing: /home/panha/Building_A_Tower_Arm_Robot/install/advrobotics_lab3_interfaces/local/lib/python3.10/dist-packages/advrobotics_lab3_interfaces/_advrobotics_lab3_interfaces_s.ep.rosidl_typesupport_c.c
[3.780s] -- Installing: /home/panha/Building_A_Tower_Arm_Robot/install/advrobotics_lab3_interfaces/local/lib/python3.10/dist-packages/advrobotics_lab3_interfaces/libadvrobotics_lab3_interfaces__rosidl_generator_py.so
[3.780s] -- Installing: /home/panha/Building_A_Tower_Arm_Robot/install/advrobotics_lab3_interfaces/local/lib/python3.10/dist-packages/advrobotics_lab3_interfaces/advrobotics_lab3_interfaces_s__rosidl_typesupport_introspection_c.cpython-310-x86_64-linux-gnu.so
[3.781s] -- Installing: /home/panha/Building_A_Tower_Arm_Robot/install/advrobotics_lab3_interfaces/local/lib/python3.10/dist-packages/advrobotics_lab3_interfaces/msg
[3.781s] -- Installing: /home/panha/Building_A_Tower_Arm_Robot/install/advrobotics_lab3_interfaces/local/lib/python3.10/dist-packages/advrobotics_lab3_interfaces/msg/__init__.py
[3.781s] -- Installing: /home/panha/Building_A_Tower_Arm_Robot/install/advrobotics_lab3_interfaces/local/lib/python3.10/dist-packages/advrobotics_lab3_interfaces/msg/_gripper_s.c
[3.781s] -- Installing: /home/panha/Building_A_Tower_Arm_Robot/install/advrobotics_lab3_interfaces/local/lib/python3.10/dist-packages/advrobotics_lab3_interfaces/msg/_gripper.py
[3.781s] -- Installing: /home/panha/Building_A_Tower_Arm_Robot/install/advrobotics_lab3_interfaces/local/lib/python3.10/dist-packages/advrobotics_lab3_interfaces/msg/_joints_s.c
[3.781s] -- Installing: /home/panha/Building_A_Tower_Arm_Robot/install/advrobotics_lab3_interfaces/local/lib/python3.10/dist-packages/advrobotics_lab3_interfaces/msg/_joints.py
[3.781s] -- Installing: /home/panha/Building_A_Tower_Arm_Robot/install/advrobotics_lab3_interfaces/local/lib/python3.10/dist-packages/advrobotics_lab3_interfaces/_advrobotics_lab3_interfaces_s.ep.rosidl_typesupport_fastrtps_c.c
[3.781s] -- Installing: /home/panha/Building_A_Tower_Arm_Robot/install/advrobotics_lab3_interfaces/local/lib/python3.10/dist-packages/advrobotics_lab3_interfaces/srv
[3.782s] -- Installing: /home/panha/Building_A_Tower_Arm_Robot/install/advrobotics_lab3_interfaces/local/lib/python3.10/dist-packages/advrobotics_lab3_interfaces/srv/__init__.py
[3.782s] -- Installing: /home/panha/Building_A_Tower_Arm_Robot/install/advrobotics_lab3_interfaces/local/lib/python3.10/dist-packages/advrobotics_lab3_interfaces/srv/_invkin.py
[3.782s] -- Installing: /home/panha/Building_A_Tower_Arm_Robot/install/advrobotics_lab3_interfaces/local/lib/python3.10/dist-packages/advrobotics_lab3_interfaces/srv/_invkin_s.c
[3.782s] -- Installing: /home/panha/Building_A_Tower_Arm_Robot/install/advrobotics_lab3_interfaces/local/lib/python3.10/dist-packages/advrobotics_lab3_interfaces/advrobotics_lab3_interfaces_s__rosidl_typesupport_c.cpython-310-x86_64-linux-gnu.so
[3.816s] Listing '/home/panha/Building_A_Tower_Arm_Robot/install/advrobotics_lab3_interfaces/local/lib/python3.10/dist-packages/advrobotics_lab3_interfaces'...
[3.816s] Compiling '/home/panha/Building_A_Tower_Arm_Robot/install/advrobotics_lab3_interfaces/local/lib/python3.10/dist-packages/advrobotics_lab3_interfaces/__init__.py'...
[3.816s] Listing '/home/panha/Building_A_Tower_Arm_Robot/install/advrobotics_lab3_interfaces/local/lib/python3.10/dist-packages/advrobotics_lab3_interfaces/msg'...
[3.816s] Compiling '/home/panha/Building_A_Tower_Arm_Robot/install/advrobotics_lab3_interfaces/local/lib/python3.10/dist-packages/advrobotics_lab3_interfaces/msg/__init__.py'...
[3.817s] Compiling '/home/panha/Building_A_Tower_Arm_Robot/install/advrobotics_lab3_interfaces/local/lib/python3.10/dist-packages/advrobotics_lab3_interfaces/msg/_gripper.py'...
[3.817s] Compiling '/home/panha/Building_A_Tower_Arm_Robot/install/advrobotics_lab3_interfaces/local/lib/python3.10/dist-packages/advrobotics_lab3_interfaces/msg/_joints.py'...
[3.817s] Listing '/home/panha/Building_A_Tower_Arm_Robot/install/advrobotics_lab3_interfaces/local/lib/python3.10/dist-packages/advrobotics_lab3_interfaces/srv'...
[3.817s] Compiling '/home/panha/Building_A_Tower_Arm_Robot/install/advrobotics_lab3_interfaces/local/lib/python3.10/dist-packages/advrobotics_lab3_interfaces/srv/__init__.py'...
[3.817s] Compiling '/home/panha/Building_A_Tower_Arm_Robot/install/advrobotics_lab3_interfaces/local/lib/python3.10/dist-packages/advrobotics_lab3_interfaces/srv/_invkin.py'...
[3.819s] -- Installing: /home/panha/Building_A_Tower_Arm_Robot/install/advrobotics_lab3_interfaces/local/lib/python3.10/dist-packages/advrobotics_lab3_interfaces/advrobotics_lab3_interfaces_s__rosidl_typesupport_fastrtps_c.cpython-310-x86_64-linux-gnu.so
[3.819s] -- Set runtime path of "/home/panha/Building_A_Tower_Arm_Robot/install/advrobotics_lab3_interfaces/local/lib/python3.10/dist-packages/advrobotics_lab3_interfaces/advrobotics_lab3_interfaces_s__rosidl_typesupport_fastrtps_c.cpython-310-x86_64-linux-gnu.so" to ""
[3.819s] -- Installing: /home/panha/Building_A_Tower_Arm_Robot/install/advrobotics_lab3_interfaces/local/lib/python3.10/dist-packages/advrobotics_lab3_interfaces/advrobotics_lab3_interfaces_s__rosidl_typesupport_introspection_c.cpython-310-x86_64-linux-gnu.so
[3.820s] -- Set runtime path of "/home/panha/Building_A_Tower_Arm_Robot/install/advrobotics_lab3_interfaces/local/lib/python3.10/dist-packages/advrobotics_lab3_interfaces/advrobotics_lab3_interfaces_s__rosidl_typesupport_introspection_c.cpython-310-x86_64-linux-gnu.so" to ""
[3.820s] -- Installing: /home/panha/Building_A_Tower_Arm_Robot/install/advrobotics_lab3_interfaces/local/lib/python3.10/dist-packages/advrobotics_lab3_interfaces/advrobotics_lab3_interfaces_s__rosidl_typesupport_c.cpython-310-x86_64-linux-gnu.so
[3.820s] -- Set runtime path of "/home/panha/Building_A_Tower_Arm_Robot/install/advrobotics_lab3_interfaces/local/lib/python3.10/dist-packages/advrobotics_lab3_interfaces/advrobotics_lab3_interfaces_s__rosidl_typesupport_c.cpython-310-x86_64-linux-gnu.so" to ""
[3.820s] -- Installing: /home/panha/Building_A_Tower_Arm_Robot/install/advrobotics_lab3_interfaces/lib/libadvrobotics_lab3_interfaces__rosidl_generator_py.so
[3.820s] -- Set runtime path of "/home/panha/Building_A_Tower_Arm_Robot/install/advrobotics_lab3_interfaces/lib/libadvrobotics_lab3_interfaces__rosidl_generator_py.so" to ""
[3.820s] -- Installing: /home/panha/Building_A_Tower_Arm_Robot/install/advrobotics_lab3_interfaces/share/advrobotics_lab3_interfaces/msg/Joints.idl
[3.821s] -- Installing: /home/panha/Building_A_Tower_Arm_Robot/install/advrobotics_lab3_interfaces/share/advrobotics_lab3_interfaces/msg/Gripper.idl
[3.821s] -- Installing: /home/panha/Building_A_Tower_Arm_Robot/install/advrobotics_lab3_interfaces/share/advrobotics_lab3_interfaces/srv/Invkin.idl
[3.821s] -- Installing: /home/panha/Building_A_Tower_Arm_Robot/install/advrobotics_lab3_interfaces/share/advrobotics_lab3_interfaces/msg/Joints.msg
[3.821s] -- Installing: /home/panha/Building_A_Tower_Arm_Robot/install/advrobotics_lab3_interfaces/share/advrobotics_lab3_interfaces/msg/Gripper.msg
[3.821s] -- Installing: /home/panha/Building_A_Tower_Arm_Robot/install/advrobotics_lab3_interfaces/share/advrobotics_lab3_interfaces/srv/Invkin.srv
[3.821s] -- Installing: /home/panha/Building_A_Tower_Arm_Robot/install/advrobotics_lab3_interfaces/share/advrobotics_lab3_interfaces/srv/Invkin_Request.msg
[3.821s] -- Installing: /home/panha/Building_A_Tower_Arm_Robot/install/advrobotics_lab3_interfaces/share/advrobotics_lab3_interfaces/srv/Invkin_Response.msg
[3.821s] -- Installing: /home/panha/Building_A_Tower_Arm_Robot/install/advrobotics_lab3_interfaces/share/ament_index/resource_index/package_run_dependencies/advrobotics_lab3_interfaces
[3.822s] -- Installing: /home/panha/Building_A_Tower_Arm_Robot/install/advrobotics_lab3_interfaces/share/ament_index/resource_index/parent_prefix_path/advrobotics_lab3_interfaces
[3.822s] -- Installing: /home/panha/Building_A_Tower_Arm_Robot/install/advrobotics_lab3_interfaces/share/advrobotics_lab3_interfaces/environment/ament_prefix_path.sh
[3.822s] -- Installing: /home/panha/Building_A_Tower_Arm_Robot/install/advrobotics_lab3_interfaces/share/advrobotics_lab3_interfaces/environment/ament_prefix_path.dsv
[3.822s] -- Installing: /home/panha/Building_A_Tower_Arm_Robot/install/advrobotics_lab3_interfaces/share/advrobotics_lab3_interfaces/environment/path.sh
[3.822s] -- Installing: /home/panha/Building_A_Tower_Arm_Robot/install/advrobotics_lab3_interfaces/share/advrobotics_lab3_interfaces/environment/path.dsv
[3.822s] -- Installing: /home/panha/Building_A_Tower_Arm_Robot/install/advrobotics_lab3_interfaces/share/advrobotics_lab3_interfaces/local_setup.bash
[3.822s] -- Installing: /home/panha/Building_A_Tower_Arm_Robot/install/advrobotics_lab3_interfaces/share/advrobotics_lab3_interfaces/local_setup.sh
[3.822s] -- Installing: /home/panha/Building_A_Tower_Arm_Robot/install/advrobotics_lab3_interfaces/share/advrobotics_lab3_interfaces/local_setup.zsh
[3.822s] -- Installing: /home/panha/Building_A_Tower_Arm_Robot/install/advrobotics_lab3_interfaces/share/advrobotics_lab3_interfaces/local_setup.dsv
[3.823s] -- Installing: /home/panha/Building_A_Tower_Arm_Robot/install/advrobotics_lab3_interfaces/share/advrobotics_lab3_interfaces/package.dsv
[3.823s] -- Installing: /home/panha/Building_A_Tower_Arm_Robot/install/advrobotics_lab3_interfaces/share/ament_index/resource_index/packages/advrobotics_lab3_interfaces
[3.823s] -- Installing: /home/panha/Building_A_Tower_Arm_Robot/install/advrobotics_lab3_interfaces/share/advrobotics_lab3_interfaces/cmake/export_advrobotics_lab3_interfaces__rosidl_generator_cExport.cmake
[3.823s] -- Installing: /home/panha/Building_A_Tower_Arm_Robot/install/advrobotics_lab3_interfaces/share/advrobotics_lab3_interfaces/cmake/export_advrobotics_lab3_interfaces__rosidl_generator_cExport-noconfig.cmake
[3.823s] -- Installing: /home/panha/Building_A_Tower_Arm_Robot/install/advrobotics_lab3_interfaces/share/advrobotics_lab3_interfaces/cmake/export_advrobotics_lab3_interfaces__rosidl_typesupport_fastrtps_cExport.cmake
[3.823s] -- Installing: /home/panha/Building_A_Tower_Arm_Robot/install/advrobotics_lab3_interfaces/share/advrobotics_lab3_interfaces/cmake/export_advrobotics_lab3_interfaces__rosidl_typesupport_fastrtps_cExport-noconfig.cmake
[3.823s] -- Installing: /home/panha/Building_A_Tower_Arm_Robot/install/advrobotics_lab3_interfaces/share/advrobotics_lab3_interfaces/cmake/export_advrobotics_lab3_interfaces__rosidl_generator_cppExport.cmake
[3.824s] -- Installing: /home/panha/Building_A_Tower_Arm_Robot/install/advrobotics_lab3_interfaces/share/advrobotics_lab3_interfaces/cmake/export_advrobotics_lab3_interfaces__rosidl_typesupport_fastrtps_cppExport.cmake
[3.824s] -- Installing: /home/panha/Building_A_Tower_Arm_Robot/install/advrobotics_lab3_interfaces/share/advrobotics_lab3_interfaces/cmake/export_advrobotics_lab3_interfaces__rosidl_typesupport_fastrtps_cppExport-noconfig.cmake
[3.824s] -- Installing: /home/panha/Building_A_Tower_Arm_Robot/install/advrobotics_lab3_interfaces/share/advrobotics_lab3_interfaces/cmake/advrobotics_lab3_interfaces__rosidl_typesupport_introspection_cExport.cmake
[3.824s] -- Installing: /home/panha/Building_A_Tower_Arm_Robot/install/advrobotics_lab3_interfaces/share/advrobotics_lab3_interfaces/cmake/advrobotics_lab3_interfaces__rosidl_typesupport_introspection_cExport-noconfig.cmake
[3.824s] -- Installing: /home/panha/Building_A_Tower_Arm_Robot/install/advrobotics_lab3_interfaces/share/advrobotics_lab3_interfaces/cmake/advrobotics_lab3_interfaces__rosidl_typesupport_cExport.cmake
[3.824s] -- Installing: /home/panha/Building_A_Tower_Arm_Robot/install/advrobotics_lab3_interfaces/share/advrobotics_lab3_interfaces/cmake/advrobotics_lab3_interfaces__rosidl_typesupport_cExport-noconfig.cmake
[3.824s] -- Installing: /home/panha/Building_A_Tower_Arm_Robot/install/advrobotics_lab3_interfaces/share/advrobotics_lab3_interfaces/cmake/advrobotics_lab3_interfaces__rosidl_typesupport_introspection_cppExport.cmake
[3.825s] -- Installing: /home/panha/Building_A_Tower_Arm_Robot/install/advrobotics_lab3_interfaces/share/advrobotics_lab3_interfaces/cmake/advrobotics_lab3_interfaces__rosidl_typesupport_introspection_cppExport-noconfig.cmake
[3.825s] -- Installing: /home/panha/Building_A_Tower_Arm_Robot/install/advrobotics_lab3_interfaces/share/advrobotics_lab3_interfaces/cmake/advrobotics_lab3_interfaces__rosidl_typesupport_cppExport.cmake
[3.825s] -- Installing: /home/panha/Building_A_Tower_Arm_Robot/install/advrobotics_lab3_interfaces/share/advrobotics_lab3_interfaces/cmake/advrobotics_lab3_interfaces__rosidl_typesupport_cppExport-noconfig.cmake
[3.825s] -- Installing: /home/panha/Building_A_Tower_Arm_Robot/install/advrobotics_lab3_interfaces/share/advrobotics_lab3_interfaces/cmake/export_advrobotics_lab3_interfaces__rosidl_generator_pyExport.cmake
[3.825s] -- Installing: /home/panha/Building_A_Tower_Arm_Robot/install/advrobotics_lab3_interfaces/share/advrobotics_lab3_interfaces/cmake/export_advrobotics_lab3_interfaces__rosidl_generator_pyExport-noconfig.cmake
[3.825s] -- Installing: /home/panha/Building_A_Tower_Arm_Robot/install/advrobotics_lab3_interfaces/share/advrobotics_lab3_interfaces/cmake/rosidl_cmake-extras.cmake
[3.825s] -- Installing: /home/panha/Building_A_Tower_Arm_Robot/install/advrobotics_lab3_interfaces/share/advrobotics_lab3_interfaces/cmake/ament_cmake_export_dependencies-extras.cmake
[3.825s] -- Installing: /home/panha/Building_A_Tower_Arm_Robot/install/advrobotics_lab3_interfaces/share/advrobotics_lab3_interfaces/cmake/ament_cmake_export_include_directories-extras.cmake
[3.826s] -- Installing: /home/panha/Building_A_Tower_Arm_Robot/install/advrobotics_lab3_interfaces/share/advrobotics_lab3_interfaces/cmake/ament_cmake_export_libraries-extras.cmake
[3.826s] -- Installing: /home/panha/Building_A_Tower_Arm_Robot/install/advrobotics_lab3_interfaces/share/advrobotics_lab3_interfaces/cmake/ament_cmake_export_targets-extras.cmake
[3.826s] -- Installing: /home/panha/Building_A_Tower_Arm_Robot/install/advrobotics_lab3_interfaces/share/advrobotics_lab3_interfaces/cmake/rosidl_cmake_export_typesupport_targets-extras.cmake
[3.826s] -- Installing: /home/panha/Building_A_Tower_Arm_Robot/install/advrobotics_lab3_interfaces/share/advrobotics_lab3_interfaces/cmake/rosidl_cmake_export_typesupport_libraries-extras.cmake
[3.826s] -- Installing: /home/panha/Building_A_Tower_Arm_Robot/install/advrobotics_lab3_interfaces/share/advrobotics_lab3_interfaces/cmake/advrobotics_lab3_interfacesConfig.cmake
[3.826s] -- Installing: /home/panha/Building_A_Tower_Arm_Robot/install/advrobotics_lab3_interfaces/share/advrobotics_lab3_interfaces/cmake/advrobotics_lab3_interfacesConfig-version.cmake
[3.826s] -- Installing: /home/panha/Building_A_Tower_Arm_Robot/install/advrobotics_lab3_interfaces/share/advrobotics_lab3_interfaces/package.xml
[3.828s] Invoked command in '/home/panha/Building_A_Tower_Arm_Robot/build/advrobotics_lab3_interfaces' returned '0': CMAKE_PREFIX_PATH=${CMAKE_PREFIX_PATH}:/home/panha/ws_moveit/install/moveit_configs_utils:/home/panha/ws_moveit/install/launch_param_builder:/home/panha/mushroom_ws_V2/install/py_mushroom_control:/home/panha/turtlebot3_ws/install/turtlebot3_teleop:/home/panha/turtlebot3_ws/install/turtlebot3_example:/opt/ros/humble /usr/bin/cmake --install /home/panha/Building_A_Tower_Arm_Robot/build/advrobotics_lab3_interfaces
