[0.018s] Invoking command in '/home/panha/Building_A_Tower_Arm_Robot/build/advrobotics_lab3_interfaces': CMAKE_PREFIX_PATH=${CMAKE_PREFIX_PATH}:/home/panha/ws_moveit/install/moveit_configs_utils:/home/panha/ws_moveit/install/launch_param_builder:/home/panha/mushroom_ws_V2/install/py_mushroom_control:/home/panha/turtlebot3_ws/install/turtlebot3_teleop:/home/panha/turtlebot3_ws/install/turtlebot3_example:/opt/ros/humble /usr/bin/cmake --build /home/panha/Building_A_Tower_Arm_Robot/build/advrobotics_lab3_interfaces -- -j16 -l16
[0.060s] [  2%] Built target advrobotics_lab3_interfaces__cpp
[0.063s] [ 12%] Built target advrobotics_lab3_interfaces__rosidl_generator_c
[0.066s] [ 12%] Built target ament_cmake_python_copy_advrobotics_lab3_interfaces
[0.079s] [ 23%] Built target advrobotics_lab3_interfaces__rosidl_typesupport_cpp
[0.080s] [ 57%] Built target advrobotics_lab3_interfaces__rosidl_typesupport_c
[0.081s] [ 57%] Built target advrobotics_lab3_interfaces__rosidl_typesupport_fastrtps_cpp
[0.081s] [ 65%] Built target advrobotics_lab3_interfaces__rosidl_typesupport_introspection_cpp
[0.081s] [ 65%] Built target advrobotics_lab3_interfaces__rosidl_typesupport_introspection_c
[0.083s] [ 76%] Built target advrobotics_lab3_interfaces__rosidl_typesupport_fastrtps_c
[0.102s] [ 76%] Built target advrobotics_lab3_interfaces
[0.122s] [ 78%] Built target advrobotics_lab3_interfaces__py
[0.147s] [ 87%] Built target advrobotics_lab3_interfaces__rosidl_generator_py
[0.166s] [ 95%] Built target advrobotics_lab3_interfaces__rosidl_typesupport_fastrtps_c__pyext
[0.166s] [ 95%] Built target advrobotics_lab3_interfaces__rosidl_typesupport_introspection_c__pyext
[0.167s] [100%] Built target advrobotics_lab3_interfaces__rosidl_typesupport_c__pyext
[0.270s] running egg_info
[0.289s] writing advrobotics_lab3_interfaces.egg-info/PKG-INFO
[0.289s] writing dependency_links to advrobotics_lab3_interfaces.egg-info/dependency_links.txt
[0.289s] writing top-level names to advrobotics_lab3_interfaces.egg-info/top_level.txt
[0.344s] reading manifest file 'advrobotics_lab3_interfaces.egg-info/SOURCES.txt'
[0.345s] writing manifest file 'advrobotics_lab3_interfaces.egg-info/SOURCES.txt'
[0.367s] [100%] Built target ament_cmake_python_build_advrobotics_lab3_interfaces_egg
[0.375s] Invoked command in '/home/panha/Building_A_Tower_Arm_Robot/build/advrobotics_lab3_interfaces' returned '0': CMAKE_PREFIX_PATH=${CMAKE_PREFIX_PATH}:/home/panha/ws_moveit/install/moveit_configs_utils:/home/panha/ws_moveit/install/launch_param_builder:/home/panha/mushroom_ws_V2/install/py_mushroom_control:/home/panha/turtlebot3_ws/install/turtlebot3_teleop:/home/panha/turtlebot3_ws/install/turtlebot3_example:/opt/ros/humble /usr/bin/cmake --build /home/panha/Building_A_Tower_Arm_Robot/build/advrobotics_lab3_interfaces -- -j16 -l16
[0.382s] Invoking command in '/home/panha/Building_A_Tower_Arm_Robot/build/advrobotics_lab3_interfaces': CMAKE_PREFIX_PATH=${CMAKE_PREFIX_PATH}:/home/panha/ws_moveit/install/moveit_configs_utils:/home/panha/ws_moveit/install/launch_param_builder:/home/panha/mushroom_ws_V2/install/py_mushroom_control:/home/panha/turtlebot3_ws/install/turtlebot3_teleop:/home/panha/turtlebot3_ws/install/turtlebot3_example:/opt/ros/humble /usr/bin/cmake --install /home/panha/Building_A_Tower_Arm_Robot/build/advrobotics_lab3_interfaces
[0.387s] -- Install configuration: ""
[0.387s] -- Up-to-date: /home/panha/Building_A_Tower_Arm_Robot/install/advrobotics_lab3_interfaces/share/ament_index/resource_index/rosidl_interfaces/advrobotics_lab3_interfaces
[0.387s] -- Up-to-date: /home/panha/Building_A_Tower_Arm_Robot/install/advrobotics_lab3_interfaces/include/advrobotics_lab3_interfaces/advrobotics_lab3_interfaces
[0.387s] -- Up-to-date: /home/panha/Building_A_Tower_Arm_Robot/install/advrobotics_lab3_interfaces/include/advrobotics_lab3_interfaces/advrobotics_lab3_interfaces/msg
[0.388s] -- Up-to-date: /home/panha/Building_A_Tower_Arm_Robot/install/advrobotics_lab3_interfaces/include/advrobotics_lab3_interfaces/advrobotics_lab3_interfaces/msg/gripper.h
[0.388s] -- Up-to-date: /home/panha/Building_A_Tower_Arm_Robot/install/advrobotics_lab3_interfaces/include/advrobotics_lab3_interfaces/advrobotics_lab3_interfaces/msg/joints.h
[0.388s] -- Up-to-date: /home/panha/Building_A_Tower_Arm_Robot/install/advrobotics_lab3_interfaces/include/advrobotics_lab3_interfaces/advrobotics_lab3_interfaces/msg/detail
[0.388s] -- Up-to-date: /home/panha/Building_A_Tower_Arm_Robot/install/advrobotics_lab3_interfaces/include/advrobotics_lab3_interfaces/advrobotics_lab3_interfaces/msg/detail/gripper__type_support.h
[0.388s] -- Up-to-date: /home/panha/Building_A_Tower_Arm_Robot/install/advrobotics_lab3_interfaces/include/advrobotics_lab3_interfaces/advrobotics_lab3_interfaces/msg/detail/joints__type_support.h
[0.388s] -- Up-to-date: /home/panha/Building_A_Tower_Arm_Robot/install/advrobotics_lab3_interfaces/include/advrobotics_lab3_interfaces/advrobotics_lab3_interfaces/msg/detail/joints__struct.h
[0.388s] -- Up-to-date: /home/panha/Building_A_Tower_Arm_Robot/install/advrobotics_lab3_interfaces/include/advrobotics_lab3_interfaces/advrobotics_lab3_interfaces/msg/detail/joints__functions.c
[0.388s] -- Up-to-date: /home/panha/Building_A_Tower_Arm_Robot/install/advrobotics_lab3_interfaces/include/advrobotics_lab3_interfaces/advrobotics_lab3_interfaces/msg/detail/joints__functions.h
[0.388s] -- Up-to-date: /home/panha/Building_A_Tower_Arm_Robot/install/advrobotics_lab3_interfaces/include/advrobotics_lab3_interfaces/advrobotics_lab3_interfaces/msg/detail/gripper__struct.h
[0.388s] -- Up-to-date: /home/panha/Building_A_Tower_Arm_Robot/install/advrobotics_lab3_interfaces/include/advrobotics_lab3_interfaces/advrobotics_lab3_interfaces/msg/detail/gripper__functions.c
[0.388s] -- Up-to-date: /home/panha/Building_A_Tower_Arm_Robot/install/advrobotics_lab3_interfaces/include/advrobotics_lab3_interfaces/advrobotics_lab3_interfaces/msg/detail/gripper__functions.h
[0.388s] -- Up-to-date: /home/panha/Building_A_Tower_Arm_Robot/install/advrobotics_lab3_interfaces/include/advrobotics_lab3_interfaces/advrobotics_lab3_interfaces/msg/rosidl_generator_c__visibility_control.h
[0.389s] -- Up-to-date: /home/panha/Building_A_Tower_Arm_Robot/install/advrobotics_lab3_interfaces/include/advrobotics_lab3_interfaces/advrobotics_lab3_interfaces/srv
[0.389s] -- Up-to-date: /home/panha/Building_A_Tower_Arm_Robot/install/advrobotics_lab3_interfaces/include/advrobotics_lab3_interfaces/advrobotics_lab3_interfaces/srv/invkin.h
[0.389s] -- Up-to-date: /home/panha/Building_A_Tower_Arm_Robot/install/advrobotics_lab3_interfaces/include/advrobotics_lab3_interfaces/advrobotics_lab3_interfaces/srv/detail
[0.389s] -- Up-to-date: /home/panha/Building_A_Tower_Arm_Robot/install/advrobotics_lab3_interfaces/include/advrobotics_lab3_interfaces/advrobotics_lab3_interfaces/srv/detail/invkin__functions.h
[0.389s] -- Up-to-date: /home/panha/Building_A_Tower_Arm_Robot/install/advrobotics_lab3_interfaces/include/advrobotics_lab3_interfaces/advrobotics_lab3_interfaces/srv/detail/invkin__struct.h
[0.389s] -- Up-to-date: /home/panha/Building_A_Tower_Arm_Robot/install/advrobotics_lab3_interfaces/include/advrobotics_lab3_interfaces/advrobotics_lab3_interfaces/srv/detail/invkin__type_support.h
[0.389s] -- Up-to-date: /home/panha/Building_A_Tower_Arm_Robot/install/advrobotics_lab3_interfaces/include/advrobotics_lab3_interfaces/advrobotics_lab3_interfaces/srv/detail/invkin__functions.c
[0.389s] -- Up-to-date: /home/panha/Building_A_Tower_Arm_Robot/install/advrobotics_lab3_interfaces/share/advrobotics_lab3_interfaces/environment/library_path.sh
[0.389s] -- Up-to-date: /home/panha/Building_A_Tower_Arm_Robot/install/advrobotics_lab3_interfaces/share/advrobotics_lab3_interfaces/environment/library_path.dsv
[0.389s] -- Up-to-date: /home/panha/Building_A_Tower_Arm_Robot/install/advrobotics_lab3_interfaces/lib/libadvrobotics_lab3_interfaces__rosidl_generator_c.so
[0.389s] -- Up-to-date: /home/panha/Building_A_Tower_Arm_Robot/install/advrobotics_lab3_interfaces/include/advrobotics_lab3_interfaces/advrobotics_lab3_interfaces
[0.389s] -- Up-to-date: /home/panha/Building_A_Tower_Arm_Robot/install/advrobotics_lab3_interfaces/include/advrobotics_lab3_interfaces/advrobotics_lab3_interfaces/msg
[0.390s] -- Up-to-date: /home/panha/Building_A_Tower_Arm_Robot/install/advrobotics_lab3_interfaces/include/advrobotics_lab3_interfaces/advrobotics_lab3_interfaces/msg/detail
[0.390s] -- Up-to-date: /home/panha/Building_A_Tower_Arm_Robot/install/advrobotics_lab3_interfaces/include/advrobotics_lab3_interfaces/advrobotics_lab3_interfaces/msg/detail/gripper__rosidl_typesupport_fastrtps_c.h
[0.390s] -- Up-to-date: /home/panha/Building_A_Tower_Arm_Robot/install/advrobotics_lab3_interfaces/include/advrobotics_lab3_interfaces/advrobotics_lab3_interfaces/msg/detail/joints__rosidl_typesupport_fastrtps_c.h
[0.390s] -- Up-to-date: /home/panha/Building_A_Tower_Arm_Robot/install/advrobotics_lab3_interfaces/include/advrobotics_lab3_interfaces/advrobotics_lab3_interfaces/msg/rosidl_typesupport_fastrtps_c__visibility_control.h
[0.390s] -- Up-to-date: /home/panha/Building_A_Tower_Arm_Robot/install/advrobotics_lab3_interfaces/include/advrobotics_lab3_interfaces/advrobotics_lab3_interfaces/srv
[0.390s] -- Up-to-date: /home/panha/Building_A_Tower_Arm_Robot/install/advrobotics_lab3_interfaces/include/advrobotics_lab3_interfaces/advrobotics_lab3_interfaces/srv/detail
[0.390s] -- Up-to-date: /home/panha/Building_A_Tower_Arm_Robot/install/advrobotics_lab3_interfaces/include/advrobotics_lab3_interfaces/advrobotics_lab3_interfaces/srv/detail/invkin__rosidl_typesupport_fastrtps_c.h
[0.390s] -- Up-to-date: /home/panha/Building_A_Tower_Arm_Robot/install/advrobotics_lab3_interfaces/lib/libadvrobotics_lab3_interfaces__rosidl_typesupport_fastrtps_c.so
[0.390s] -- Up-to-date: /home/panha/Building_A_Tower_Arm_Robot/install/advrobotics_lab3_interfaces/include/advrobotics_lab3_interfaces/advrobotics_lab3_interfaces
[0.390s] -- Up-to-date: /home/panha/Building_A_Tower_Arm_Robot/install/advrobotics_lab3_interfaces/include/advrobotics_lab3_interfaces/advrobotics_lab3_interfaces/msg
[0.390s] -- Up-to-date: /home/panha/Building_A_Tower_Arm_Robot/install/advrobotics_lab3_interfaces/include/advrobotics_lab3_interfaces/advrobotics_lab3_interfaces/msg/joints.hpp
[0.391s] -- Up-to-date: /home/panha/Building_A_Tower_Arm_Robot/install/advrobotics_lab3_interfaces/include/advrobotics_lab3_interfaces/advrobotics_lab3_interfaces/msg/detail
[0.391s] -- Up-to-date: /home/panha/Building_A_Tower_Arm_Robot/install/advrobotics_lab3_interfaces/include/advrobotics_lab3_interfaces/advrobotics_lab3_interfaces/msg/detail/gripper__struct.hpp
[0.391s] -- Up-to-date: /home/panha/Building_A_Tower_Arm_Robot/install/advrobotics_lab3_interfaces/include/advrobotics_lab3_interfaces/advrobotics_lab3_interfaces/msg/detail/joints__traits.hpp
[0.391s] -- Up-to-date: /home/panha/Building_A_Tower_Arm_Robot/install/advrobotics_lab3_interfaces/include/advrobotics_lab3_interfaces/advrobotics_lab3_interfaces/msg/detail/joints__builder.hpp
[0.391s] -- Up-to-date: /home/panha/Building_A_Tower_Arm_Robot/install/advrobotics_lab3_interfaces/include/advrobotics_lab3_interfaces/advrobotics_lab3_interfaces/msg/detail/gripper__builder.hpp
[0.391s] -- Up-to-date: /home/panha/Building_A_Tower_Arm_Robot/install/advrobotics_lab3_interfaces/include/advrobotics_lab3_interfaces/advrobotics_lab3_interfaces/msg/detail/gripper__traits.hpp
[0.391s] -- Up-to-date: /home/panha/Building_A_Tower_Arm_Robot/install/advrobotics_lab3_interfaces/include/advrobotics_lab3_interfaces/advrobotics_lab3_interfaces/msg/detail/gripper__type_support.hpp
[0.391s] -- Up-to-date: /home/panha/Building_A_Tower_Arm_Robot/install/advrobotics_lab3_interfaces/include/advrobotics_lab3_interfaces/advrobotics_lab3_interfaces/msg/detail/joints__type_support.hpp
[0.391s] -- Up-to-date: /home/panha/Building_A_Tower_Arm_Robot/install/advrobotics_lab3_interfaces/include/advrobotics_lab3_interfaces/advrobotics_lab3_interfaces/msg/detail/joints__struct.hpp
[0.391s] -- Up-to-date: /home/panha/Building_A_Tower_Arm_Robot/install/advrobotics_lab3_interfaces/include/advrobotics_lab3_interfaces/advrobotics_lab3_interfaces/msg/gripper.hpp
[0.391s] -- Up-to-date: /home/panha/Building_A_Tower_Arm_Robot/install/advrobotics_lab3_interfaces/include/advrobotics_lab3_interfaces/advrobotics_lab3_interfaces/msg/rosidl_generator_cpp__visibility_control.hpp
[0.391s] -- Up-to-date: /home/panha/Building_A_Tower_Arm_Robot/install/advrobotics_lab3_interfaces/include/advrobotics_lab3_interfaces/advrobotics_lab3_interfaces/srv
[0.391s] -- Up-to-date: /home/panha/Building_A_Tower_Arm_Robot/install/advrobotics_lab3_interfaces/include/advrobotics_lab3_interfaces/advrobotics_lab3_interfaces/srv/invkin.hpp
[0.391s] -- Up-to-date: /home/panha/Building_A_Tower_Arm_Robot/install/advrobotics_lab3_interfaces/include/advrobotics_lab3_interfaces/advrobotics_lab3_interfaces/srv/detail
[0.391s] -- Up-to-date: /home/panha/Building_A_Tower_Arm_Robot/install/advrobotics_lab3_interfaces/include/advrobotics_lab3_interfaces/advrobotics_lab3_interfaces/srv/detail/invkin__traits.hpp
[0.391s] -- Up-to-date: /home/panha/Building_A_Tower_Arm_Robot/install/advrobotics_lab3_interfaces/include/advrobotics_lab3_interfaces/advrobotics_lab3_interfaces/srv/detail/invkin__builder.hpp
[0.391s] -- Up-to-date: /home/panha/Building_A_Tower_Arm_Robot/install/advrobotics_lab3_interfaces/include/advrobotics_lab3_interfaces/advrobotics_lab3_interfaces/srv/detail/invkin__struct.hpp
[0.391s] -- Up-to-date: /home/panha/Building_A_Tower_Arm_Robot/install/advrobotics_lab3_interfaces/include/advrobotics_lab3_interfaces/advrobotics_lab3_interfaces/srv/detail/invkin__type_support.hpp
[0.391s] -- Up-to-date: /home/panha/Building_A_Tower_Arm_Robot/install/advrobotics_lab3_interfaces/include/advrobotics_lab3_interfaces/advrobotics_lab3_interfaces
[0.391s] -- Up-to-date: /home/panha/Building_A_Tower_Arm_Robot/install/advrobotics_lab3_interfaces/include/advrobotics_lab3_interfaces/advrobotics_lab3_interfaces/msg
[0.391s] -- Up-to-date: /home/panha/Building_A_Tower_Arm_Robot/install/advrobotics_lab3_interfaces/include/advrobotics_lab3_interfaces/advrobotics_lab3_interfaces/msg/detail
[0.391s] -- Up-to-date: /home/panha/Building_A_Tower_Arm_Robot/install/advrobotics_lab3_interfaces/include/advrobotics_lab3_interfaces/advrobotics_lab3_interfaces/msg/detail/dds_fastrtps
[0.391s] -- Up-to-date: /home/panha/Building_A_Tower_Arm_Robot/install/advrobotics_lab3_interfaces/include/advrobotics_lab3_interfaces/advrobotics_lab3_interfaces/msg/detail/joints__rosidl_typesupport_fastrtps_cpp.hpp
[0.391s] -- Up-to-date: /home/panha/Building_A_Tower_Arm_Robot/install/advrobotics_lab3_interfaces/include/advrobotics_lab3_interfaces/advrobotics_lab3_interfaces/msg/detail/gripper__rosidl_typesupport_fastrtps_cpp.hpp
[0.391s] -- Up-to-date: /home/panha/Building_A_Tower_Arm_Robot/install/advrobotics_lab3_interfaces/include/advrobotics_lab3_interfaces/advrobotics_lab3_interfaces/msg/rosidl_typesupport_fastrtps_cpp__visibility_control.h
[0.392s] -- Up-to-date: /home/panha/Building_A_Tower_Arm_Robot/install/advrobotics_lab3_interfaces/include/advrobotics_lab3_interfaces/advrobotics_lab3_interfaces/srv
[0.392s] -- Up-to-date: /home/panha/Building_A_Tower_Arm_Robot/install/advrobotics_lab3_interfaces/include/advrobotics_lab3_interfaces/advrobotics_lab3_interfaces/srv/detail
[0.392s] -- Up-to-date: /home/panha/Building_A_Tower_Arm_Robot/install/advrobotics_lab3_interfaces/include/advrobotics_lab3_interfaces/advrobotics_lab3_interfaces/srv/detail/dds_fastrtps
[0.392s] -- Up-to-date: /home/panha/Building_A_Tower_Arm_Robot/install/advrobotics_lab3_interfaces/include/advrobotics_lab3_interfaces/advrobotics_lab3_interfaces/srv/detail/invkin__rosidl_typesupport_fastrtps_cpp.hpp
[0.392s] -- Up-to-date: /home/panha/Building_A_Tower_Arm_Robot/install/advrobotics_lab3_interfaces/lib/libadvrobotics_lab3_interfaces__rosidl_typesupport_fastrtps_cpp.so
[0.392s] -- Up-to-date: /home/panha/Building_A_Tower_Arm_Robot/install/advrobotics_lab3_interfaces/include/advrobotics_lab3_interfaces/advrobotics_lab3_interfaces
[0.392s] -- Up-to-date: /home/panha/Building_A_Tower_Arm_Robot/install/advrobotics_lab3_interfaces/include/advrobotics_lab3_interfaces/advrobotics_lab3_interfaces/msg
[0.392s] -- Up-to-date: /home/panha/Building_A_Tower_Arm_Robot/install/advrobotics_lab3_interfaces/include/advrobotics_lab3_interfaces/advrobotics_lab3_interfaces/msg/detail
[0.392s] -- Up-to-date: /home/panha/Building_A_Tower_Arm_Robot/install/advrobotics_lab3_interfaces/include/advrobotics_lab3_interfaces/advrobotics_lab3_interfaces/msg/detail/joints__type_support.c
[0.392s] -- Up-to-date: /home/panha/Building_A_Tower_Arm_Robot/install/advrobotics_lab3_interfaces/include/advrobotics_lab3_interfaces/advrobotics_lab3_interfaces/msg/detail/joints__rosidl_typesupport_introspection_c.h
[0.392s] -- Up-to-date: /home/panha/Building_A_Tower_Arm_Robot/install/advrobotics_lab3_interfaces/include/advrobotics_lab3_interfaces/advrobotics_lab3_interfaces/msg/detail/gripper__type_support.c
[0.392s] -- Up-to-date: /home/panha/Building_A_Tower_Arm_Robot/install/advrobotics_lab3_interfaces/include/advrobotics_lab3_interfaces/advrobotics_lab3_interfaces/msg/detail/gripper__rosidl_typesupport_introspection_c.h
[0.392s] -- Up-to-date: /home/panha/Building_A_Tower_Arm_Robot/install/advrobotics_lab3_interfaces/include/advrobotics_lab3_interfaces/advrobotics_lab3_interfaces/msg/rosidl_typesupport_introspection_c__visibility_control.h
[0.392s] -- Up-to-date: /home/panha/Building_A_Tower_Arm_Robot/install/advrobotics_lab3_interfaces/include/advrobotics_lab3_interfaces/advrobotics_lab3_interfaces/srv
[0.392s] -- Up-to-date: /home/panha/Building_A_Tower_Arm_Robot/install/advrobotics_lab3_interfaces/include/advrobotics_lab3_interfaces/advrobotics_lab3_interfaces/srv/detail
[0.392s] -- Up-to-date: /home/panha/Building_A_Tower_Arm_Robot/install/advrobotics_lab3_interfaces/include/advrobotics_lab3_interfaces/advrobotics_lab3_interfaces/srv/detail/invkin__rosidl_typesupport_introspection_c.h
[0.392s] -- Up-to-date: /home/panha/Building_A_Tower_Arm_Robot/install/advrobotics_lab3_interfaces/include/advrobotics_lab3_interfaces/advrobotics_lab3_interfaces/srv/detail/invkin__type_support.c
[0.392s] -- Up-to-date: /home/panha/Building_A_Tower_Arm_Robot/install/advrobotics_lab3_interfaces/lib/libadvrobotics_lab3_interfaces__rosidl_typesupport_introspection_c.so
[0.392s] -- Up-to-date: /home/panha/Building_A_Tower_Arm_Robot/install/advrobotics_lab3_interfaces/lib/libadvrobotics_lab3_interfaces__rosidl_typesupport_c.so
[0.392s] -- Up-to-date: /home/panha/Building_A_Tower_Arm_Robot/install/advrobotics_lab3_interfaces/include/advrobotics_lab3_interfaces/advrobotics_lab3_interfaces
[0.392s] -- Up-to-date: /home/panha/Building_A_Tower_Arm_Robot/install/advrobotics_lab3_interfaces/include/advrobotics_lab3_interfaces/advrobotics_lab3_interfaces/msg
[0.392s] -- Up-to-date: /home/panha/Building_A_Tower_Arm_Robot/install/advrobotics_lab3_interfaces/include/advrobotics_lab3_interfaces/advrobotics_lab3_interfaces/msg/detail
[0.392s] -- Up-to-date: /home/panha/Building_A_Tower_Arm_Robot/install/advrobotics_lab3_interfaces/include/advrobotics_lab3_interfaces/advrobotics_lab3_interfaces/msg/detail/gripper__type_support.cpp
[0.392s] -- Up-to-date: /home/panha/Building_A_Tower_Arm_Robot/install/advrobotics_lab3_interfaces/include/advrobotics_lab3_interfaces/advrobotics_lab3_interfaces/msg/detail/gripper__rosidl_typesupport_introspection_cpp.hpp
[0.392s] -- Up-to-date: /home/panha/Building_A_Tower_Arm_Robot/install/advrobotics_lab3_interfaces/include/advrobotics_lab3_interfaces/advrobotics_lab3_interfaces/msg/detail/joints__rosidl_typesupport_introspection_cpp.hpp
[0.392s] -- Up-to-date: /home/panha/Building_A_Tower_Arm_Robot/install/advrobotics_lab3_interfaces/include/advrobotics_lab3_interfaces/advrobotics_lab3_interfaces/msg/detail/joints__type_support.cpp
[0.392s] -- Up-to-date: /home/panha/Building_A_Tower_Arm_Robot/install/advrobotics_lab3_interfaces/include/advrobotics_lab3_interfaces/advrobotics_lab3_interfaces/srv
[0.392s] -- Up-to-date: /home/panha/Building_A_Tower_Arm_Robot/install/advrobotics_lab3_interfaces/include/advrobotics_lab3_interfaces/advrobotics_lab3_interfaces/srv/detail
[0.393s] -- Up-to-date: /home/panha/Building_A_Tower_Arm_Robot/install/advrobotics_lab3_interfaces/include/advrobotics_lab3_interfaces/advrobotics_lab3_interfaces/srv/detail/invkin__rosidl_typesupport_introspection_cpp.hpp
[0.393s] -- Up-to-date: /home/panha/Building_A_Tower_Arm_Robot/install/advrobotics_lab3_interfaces/include/advrobotics_lab3_interfaces/advrobotics_lab3_interfaces/srv/detail/invkin__type_support.cpp
[0.393s] -- Up-to-date: /home/panha/Building_A_Tower_Arm_Robot/install/advrobotics_lab3_interfaces/lib/libadvrobotics_lab3_interfaces__rosidl_typesupport_introspection_cpp.so
[0.393s] -- Up-to-date: /home/panha/Building_A_Tower_Arm_Robot/install/advrobotics_lab3_interfaces/lib/libadvrobotics_lab3_interfaces__rosidl_typesupport_cpp.so
[0.393s] -- Up-to-date: /home/panha/Building_A_Tower_Arm_Robot/install/advrobotics_lab3_interfaces/share/advrobotics_lab3_interfaces/environment/pythonpath.sh
[0.393s] -- Up-to-date: /home/panha/Building_A_Tower_Arm_Robot/install/advrobotics_lab3_interfaces/share/advrobotics_lab3_interfaces/environment/pythonpath.dsv
[0.393s] -- Up-to-date: /home/panha/Building_A_Tower_Arm_Robot/install/advrobotics_lab3_interfaces/local/lib/python3.10/dist-packages/advrobotics_lab3_interfaces-0.0.0-py3.10.egg-info
[0.393s] -- Installing: /home/panha/Building_A_Tower_Arm_Robot/install/advrobotics_lab3_interfaces/local/lib/python3.10/dist-packages/advrobotics_lab3_interfaces-0.0.0-py3.10.egg-info/dependency_links.txt
[0.393s] -- Installing: /home/panha/Building_A_Tower_Arm_Robot/install/advrobotics_lab3_interfaces/local/lib/python3.10/dist-packages/advrobotics_lab3_interfaces-0.0.0-py3.10.egg-info/PKG-INFO
[0.393s] -- Installing: /home/panha/Building_A_Tower_Arm_Robot/install/advrobotics_lab3_interfaces/local/lib/python3.10/dist-packages/advrobotics_lab3_interfaces-0.0.0-py3.10.egg-info/top_level.txt
[0.393s] -- Installing: /home/panha/Building_A_Tower_Arm_Robot/install/advrobotics_lab3_interfaces/local/lib/python3.10/dist-packages/advrobotics_lab3_interfaces-0.0.0-py3.10.egg-info/SOURCES.txt
[0.393s] -- Up-to-date: /home/panha/Building_A_Tower_Arm_Robot/install/advrobotics_lab3_interfaces/local/lib/python3.10/dist-packages/advrobotics_lab3_interfaces
[0.393s] -- Up-to-date: /home/panha/Building_A_Tower_Arm_Robot/install/advrobotics_lab3_interfaces/local/lib/python3.10/dist-packages/advrobotics_lab3_interfaces/__init__.py
[0.393s] -- Up-to-date: /home/panha/Building_A_Tower_Arm_Robot/install/advrobotics_lab3_interfaces/local/lib/python3.10/dist-packages/advrobotics_lab3_interfaces/advrobotics_lab3_interfaces_s__rosidl_typesupport_fastrtps_c.cpython-310-x86_64-linux-gnu.so
[0.393s] -- Up-to-date: /home/panha/Building_A_Tower_Arm_Robot/install/advrobotics_lab3_interfaces/local/lib/python3.10/dist-packages/advrobotics_lab3_interfaces/_advrobotics_lab3_interfaces_s.ep.rosidl_typesupport_introspection_c.c
[0.393s] -- Up-to-date: /home/panha/Building_A_Tower_Arm_Robot/install/advrobotics_lab3_interfaces/local/lib/python3.10/dist-packages/advrobotics_lab3_interfaces/_advrobotics_lab3_interfaces_s.ep.rosidl_typesupport_c.c
[0.393s] -- Up-to-date: /home/panha/Building_A_Tower_Arm_Robot/install/advrobotics_lab3_interfaces/local/lib/python3.10/dist-packages/advrobotics_lab3_interfaces/libadvrobotics_lab3_interfaces__rosidl_generator_py.so
[0.393s] -- Up-to-date: /home/panha/Building_A_Tower_Arm_Robot/install/advrobotics_lab3_interfaces/local/lib/python3.10/dist-packages/advrobotics_lab3_interfaces/advrobotics_lab3_interfaces_s__rosidl_typesupport_introspection_c.cpython-310-x86_64-linux-gnu.so
[0.393s] -- Up-to-date: /home/panha/Building_A_Tower_Arm_Robot/install/advrobotics_lab3_interfaces/local/lib/python3.10/dist-packages/advrobotics_lab3_interfaces/msg
[0.393s] -- Up-to-date: /home/panha/Building_A_Tower_Arm_Robot/install/advrobotics_lab3_interfaces/local/lib/python3.10/dist-packages/advrobotics_lab3_interfaces/msg/__init__.py
[0.393s] -- Up-to-date: /home/panha/Building_A_Tower_Arm_Robot/install/advrobotics_lab3_interfaces/local/lib/python3.10/dist-packages/advrobotics_lab3_interfaces/msg/_gripper_s.c
[0.393s] -- Up-to-date: /home/panha/Building_A_Tower_Arm_Robot/install/advrobotics_lab3_interfaces/local/lib/python3.10/dist-packages/advrobotics_lab3_interfaces/msg/_gripper.py
[0.393s] -- Up-to-date: /home/panha/Building_A_Tower_Arm_Robot/install/advrobotics_lab3_interfaces/local/lib/python3.10/dist-packages/advrobotics_lab3_interfaces/msg/_joints_s.c
[0.393s] -- Up-to-date: /home/panha/Building_A_Tower_Arm_Robot/install/advrobotics_lab3_interfaces/local/lib/python3.10/dist-packages/advrobotics_lab3_interfaces/msg/_joints.py
[0.393s] -- Up-to-date: /home/panha/Building_A_Tower_Arm_Robot/install/advrobotics_lab3_interfaces/local/lib/python3.10/dist-packages/advrobotics_lab3_interfaces/_advrobotics_lab3_interfaces_s.ep.rosidl_typesupport_fastrtps_c.c
[0.393s] -- Up-to-date: /home/panha/Building_A_Tower_Arm_Robot/install/advrobotics_lab3_interfaces/local/lib/python3.10/dist-packages/advrobotics_lab3_interfaces/srv
[0.393s] -- Up-to-date: /home/panha/Building_A_Tower_Arm_Robot/install/advrobotics_lab3_interfaces/local/lib/python3.10/dist-packages/advrobotics_lab3_interfaces/srv/__init__.py
[0.393s] -- Up-to-date: /home/panha/Building_A_Tower_Arm_Robot/install/advrobotics_lab3_interfaces/local/lib/python3.10/dist-packages/advrobotics_lab3_interfaces/srv/_invkin.py
[0.393s] -- Up-to-date: /home/panha/Building_A_Tower_Arm_Robot/install/advrobotics_lab3_interfaces/local/lib/python3.10/dist-packages/advrobotics_lab3_interfaces/srv/_invkin_s.c
[0.393s] -- Up-to-date: /home/panha/Building_A_Tower_Arm_Robot/install/advrobotics_lab3_interfaces/local/lib/python3.10/dist-packages/advrobotics_lab3_interfaces/advrobotics_lab3_interfaces_s__rosidl_typesupport_c.cpython-310-x86_64-linux-gnu.so
[0.421s] Listing '/home/panha/Building_A_Tower_Arm_Robot/install/advrobotics_lab3_interfaces/local/lib/python3.10/dist-packages/advrobotics_lab3_interfaces'...
[0.421s] Listing '/home/panha/Building_A_Tower_Arm_Robot/install/advrobotics_lab3_interfaces/local/lib/python3.10/dist-packages/advrobotics_lab3_interfaces/msg'...
[0.421s] Listing '/home/panha/Building_A_Tower_Arm_Robot/install/advrobotics_lab3_interfaces/local/lib/python3.10/dist-packages/advrobotics_lab3_interfaces/srv'...
[0.424s] -- Up-to-date: /home/panha/Building_A_Tower_Arm_Robot/install/advrobotics_lab3_interfaces/local/lib/python3.10/dist-packages/advrobotics_lab3_interfaces/advrobotics_lab3_interfaces_s__rosidl_typesupport_fastrtps_c.cpython-310-x86_64-linux-gnu.so
[0.424s] -- Up-to-date: /home/panha/Building_A_Tower_Arm_Robot/install/advrobotics_lab3_interfaces/local/lib/python3.10/dist-packages/advrobotics_lab3_interfaces/advrobotics_lab3_interfaces_s__rosidl_typesupport_introspection_c.cpython-310-x86_64-linux-gnu.so
[0.425s] -- Up-to-date: /home/panha/Building_A_Tower_Arm_Robot/install/advrobotics_lab3_interfaces/local/lib/python3.10/dist-packages/advrobotics_lab3_interfaces/advrobotics_lab3_interfaces_s__rosidl_typesupport_c.cpython-310-x86_64-linux-gnu.so
[0.425s] -- Up-to-date: /home/panha/Building_A_Tower_Arm_Robot/install/advrobotics_lab3_interfaces/lib/libadvrobotics_lab3_interfaces__rosidl_generator_py.so
[0.425s] -- Up-to-date: /home/panha/Building_A_Tower_Arm_Robot/install/advrobotics_lab3_interfaces/share/advrobotics_lab3_interfaces/msg/Joints.idl
[0.425s] -- Up-to-date: /home/panha/Building_A_Tower_Arm_Robot/install/advrobotics_lab3_interfaces/share/advrobotics_lab3_interfaces/msg/Gripper.idl
[0.425s] -- Up-to-date: /home/panha/Building_A_Tower_Arm_Robot/install/advrobotics_lab3_interfaces/share/advrobotics_lab3_interfaces/srv/Invkin.idl
[0.425s] -- Up-to-date: /home/panha/Building_A_Tower_Arm_Robot/install/advrobotics_lab3_interfaces/share/advrobotics_lab3_interfaces/msg/Joints.msg
[0.425s] -- Up-to-date: /home/panha/Building_A_Tower_Arm_Robot/install/advrobotics_lab3_interfaces/share/advrobotics_lab3_interfaces/msg/Gripper.msg
[0.426s] -- Up-to-date: /home/panha/Building_A_Tower_Arm_Robot/install/advrobotics_lab3_interfaces/share/advrobotics_lab3_interfaces/srv/Invkin.srv
[0.426s] -- Up-to-date: /home/panha/Building_A_Tower_Arm_Robot/install/advrobotics_lab3_interfaces/share/advrobotics_lab3_interfaces/srv/Invkin_Request.msg
[0.426s] -- Up-to-date: /home/panha/Building_A_Tower_Arm_Robot/install/advrobotics_lab3_interfaces/share/advrobotics_lab3_interfaces/srv/Invkin_Response.msg
[0.426s] -- Up-to-date: /home/panha/Building_A_Tower_Arm_Robot/install/advrobotics_lab3_interfaces/share/ament_index/resource_index/package_run_dependencies/advrobotics_lab3_interfaces
[0.426s] -- Up-to-date: /home/panha/Building_A_Tower_Arm_Robot/install/advrobotics_lab3_interfaces/share/ament_index/resource_index/parent_prefix_path/advrobotics_lab3_interfaces
[0.426s] -- Up-to-date: /home/panha/Building_A_Tower_Arm_Robot/install/advrobotics_lab3_interfaces/share/advrobotics_lab3_interfaces/environment/ament_prefix_path.sh
[0.426s] -- Up-to-date: /home/panha/Building_A_Tower_Arm_Robot/install/advrobotics_lab3_interfaces/share/advrobotics_lab3_interfaces/environment/ament_prefix_path.dsv
[0.426s] -- Up-to-date: /home/panha/Building_A_Tower_Arm_Robot/install/advrobotics_lab3_interfaces/share/advrobotics_lab3_interfaces/environment/path.sh
[0.426s] -- Up-to-date: /home/panha/Building_A_Tower_Arm_Robot/install/advrobotics_lab3_interfaces/share/advrobotics_lab3_interfaces/environment/path.dsv
[0.426s] -- Up-to-date: /home/panha/Building_A_Tower_Arm_Robot/install/advrobotics_lab3_interfaces/share/advrobotics_lab3_interfaces/local_setup.bash
[0.426s] -- Up-to-date: /home/panha/Building_A_Tower_Arm_Robot/install/advrobotics_lab3_interfaces/share/advrobotics_lab3_interfaces/local_setup.sh
[0.426s] -- Up-to-date: /home/panha/Building_A_Tower_Arm_Robot/install/advrobotics_lab3_interfaces/share/advrobotics_lab3_interfaces/local_setup.zsh
[0.426s] -- Up-to-date: /home/panha/Building_A_Tower_Arm_Robot/install/advrobotics_lab3_interfaces/share/advrobotics_lab3_interfaces/local_setup.dsv
[0.426s] -- Installing: /home/panha/Building_A_Tower_Arm_Robot/install/advrobotics_lab3_interfaces/share/advrobotics_lab3_interfaces/package.dsv
[0.426s] -- Up-to-date: /home/panha/Building_A_Tower_Arm_Robot/install/advrobotics_lab3_interfaces/share/ament_index/resource_index/packages/advrobotics_lab3_interfaces
[0.426s] -- Up-to-date: /home/panha/Building_A_Tower_Arm_Robot/install/advrobotics_lab3_interfaces/share/advrobotics_lab3_interfaces/cmake/export_advrobotics_lab3_interfaces__rosidl_generator_cExport.cmake
[0.426s] -- Up-to-date: /home/panha/Building_A_Tower_Arm_Robot/install/advrobotics_lab3_interfaces/share/advrobotics_lab3_interfaces/cmake/export_advrobotics_lab3_interfaces__rosidl_generator_cExport-noconfig.cmake
[0.426s] -- Up-to-date: /home/panha/Building_A_Tower_Arm_Robot/install/advrobotics_lab3_interfaces/share/advrobotics_lab3_interfaces/cmake/export_advrobotics_lab3_interfaces__rosidl_typesupport_fastrtps_cExport.cmake
[0.426s] -- Up-to-date: /home/panha/Building_A_Tower_Arm_Robot/install/advrobotics_lab3_interfaces/share/advrobotics_lab3_interfaces/cmake/export_advrobotics_lab3_interfaces__rosidl_typesupport_fastrtps_cExport-noconfig.cmake
[0.426s] -- Up-to-date: /home/panha/Building_A_Tower_Arm_Robot/install/advrobotics_lab3_interfaces/share/advrobotics_lab3_interfaces/cmake/export_advrobotics_lab3_interfaces__rosidl_generator_cppExport.cmake
[0.427s] -- Up-to-date: /home/panha/Building_A_Tower_Arm_Robot/install/advrobotics_lab3_interfaces/share/advrobotics_lab3_interfaces/cmake/export_advrobotics_lab3_interfaces__rosidl_typesupport_fastrtps_cppExport.cmake
[0.427s] -- Up-to-date: /home/panha/Building_A_Tower_Arm_Robot/install/advrobotics_lab3_interfaces/share/advrobotics_lab3_interfaces/cmake/export_advrobotics_lab3_interfaces__rosidl_typesupport_fastrtps_cppExport-noconfig.cmake
[0.427s] -- Up-to-date: /home/panha/Building_A_Tower_Arm_Robot/install/advrobotics_lab3_interfaces/share/advrobotics_lab3_interfaces/cmake/advrobotics_lab3_interfaces__rosidl_typesupport_introspection_cExport.cmake
[0.427s] -- Up-to-date: /home/panha/Building_A_Tower_Arm_Robot/install/advrobotics_lab3_interfaces/share/advrobotics_lab3_interfaces/cmake/advrobotics_lab3_interfaces__rosidl_typesupport_introspection_cExport-noconfig.cmake
[0.427s] -- Up-to-date: /home/panha/Building_A_Tower_Arm_Robot/install/advrobotics_lab3_interfaces/share/advrobotics_lab3_interfaces/cmake/advrobotics_lab3_interfaces__rosidl_typesupport_cExport.cmake
[0.427s] -- Up-to-date: /home/panha/Building_A_Tower_Arm_Robot/install/advrobotics_lab3_interfaces/share/advrobotics_lab3_interfaces/cmake/advrobotics_lab3_interfaces__rosidl_typesupport_cExport-noconfig.cmake
[0.427s] -- Up-to-date: /home/panha/Building_A_Tower_Arm_Robot/install/advrobotics_lab3_interfaces/share/advrobotics_lab3_interfaces/cmake/advrobotics_lab3_interfaces__rosidl_typesupport_introspection_cppExport.cmake
[0.427s] -- Up-to-date: /home/panha/Building_A_Tower_Arm_Robot/install/advrobotics_lab3_interfaces/share/advrobotics_lab3_interfaces/cmake/advrobotics_lab3_interfaces__rosidl_typesupport_introspection_cppExport-noconfig.cmake
[0.427s] -- Up-to-date: /home/panha/Building_A_Tower_Arm_Robot/install/advrobotics_lab3_interfaces/share/advrobotics_lab3_interfaces/cmake/advrobotics_lab3_interfaces__rosidl_typesupport_cppExport.cmake
[0.427s] -- Up-to-date: /home/panha/Building_A_Tower_Arm_Robot/install/advrobotics_lab3_interfaces/share/advrobotics_lab3_interfaces/cmake/advrobotics_lab3_interfaces__rosidl_typesupport_cppExport-noconfig.cmake
[0.427s] -- Up-to-date: /home/panha/Building_A_Tower_Arm_Robot/install/advrobotics_lab3_interfaces/share/advrobotics_lab3_interfaces/cmake/export_advrobotics_lab3_interfaces__rosidl_generator_pyExport.cmake
[0.427s] -- Up-to-date: /home/panha/Building_A_Tower_Arm_Robot/install/advrobotics_lab3_interfaces/share/advrobotics_lab3_interfaces/cmake/export_advrobotics_lab3_interfaces__rosidl_generator_pyExport-noconfig.cmake
[0.427s] -- Up-to-date: /home/panha/Building_A_Tower_Arm_Robot/install/advrobotics_lab3_interfaces/share/advrobotics_lab3_interfaces/cmake/rosidl_cmake-extras.cmake
[0.427s] -- Up-to-date: /home/panha/Building_A_Tower_Arm_Robot/install/advrobotics_lab3_interfaces/share/advrobotics_lab3_interfaces/cmake/ament_cmake_export_dependencies-extras.cmake
[0.427s] -- Up-to-date: /home/panha/Building_A_Tower_Arm_Robot/install/advrobotics_lab3_interfaces/share/advrobotics_lab3_interfaces/cmake/ament_cmake_export_include_directories-extras.cmake
[0.427s] -- Up-to-date: /home/panha/Building_A_Tower_Arm_Robot/install/advrobotics_lab3_interfaces/share/advrobotics_lab3_interfaces/cmake/ament_cmake_export_libraries-extras.cmake
[0.427s] -- Up-to-date: /home/panha/Building_A_Tower_Arm_Robot/install/advrobotics_lab3_interfaces/share/advrobotics_lab3_interfaces/cmake/ament_cmake_export_targets-extras.cmake
[0.427s] -- Up-to-date: /home/panha/Building_A_Tower_Arm_Robot/install/advrobotics_lab3_interfaces/share/advrobotics_lab3_interfaces/cmake/rosidl_cmake_export_typesupport_targets-extras.cmake
[0.427s] -- Up-to-date: /home/panha/Building_A_Tower_Arm_Robot/install/advrobotics_lab3_interfaces/share/advrobotics_lab3_interfaces/cmake/rosidl_cmake_export_typesupport_libraries-extras.cmake
[0.427s] -- Up-to-date: /home/panha/Building_A_Tower_Arm_Robot/install/advrobotics_lab3_interfaces/share/advrobotics_lab3_interfaces/cmake/advrobotics_lab3_interfacesConfig.cmake
[0.427s] -- Up-to-date: /home/panha/Building_A_Tower_Arm_Robot/install/advrobotics_lab3_interfaces/share/advrobotics_lab3_interfaces/cmake/advrobotics_lab3_interfacesConfig-version.cmake
[0.427s] -- Up-to-date: /home/panha/Building_A_Tower_Arm_Robot/install/advrobotics_lab3_interfaces/share/advrobotics_lab3_interfaces/package.xml
[0.429s] Invoked command in '/home/panha/Building_A_Tower_Arm_Robot/build/advrobotics_lab3_interfaces' returned '0': CMAKE_PREFIX_PATH=${CMAKE_PREFIX_PATH}:/home/panha/ws_moveit/install/moveit_configs_utils:/home/panha/ws_moveit/install/launch_param_builder:/home/panha/mushroom_ws_V2/install/py_mushroom_control:/home/panha/turtlebot3_ws/install/turtlebot3_teleop:/home/panha/turtlebot3_ws/install/turtlebot3_example:/opt/ros/humble /usr/bin/cmake --install /home/panha/Building_A_Tower_Arm_Robot/build/advrobotics_lab3_interfaces
