-- The C compiler identification is GNU 11.4.0
-- The CXX compiler identification is GNU 11.4.0
-- Detecting C compiler ABI info
-- Detecting C compiler ABI info - done
-- Check for working C compiler: /usr/bin/cc - skipped
-- Detecting C compile features
-- Detecting C compile features - done
-- Detecting CXX compiler ABI info
-- Detecting CXX compiler ABI info - done
-- Check for working CXX compiler: /usr/bin/c++ - skipped
-- Detecting CXX compile features
-- Detecting CXX compile features - done
-- Found ament_cmake: 1.3.12 (/opt/ros/humble/share/ament_cmake/cmake)
-- Found Python3: /usr/bin/python3 (found version "3.10.12") found components: Interpreter 
-- Found rclcpp: 16.0.15 (/opt/ros/humble/share/rclcpp/cmake)
-- Found rosidl_generator_c: 3.1.7 (/opt/ros/humble/share/rosidl_generator_c/cmake)
-- Found rosidl_adapter: 3.1.7 (/opt/ros/humble/share/rosidl_adapter/cmake)
-- Found rosidl_generator_cpp: 3.1.7 (/opt/ros/humble/share/rosidl_generator_cpp/cmake)
-- Using all available rosidl_typesupport_c: rosidl_typesupport_fastrtps_c;rosidl_typesupport_introspection_c
-- Using all available rosidl_typesupport_cpp: rosidl_typesupport_fastrtps_cpp;rosidl_typesupport_introspection_cpp
-- Found rmw_implementation_cmake: 6.1.2 (/opt/ros/humble/share/rmw_implementation_cmake/cmake)
-- Found rmw_cyclonedds_cpp: 1.3.4 (/opt/ros/humble/share/rmw_cyclonedds_cpp/cmake)
-- Using RMW implementation 'rmw_cyclonedds_cpp' as default
-- Performing Test CMAKE_HAVE_LIBC_PTHREAD
-- Performing Test CMAKE_HAVE_LIBC_PTHREAD - Success
-- Found Threads: TRUE  
-- Found advrobotics_lab3_interfaces: 0.0.0 (/home/panha/Building_A_Tower_Arm_Robot/install/advrobotics_lab3_interfaces/share/advrobotics_lab3_interfaces/cmake)
-- Found ament_lint_auto: 0.12.14 (/opt/ros/humble/share/ament_lint_auto/cmake)
-- Added test 'cppcheck' to perform static code analysis on C / C++ code
-- Configured cppcheck include dirs: /home/panha/Building_A_Tower_Arm_Robot/src/advrobotics_lab3_ros2/include;/home/panha/Building_A_Tower_Arm_Robot/src/advrobotics_lab3_ros2/include/toolkit-dynamixel
-- Configured cppcheck exclude dirs and/or files: 
-- Added test 'lint_cmake' to check CMake code style
-- Added test 'uncrustify' to check C / C++ code style
-- Configured uncrustify additional arguments: 
-- Added test 'xmllint' to check XML markup files
-- Configuring done
-- Generating done
-- Build files have been written to: /home/panha/Building_A_Tower_Arm_Robot/build/advrobotics_lab3_ros2
[ 16%] [32mBuilding CXX object CMakeFiles/ik_server.dir/src/Kinematics.cpp.o[0m
[ 16%] [32mBuilding CXX object CMakeFiles/ik_client.dir/src/Kinematics.cpp.o[0m
[ 25%] [32mBuilding CXX object CMakeFiles/ik_server.dir/src/ik_server.cpp.o[0m
[ 33%] [32mBuilding CXX object CMakeFiles/ik_client.dir/src/ik_client.cpp.o[0m
[ 41%] [32mBuilding CXX object CMakeFiles/build_tower.dir/src/build_tower.cpp.o[0m
[ 50%] [32mBuilding CXX object CMakeFiles/build_tower.dir/src/Kinematics.cpp.o[0m
[ 58%] [32mBuilding CXX object CMakeFiles/poppy_core.dir/src/PoppyDriver.cpp.o[0m
[ 66%] [32mBuilding CXX object CMakeFiles/poppy_core.dir/src/toolkit-dynamixel/DynamixelHandler.cpp.o[0m
[ 75%] [32m[1mLinking CXX executable ik_server[0m
[ 75%] Built target ik_server
[ 83%] [32m[1mLinking CXX executable ik_client[0m
[ 83%] Built target ik_client
[ 91%] [32m[1mLinking CXX executable build_tower[0m
[ 91%] Built target build_tower
[100%] [32m[1mLinking CXX executable poppy_core[0m
[100%] Built target poppy_core
-- Install configuration: ""
-- Installing: /home/panha/Building_A_Tower_Arm_Robot/install/advrobotics_lab3_ros2/lib/advrobotics_lab3_ros2/ik_server
-- Set runtime path of "/home/panha/Building_A_Tower_Arm_Robot/install/advrobotics_lab3_ros2/lib/advrobotics_lab3_ros2/ik_server" to ""
-- Installing: /home/panha/Building_A_Tower_Arm_Robot/install/advrobotics_lab3_ros2/lib/advrobotics_lab3_ros2/ik_client
-- Set runtime path of "/home/panha/Building_A_Tower_Arm_Robot/install/advrobotics_lab3_ros2/lib/advrobotics_lab3_ros2/ik_client" to ""
-- Installing: /home/panha/Building_A_Tower_Arm_Robot/install/advrobotics_lab3_ros2/lib/advrobotics_lab3_ros2/build_tower
-- Set runtime path of "/home/panha/Building_A_Tower_Arm_Robot/install/advrobotics_lab3_ros2/lib/advrobotics_lab3_ros2/build_tower" to ""
-- Installing: /home/panha/Building_A_Tower_Arm_Robot/install/advrobotics_lab3_ros2/lib/advrobotics_lab3_ros2/poppy_core
-- Set runtime path of "/home/panha/Building_A_Tower_Arm_Robot/install/advrobotics_lab3_ros2/lib/advrobotics_lab3_ros2/poppy_core" to ""
-- Installing: /home/panha/Building_A_Tower_Arm_Robot/install/advrobotics_lab3_ros2/share/ament_index/resource_index/package_run_dependencies/advrobotics_lab3_ros2
-- Installing: /home/panha/Building_A_Tower_Arm_Robot/install/advrobotics_lab3_ros2/share/ament_index/resource_index/parent_prefix_path/advrobotics_lab3_ros2
-- Installing: /home/panha/Building_A_Tower_Arm_Robot/install/advrobotics_lab3_ros2/share/advrobotics_lab3_ros2/environment/ament_prefix_path.sh
-- Installing: /home/panha/Building_A_Tower_Arm_Robot/install/advrobotics_lab3_ros2/share/advrobotics_lab3_ros2/environment/ament_prefix_path.dsv
-- Installing: /home/panha/Building_A_Tower_Arm_Robot/install/advrobotics_lab3_ros2/share/advrobotics_lab3_ros2/environment/path.sh
-- Installing: /home/panha/Building_A_Tower_Arm_Robot/install/advrobotics_lab3_ros2/share/advrobotics_lab3_ros2/environment/path.dsv
-- Installing: /home/panha/Building_A_Tower_Arm_Robot/install/advrobotics_lab3_ros2/share/advrobotics_lab3_ros2/local_setup.bash
-- Installing: /home/panha/Building_A_Tower_Arm_Robot/install/advrobotics_lab3_ros2/share/advrobotics_lab3_ros2/local_setup.sh
-- Installing: /home/panha/Building_A_Tower_Arm_Robot/install/advrobotics_lab3_ros2/share/advrobotics_lab3_ros2/local_setup.zsh
-- Installing: /home/panha/Building_A_Tower_Arm_Robot/install/advrobotics_lab3_ros2/share/advrobotics_lab3_ros2/local_setup.dsv
-- Installing: /home/panha/Building_A_Tower_Arm_Robot/install/advrobotics_lab3_ros2/share/advrobotics_lab3_ros2/package.dsv
-- Installing: /home/panha/Building_A_Tower_Arm_Robot/install/advrobotics_lab3_ros2/share/ament_index/resource_index/packages/advrobotics_lab3_ros2
-- Installing: /home/panha/Building_A_Tower_Arm_Robot/install/advrobotics_lab3_ros2/share/advrobotics_lab3_ros2/cmake/advrobotics_lab3_ros2Config.cmake
-- Installing: /home/panha/Building_A_Tower_Arm_Robot/install/advrobotics_lab3_ros2/share/advrobotics_lab3_ros2/cmake/advrobotics_lab3_ros2Config-version.cmake
-- Installing: /home/panha/Building_A_Tower_Arm_Robot/install/advrobotics_lab3_ros2/share/advrobotics_lab3_ros2/package.xml
