[ 25%] Built target ik_server
[ 50%] Built target ik_client
[ 75%] Built target build_tower
[100%] Built target poppy_core
-- Install configuration: ""
-- Up-to-date: /home/panha/Building_A_Tower_Arm_Robot/install/advrobotics_lab3_ros2/lib/advrobotics_lab3_ros2/ik_server
-- Up-to-date: /home/panha/Building_A_Tower_Arm_Robot/install/advrobotics_lab3_ros2/lib/advrobotics_lab3_ros2/ik_client
-- Up-to-date: /home/panha/Building_A_Tower_Arm_Robot/install/advrobotics_lab3_ros2/lib/advrobotics_lab3_ros2/build_tower
-- Up-to-date: /home/panha/Building_A_Tower_Arm_Robot/install/advrobotics_lab3_ros2/lib/advrobotics_lab3_ros2/poppy_core
-- Up-to-date: /home/panha/Building_A_Tower_Arm_Robot/install/advrobotics_lab3_ros2/share/ament_index/resource_index/package_run_dependencies/advrobotics_lab3_ros2
-- Up-to-date: /home/panha/Building_A_Tower_Arm_Robot/install/advrobotics_lab3_ros2/share/ament_index/resource_index/parent_prefix_path/advrobotics_lab3_ros2
-- Up-to-date: /home/panha/Building_A_Tower_Arm_Robot/install/advrobotics_lab3_ros2/share/advrobotics_lab3_ros2/environment/ament_prefix_path.sh
-- Up-to-date: /home/panha/Building_A_Tower_Arm_Robot/install/advrobotics_lab3_ros2/share/advrobotics_lab3_ros2/environment/ament_prefix_path.dsv
-- Up-to-date: /home/panha/Building_A_Tower_Arm_Robot/install/advrobotics_lab3_ros2/share/advrobotics_lab3_ros2/environment/path.sh
-- Up-to-date: /home/panha/Building_A_Tower_Arm_Robot/install/advrobotics_lab3_ros2/share/advrobotics_lab3_ros2/environment/path.dsv
-- Up-to-date: /home/panha/Building_A_Tower_Arm_Robot/install/advrobotics_lab3_ros2/share/advrobotics_lab3_ros2/local_setup.bash
-- Up-to-date: /home/panha/Building_A_Tower_Arm_Robot/install/advrobotics_lab3_ros2/share/advrobotics_lab3_ros2/local_setup.sh
-- Up-to-date: /home/panha/Building_A_Tower_Arm_Robot/install/advrobotics_lab3_ros2/share/advrobotics_lab3_ros2/local_setup.zsh
-- Up-to-date: /home/panha/Building_A_Tower_Arm_Robot/install/advrobotics_lab3_ros2/share/advrobotics_lab3_ros2/local_setup.dsv
-- Installing: /home/panha/Building_A_Tower_Arm_Robot/install/advrobotics_lab3_ros2/share/advrobotics_lab3_ros2/package.dsv
-- Up-to-date: /home/panha/Building_A_Tower_Arm_Robot/install/advrobotics_lab3_ros2/share/ament_index/resource_index/packages/advrobotics_lab3_ros2
-- Up-to-date: /home/panha/Building_A_Tower_Arm_Robot/install/advrobotics_lab3_ros2/share/advrobotics_lab3_ros2/cmake/advrobotics_lab3_ros2Config.cmake
-- Up-to-date: /home/panha/Building_A_Tower_Arm_Robot/install/advrobotics_lab3_ros2/share/advrobotics_lab3_ros2/cmake/advrobotics_lab3_ros2Config-version.cmake
-- Up-to-date: /home/panha/Building_A_Tower_Arm_Robot/install/advrobotics_lab3_ros2/share/advrobotics_lab3_ros2/package.xml
