[0.173s] [34mcolcon[0m [1;30mDEBUG[0m [32mCommand line arguments: ['/usr/bin/colcon', 'build'][0m
[0.173s] [34mcolcon[0m [1;30mDEBUG[0m [32mParsed command line arguments: Namespace(log_base=None, log_level=None, verb_name='build', build_base='build', install_base='install', merge_install=False, symlink_install=False, test_result_base=None, continue_on_error=False, executor='parallel', parallel_workers=16, event_handlers=None, ignore_user_meta=False, metas=['./colcon.meta'], base_paths=['.'], packages_ignore=None, packages_ignore_regex=None, paths=None, packages_up_to=None, packages_up_to_regex=None, packages_above=None, packages_above_and_dependencies=None, packages_above_depth=None, packages_select_by_dep=None, packages_skip_by_dep=None, packages_skip_up_to=None, packages_select_build_failed=False, packages_skip_build_finished=False, packages_select_test_failures=False, packages_skip_test_passed=False, packages_select=None, packages_skip=None, packages_select_regex=None, packages_skip_regex=None, packages_start=None, packages_end=None, allow_overriding=[], cmake_args=None, cmake_target=None, cmake_target_skip_unavailable=False, cmake_clean_cache=False, cmake_clean_first=False, cmake_force_configure=False, ament_cmake_args=None, catkin_cmake_args=None, catkin_skip_building_tests=False, mixin_files=None, mixin=None, verb_parser=<colcon_mixin.mixin.mixin_argument.MixinArgumentDecorator object at 0x7b1301f7f1f0>, verb_extension=<colcon_core.verb.build.BuildVerb object at 0x7b1301f7ebf0>, main=<bound method BuildVerb.main of <colcon_core.verb.build.BuildVerb object at 0x7b1301f7ebf0>>, mixin_verb=('build',))[0m
[0.221s] [34mcolcon.colcon_core.package_discovery[0m [1;30mLevel 1[0m discover_packages(colcon_meta) check parameters
[0.221s] [34mcolcon.colcon_core.package_discovery[0m [1;30mLevel 1[0m discover_packages(recursive) check parameters
[0.221s] [34mcolcon.colcon_core.package_discovery[0m [1;30mLevel 1[0m discover_packages(ignore) check parameters
[0.221s] [34mcolcon.colcon_core.package_discovery[0m [1;30mLevel 1[0m discover_packages(path) check parameters
[0.221s] [34mcolcon.colcon_core.package_discovery[0m [1;30mLevel 1[0m discover_packages(colcon_meta) discover
[0.221s] [34mcolcon.colcon_core.package_discovery[0m [1;30mLevel 1[0m discover_packages(recursive) discover
[0.221s] [34mcolcon.colcon_core.package_discovery[0m [1;30mINFO[0m Crawling recursively for packages in '/home/panha/Building_A_Tower_Arm_Robot'
[0.221s] [34mcolcon.colcon_core.package_identification[0m [1;30mLevel 1[0m _identify(.) by extensions ['ignore', 'ignore_ament_install']
[0.221s] [34mcolcon.colcon_core.package_identification[0m [1;30mLevel 1[0m _identify(.) by extension 'ignore'
[0.221s] [34mcolcon.colcon_core.package_identification[0m [1;30mLevel 1[0m _identify(.) by extension 'ignore_ament_install'
[0.222s] [34mcolcon.colcon_core.package_identification[0m [1;30mLevel 1[0m _identify(.) by extensions ['colcon_pkg']
[0.222s] [34mcolcon.colcon_core.package_identification[0m [1;30mLevel 1[0m _identify(.) by extension 'colcon_pkg'
[0.222s] [34mcolcon.colcon_core.package_identification[0m [1;30mLevel 1[0m _identify(.) by extensions ['colcon_meta']
[0.222s] [34mcolcon.colcon_core.package_identification[0m [1;30mLevel 1[0m _identify(.) by extension 'colcon_meta'
[0.222s] [34mcolcon.colcon_core.package_identification[0m [1;30mLevel 1[0m _identify(.) by extensions ['ros']
[0.222s] [34mcolcon.colcon_core.package_identification[0m [1;30mLevel 1[0m _identify(.) by extension 'ros'
[0.233s] [34mcolcon.colcon_core.package_identification[0m [1;30mLevel 1[0m _identify(.) by extensions ['cmake', 'python']
[0.233s] [34mcolcon.colcon_core.package_identification[0m [1;30mLevel 1[0m _identify(.) by extension 'cmake'
[0.233s] [34mcolcon.colcon_core.package_identification[0m [1;30mLevel 1[0m _identify(.) by extension 'python'
[0.233s] [34mcolcon.colcon_core.package_identification[0m [1;30mLevel 1[0m _identify(.) by extensions ['python_setup_py']
[0.233s] [34mcolcon.colcon_core.package_identification[0m [1;30mLevel 1[0m _identify(.) by extension 'python_setup_py'
[0.233s] [34mcolcon.colcon_core.package_identification[0m [1;30mLevel 1[0m _identify(build) by extensions ['ignore', 'ignore_ament_install']
[0.233s] [34mcolcon.colcon_core.package_identification[0m [1;30mLevel 1[0m _identify(build) by extension 'ignore'
[0.233s] [34mcolcon.colcon_core.package_identification[0m [1;30mLevel 1[0m _identify(build) ignored
[0.233s] [34mcolcon.colcon_core.package_identification[0m [1;30mLevel 1[0m _identify(install) by extensions ['ignore', 'ignore_ament_install']
[0.233s] [34mcolcon.colcon_core.package_identification[0m [1;30mLevel 1[0m _identify(install) by extension 'ignore'
[0.233s] [34mcolcon.colcon_core.package_identification[0m [1;30mLevel 1[0m _identify(install) ignored
[0.233s] [34mcolcon.colcon_core.package_identification[0m [1;30mLevel 1[0m _identify(log) by extensions ['ignore', 'ignore_ament_install']
[0.233s] [34mcolcon.colcon_core.package_identification[0m [1;30mLevel 1[0m _identify(log) by extension 'ignore'
[0.233s] [34mcolcon.colcon_core.package_identification[0m [1;30mLevel 1[0m _identify(log) ignored
[0.234s] [34mcolcon.colcon_core.package_identification[0m [1;30mLevel 1[0m _identify(src) by extensions ['ignore', 'ignore_ament_install']
[0.234s] [34mcolcon.colcon_core.package_identification[0m [1;30mLevel 1[0m _identify(src) by extension 'ignore'
[0.234s] [34mcolcon.colcon_core.package_identification[0m [1;30mLevel 1[0m _identify(src) by extension 'ignore_ament_install'
[0.234s] [34mcolcon.colcon_core.package_identification[0m [1;30mLevel 1[0m _identify(src) by extensions ['colcon_pkg']
[0.234s] [34mcolcon.colcon_core.package_identification[0m [1;30mLevel 1[0m _identify(src) by extension 'colcon_pkg'
[0.234s] [34mcolcon.colcon_core.package_identification[0m [1;30mLevel 1[0m _identify(src) by extensions ['colcon_meta']
[0.234s] [34mcolcon.colcon_core.package_identification[0m [1;30mLevel 1[0m _identify(src) by extension 'colcon_meta'
[0.234s] [34mcolcon.colcon_core.package_identification[0m [1;30mLevel 1[0m _identify(src) by extensions ['ros']
[0.234s] [34mcolcon.colcon_core.package_identification[0m [1;30mLevel 1[0m _identify(src) by extension 'ros'
[0.234s] [34mcolcon.colcon_core.package_identification[0m [1;30mLevel 1[0m _identify(src) by extensions ['cmake', 'python']
[0.234s] [34mcolcon.colcon_core.package_identification[0m [1;30mLevel 1[0m _identify(src) by extension 'cmake'
[0.234s] [34mcolcon.colcon_core.package_identification[0m [1;30mLevel 1[0m _identify(src) by extension 'python'
[0.234s] [34mcolcon.colcon_core.package_identification[0m [1;30mLevel 1[0m _identify(src) by extensions ['python_setup_py']
[0.234s] [34mcolcon.colcon_core.package_identification[0m [1;30mLevel 1[0m _identify(src) by extension 'python_setup_py'
[0.234s] [34mcolcon.colcon_core.package_identification[0m [1;30mLevel 1[0m _identify(src/advrobotics_lab3_interfaces) by extensions ['ignore', 'ignore_ament_install']
[0.234s] [34mcolcon.colcon_core.package_identification[0m [1;30mLevel 1[0m _identify(src/advrobotics_lab3_interfaces) by extension 'ignore'
[0.234s] [34mcolcon.colcon_core.package_identification[0m [1;30mLevel 1[0m _identify(src/advrobotics_lab3_interfaces) by extension 'ignore_ament_install'
[0.234s] [34mcolcon.colcon_core.package_identification[0m [1;30mLevel 1[0m _identify(src/advrobotics_lab3_interfaces) by extensions ['colcon_pkg']
[0.234s] [34mcolcon.colcon_core.package_identification[0m [1;30mLevel 1[0m _identify(src/advrobotics_lab3_interfaces) by extension 'colcon_pkg'
[0.234s] [34mcolcon.colcon_core.package_identification[0m [1;30mLevel 1[0m _identify(src/advrobotics_lab3_interfaces) by extensions ['colcon_meta']
[0.234s] [34mcolcon.colcon_core.package_identification[0m [1;30mLevel 1[0m _identify(src/advrobotics_lab3_interfaces) by extension 'colcon_meta'
[0.234s] [34mcolcon.colcon_core.package_identification[0m [1;30mLevel 1[0m _identify(src/advrobotics_lab3_interfaces) by extensions ['ros']
[0.234s] [34mcolcon.colcon_core.package_identification[0m [1;30mLevel 1[0m _identify(src/advrobotics_lab3_interfaces) by extension 'ros'
[0.237s] [34mcolcon.colcon_core.package_identification[0m [1;30mDEBUG[0m [32mPackage 'src/advrobotics_lab3_interfaces' with type 'ros.ament_cmake' and name 'advrobotics_lab3_interfaces'[0m
[0.237s] [34mcolcon.colcon_core.package_identification[0m [1;30mLevel 1[0m _identify(src/advrobotics_lab3_ros2) by extensions ['ignore', 'ignore_ament_install']
[0.237s] [34mcolcon.colcon_core.package_identification[0m [1;30mLevel 1[0m _identify(src/advrobotics_lab3_ros2) by extension 'ignore'
[0.237s] [34mcolcon.colcon_core.package_identification[0m [1;30mLevel 1[0m _identify(src/advrobotics_lab3_ros2) by extension 'ignore_ament_install'
[0.237s] [34mcolcon.colcon_core.package_identification[0m [1;30mLevel 1[0m _identify(src/advrobotics_lab3_ros2) by extensions ['colcon_pkg']
[0.237s] [34mcolcon.colcon_core.package_identification[0m [1;30mLevel 1[0m _identify(src/advrobotics_lab3_ros2) by extension 'colcon_pkg'
[0.237s] [34mcolcon.colcon_core.package_identification[0m [1;30mLevel 1[0m _identify(src/advrobotics_lab3_ros2) by extensions ['colcon_meta']
[0.237s] [34mcolcon.colcon_core.package_identification[0m [1;30mLevel 1[0m _identify(src/advrobotics_lab3_ros2) by extension 'colcon_meta'
[0.237s] [34mcolcon.colcon_core.package_identification[0m [1;30mLevel 1[0m _identify(src/advrobotics_lab3_ros2) by extensions ['ros']
[0.237s] [34mcolcon.colcon_core.package_identification[0m [1;30mLevel 1[0m _identify(src/advrobotics_lab3_ros2) by extension 'ros'
[0.237s] [34mcolcon.colcon_core.package_identification[0m [1;30mDEBUG[0m [32mPackage 'src/advrobotics_lab3_ros2' with type 'ros.ament_cmake' and name 'advrobotics_lab3_ros2'[0m
[0.237s] [34mcolcon.colcon_core.package_discovery[0m [1;30mLevel 1[0m discover_packages(recursive) using defaults
[0.237s] [34mcolcon.colcon_core.package_discovery[0m [1;30mLevel 1[0m discover_packages(ignore) discover
[0.237s] [34mcolcon.colcon_core.package_discovery[0m [1;30mLevel 1[0m discover_packages(ignore) using defaults
[0.237s] [34mcolcon.colcon_core.package_discovery[0m [1;30mLevel 1[0m discover_packages(path) discover
[0.237s] [34mcolcon.colcon_core.package_discovery[0m [1;30mLevel 1[0m discover_packages(path) using defaults
[0.252s] [34mcolcon.colcon_core.package_discovery[0m [1;30mLevel 1[0m discover_packages(prefix_path) check parameters
[0.252s] [34mcolcon.colcon_core.package_discovery[0m [1;30mLevel 1[0m discover_packages(prefix_path) discover
[0.259s] [34mcolcon.colcon_installed_package_information.package_discovery[0m [1;30mDEBUG[0m [32mFound 55 installed packages in /home/panha/ws_moveit/install[0m
[0.260s] [34mcolcon.colcon_installed_package_information.package_discovery[0m [1;30mDEBUG[0m [32mFound 3 installed packages in /home/panha/sporaX_ws/install[0m
[0.260s] [34mcolcon.colcon_installed_package_information.package_discovery[0m [1;30mDEBUG[0m [32mFound 3 installed packages in /home/panha/mushroom_ws_V2/install[0m
[0.260s] [34mcolcon.colcon_installed_package_information.package_discovery[0m [1;30mDEBUG[0m [32mFound 12 installed packages in /home/panha/turtlebot3_ws/install[0m
[0.261s] [34mcolcon.colcon_installed_package_information.package_discovery[0m [1;30mDEBUG[0m [32mFound 2 installed packages in /home/panha/Robocon2026_ws/install[0m
[0.261s] [34mcolcon.colcon_installed_package_information.package_discovery[0m [1;30mDEBUG[0m [32mFound 2 installed packages in /home/panha/my_ws/install[0m
[0.262s] [34mcolcon.colcon_installed_package_information.package_discovery[0m [1;30mDEBUG[0m [32mFound 432 installed packages in /opt/ros/humble[0m
[0.265s] [34mcolcon.colcon_core.package_discovery[0m [1;30mLevel 1[0m discover_packages(prefix_path) using defaults
[0.360s] [34mcolcon.colcon_core.verb[0m [1;30mLevel 5[0m set package 'advrobotics_lab3_interfaces' build argument 'cmake_args' from command line to 'None'
[0.360s] [34mcolcon.colcon_core.verb[0m [1;30mLevel 5[0m set package 'advrobotics_lab3_interfaces' build argument 'cmake_target' from command line to 'None'
[0.360s] [34mcolcon.colcon_core.verb[0m [1;30mLevel 5[0m set package 'advrobotics_lab3_interfaces' build argument 'cmake_target_skip_unavailable' from command line to 'False'
[0.360s] [34mcolcon.colcon_core.verb[0m [1;30mLevel 5[0m set package 'advrobotics_lab3_interfaces' build argument 'cmake_clean_cache' from command line to 'False'
[0.360s] [34mcolcon.colcon_core.verb[0m [1;30mLevel 5[0m set package 'advrobotics_lab3_interfaces' build argument 'cmake_clean_first' from command line to 'False'
[0.360s] [34mcolcon.colcon_core.verb[0m [1;30mLevel 5[0m set package 'advrobotics_lab3_interfaces' build argument 'cmake_force_configure' from command line to 'False'
[0.360s] [34mcolcon.colcon_core.verb[0m [1;30mLevel 5[0m set package 'advrobotics_lab3_interfaces' build argument 'ament_cmake_args' from command line to 'None'
[0.360s] [34mcolcon.colcon_core.verb[0m [1;30mLevel 5[0m set package 'advrobotics_lab3_interfaces' build argument 'catkin_cmake_args' from command line to 'None'
[0.360s] [34mcolcon.colcon_core.verb[0m [1;30mLevel 5[0m set package 'advrobotics_lab3_interfaces' build argument 'catkin_skip_building_tests' from command line to 'False'
[0.360s] [34mcolcon.colcon_core.verb[0m [1;30mDEBUG[0m [32mBuilding package 'advrobotics_lab3_interfaces' with the following arguments: {'ament_cmake_args': None, 'build_base': '/home/panha/Building_A_Tower_Arm_Robot/build/advrobotics_lab3_interfaces', 'catkin_cmake_args': None, 'catkin_skip_building_tests': False, 'cmake_args': None, 'cmake_clean_cache': False, 'cmake_clean_first': False, 'cmake_force_configure': False, 'cmake_target': None, 'cmake_target_skip_unavailable': False, 'install_base': '/home/panha/Building_A_Tower_Arm_Robot/install/advrobotics_lab3_interfaces', 'merge_install': False, 'path': '/home/panha/Building_A_Tower_Arm_Robot/src/advrobotics_lab3_interfaces', 'symlink_install': False, 'test_result_base': None}[0m
[0.360s] [34mcolcon.colcon_core.verb[0m [1;30mLevel 5[0m set package 'advrobotics_lab3_ros2' build argument 'cmake_args' from command line to 'None'
[0.360s] [34mcolcon.colcon_core.verb[0m [1;30mLevel 5[0m set package 'advrobotics_lab3_ros2' build argument 'cmake_target' from command line to 'None'
[0.360s] [34mcolcon.colcon_core.verb[0m [1;30mLevel 5[0m set package 'advrobotics_lab3_ros2' build argument 'cmake_target_skip_unavailable' from command line to 'False'
[0.360s] [34mcolcon.colcon_core.verb[0m [1;30mLevel 5[0m set package 'advrobotics_lab3_ros2' build argument 'cmake_clean_cache' from command line to 'False'
[0.360s] [34mcolcon.colcon_core.verb[0m [1;30mLevel 5[0m set package 'advrobotics_lab3_ros2' build argument 'cmake_clean_first' from command line to 'False'
[0.360s] [34mcolcon.colcon_core.verb[0m [1;30mLevel 5[0m set package 'advrobotics_lab3_ros2' build argument 'cmake_force_configure' from command line to 'False'
[0.360s] [34mcolcon.colcon_core.verb[0m [1;30mLevel 5[0m set package 'advrobotics_lab3_ros2' build argument 'ament_cmake_args' from command line to 'None'
[0.360s] [34mcolcon.colcon_core.verb[0m [1;30mLevel 5[0m set package 'advrobotics_lab3_ros2' build argument 'catkin_cmake_args' from command line to 'None'
[0.360s] [34mcolcon.colcon_core.verb[0m [1;30mLevel 5[0m set package 'advrobotics_lab3_ros2' build argument 'catkin_skip_building_tests' from command line to 'False'
[0.360s] [34mcolcon.colcon_core.verb[0m [1;30mDEBUG[0m [32mBuilding package 'advrobotics_lab3_ros2' with the following arguments: {'ament_cmake_args': None, 'build_base': '/home/panha/Building_A_Tower_Arm_Robot/build/advrobotics_lab3_ros2', 'catkin_cmake_args': None, 'catkin_skip_building_tests': False, 'cmake_args': None, 'cmake_clean_cache': False, 'cmake_clean_first': False, 'cmake_force_configure': False, 'cmake_target': None, 'cmake_target_skip_unavailable': False, 'install_base': '/home/panha/Building_A_Tower_Arm_Robot/install/advrobotics_lab3_ros2', 'merge_install': False, 'path': '/home/panha/Building_A_Tower_Arm_Robot/src/advrobotics_lab3_ros2', 'symlink_install': False, 'test_result_base': None}[0m
[0.360s] [34mcolcon.colcon_core.executor[0m [1;30mINFO[0m Executing jobs using 'parallel' executor
[0.361s] [34mcolcon.colcon_parallel_executor.executor.parallel[0m [1;30mDEBUG[0m [32mrun_until_complete[0m
[0.361s] [34mcolcon.colcon_ros.task.ament_cmake.build[0m [1;30mINFO[0m Building ROS package in '/home/panha/Building_A_Tower_Arm_Robot/src/advrobotics_lab3_interfaces' with build type 'ament_cmake'
[0.361s] [34mcolcon.colcon_cmake.task.cmake.build[0m [1;30mINFO[0m Building CMake package in '/home/panha/Building_A_Tower_Arm_Robot/src/advrobotics_lab3_interfaces'
[0.365s] [34mcolcon.colcon_core.plugin_system[0m [1;30mINFO[0m Skipping extension 'colcon_core.shell.bat': Not used on non-Windows systems
[0.365s] [34mcolcon.colcon_core.shell[0m [1;30mINFO[0m Skip shell extension 'powershell' for command environment: Not usable outside of PowerShell
[0.365s] [34mcolcon.colcon_core.shell[0m [1;30mDEBUG[0m [32mSkip shell extension 'dsv' for command environment[0m
[0.382s] [34mcolcon.colcon_core.event_handler.log_command[0m [1;30mDEBUG[0m [32mInvoking command in '/home/panha/Building_A_Tower_Arm_Robot/build/advrobotics_lab3_interfaces': CMAKE_PREFIX_PATH=${CMAKE_PREFIX_PATH}:/home/panha/ws_moveit/install/moveit_configs_utils:/home/panha/ws_moveit/install/launch_param_builder:/home/panha/mushroom_ws_V2/install/py_mushroom_control:/home/panha/turtlebot3_ws/install/turtlebot3_teleop:/home/panha/turtlebot3_ws/install/turtlebot3_example:/opt/ros/humble /usr/bin/cmake /home/panha/Building_A_Tower_Arm_Robot/src/advrobotics_lab3_interfaces -DCMAKE_INSTALL_PREFIX=/home/panha/Building_A_Tower_Arm_Robot/install/advrobotics_lab3_interfaces[0m
[2.257s] [34mcolcon.colcon_core.event_handler.log_command[0m [1;30mDEBUG[0m [32mInvoked command in '/home/panha/Building_A_Tower_Arm_Robot/build/advrobotics_lab3_interfaces' returned '0': CMAKE_PREFIX_PATH=${CMAKE_PREFIX_PATH}:/home/panha/ws_moveit/install/moveit_configs_utils:/home/panha/ws_moveit/install/launch_param_builder:/home/panha/mushroom_ws_V2/install/py_mushroom_control:/home/panha/turtlebot3_ws/install/turtlebot3_teleop:/home/panha/turtlebot3_ws/install/turtlebot3_example:/opt/ros/humble /usr/bin/cmake /home/panha/Building_A_Tower_Arm_Robot/src/advrobotics_lab3_interfaces -DCMAKE_INSTALL_PREFIX=/home/panha/Building_A_Tower_Arm_Robot/install/advrobotics_lab3_interfaces[0m
[2.259s] [34mcolcon.colcon_core.event_handler.log_command[0m [1;30mDEBUG[0m [32mInvoking command in '/home/panha/Building_A_Tower_Arm_Robot/build/advrobotics_lab3_interfaces': CMAKE_PREFIX_PATH=${CMAKE_PREFIX_PATH}:/home/panha/ws_moveit/install/moveit_configs_utils:/home/panha/ws_moveit/install/launch_param_builder:/home/panha/mushroom_ws_V2/install/py_mushroom_control:/home/panha/turtlebot3_ws/install/turtlebot3_teleop:/home/panha/turtlebot3_ws/install/turtlebot3_example:/opt/ros/humble /usr/bin/cmake --build /home/panha/Building_A_Tower_Arm_Robot/build/advrobotics_lab3_interfaces -- -j16 -l16[0m
[4.121s] [34mcolcon.colcon_core.event_handler.log_command[0m [1;30mDEBUG[0m [32mInvoked command in '/home/panha/Building_A_Tower_Arm_Robot/build/advrobotics_lab3_interfaces' returned '0': CMAKE_PREFIX_PATH=${CMAKE_PREFIX_PATH}:/home/panha/ws_moveit/install/moveit_configs_utils:/home/panha/ws_moveit/install/launch_param_builder:/home/panha/mushroom_ws_V2/install/py_mushroom_control:/home/panha/turtlebot3_ws/install/turtlebot3_teleop:/home/panha/turtlebot3_ws/install/turtlebot3_example:/opt/ros/humble /usr/bin/cmake --build /home/panha/Building_A_Tower_Arm_Robot/build/advrobotics_lab3_interfaces -- -j16 -l16[0m
[4.127s] [34mcolcon.colcon_core.event_handler.log_command[0m [1;30mDEBUG[0m [32mInvoking command in '/home/panha/Building_A_Tower_Arm_Robot/build/advrobotics_lab3_interfaces': CMAKE_PREFIX_PATH=${CMAKE_PREFIX_PATH}:/home/panha/ws_moveit/install/moveit_configs_utils:/home/panha/ws_moveit/install/launch_param_builder:/home/panha/mushroom_ws_V2/install/py_mushroom_control:/home/panha/turtlebot3_ws/install/turtlebot3_teleop:/home/panha/turtlebot3_ws/install/turtlebot3_example:/opt/ros/humble /usr/bin/cmake --install /home/panha/Building_A_Tower_Arm_Robot/build/advrobotics_lab3_interfaces[0m
[4.190s] [34mcolcon.colcon_core.environment[0m [1;30mLevel 1[0m create_environment_scripts_only(advrobotics_lab3_interfaces)
[4.190s] [34mcolcon.colcon_core.event_handler.log_command[0m [1;30mDEBUG[0m [32mInvoked command in '/home/panha/Building_A_Tower_Arm_Robot/build/advrobotics_lab3_interfaces' returned '0': CMAKE_PREFIX_PATH=${CMAKE_PREFIX_PATH}:/home/panha/ws_moveit/install/moveit_configs_utils:/home/panha/ws_moveit/install/launch_param_builder:/home/panha/mushroom_ws_V2/install/py_mushroom_control:/home/panha/turtlebot3_ws/install/turtlebot3_teleop:/home/panha/turtlebot3_ws/install/turtlebot3_example:/opt/ros/humble /usr/bin/cmake --install /home/panha/Building_A_Tower_Arm_Robot/build/advrobotics_lab3_interfaces[0m
[4.195s] [34mcolcon.colcon_core.environment[0m [1;30mLevel 1[0m checking '/home/panha/Building_A_Tower_Arm_Robot/install/advrobotics_lab3_interfaces' for CMake module files
[4.195s] [34mcolcon.colcon_core.environment[0m [1;30mLevel 1[0m checking '/home/panha/Building_A_Tower_Arm_Robot/install/advrobotics_lab3_interfaces' for CMake config files
[4.195s] [34mcolcon.colcon_core.shell[0m [1;30mLevel 1[0m create_environment_hook('advrobotics_lab3_interfaces', 'cmake_prefix_path')
[4.195s] [34mcolcon.colcon_core.shell[0m [1;30mINFO[0m Creating environment hook '/home/panha/Building_A_Tower_Arm_Robot/install/advrobotics_lab3_interfaces/share/advrobotics_lab3_interfaces/hook/cmake_prefix_path.ps1'
[4.196s] [34mcolcon.colcon_core.shell[0m [1;30mINFO[0m Creating environment descriptor '/home/panha/Building_A_Tower_Arm_Robot/install/advrobotics_lab3_interfaces/share/advrobotics_lab3_interfaces/hook/cmake_prefix_path.dsv'
[4.197s] [34mcolcon.colcon_core.shell[0m [1;30mINFO[0m Creating environment hook '/home/panha/Building_A_Tower_Arm_Robot/install/advrobotics_lab3_interfaces/share/advrobotics_lab3_interfaces/hook/cmake_prefix_path.sh'
[4.197s] [34mcolcon.colcon_core.environment[0m [1;30mLevel 1[0m checking '/home/panha/Building_A_Tower_Arm_Robot/install/advrobotics_lab3_interfaces/lib'
[4.197s] [34mcolcon.colcon_core.shell[0m [1;30mLevel 1[0m create_environment_hook('advrobotics_lab3_interfaces', 'ld_library_path_lib')
[4.198s] [34mcolcon.colcon_core.shell[0m [1;30mINFO[0m Creating environment hook '/home/panha/Building_A_Tower_Arm_Robot/install/advrobotics_lab3_interfaces/share/advrobotics_lab3_interfaces/hook/ld_library_path_lib.ps1'
[4.198s] [34mcolcon.colcon_core.shell[0m [1;30mINFO[0m Creating environment descriptor '/home/panha/Building_A_Tower_Arm_Robot/install/advrobotics_lab3_interfaces/share/advrobotics_lab3_interfaces/hook/ld_library_path_lib.dsv'
[4.198s] [34mcolcon.colcon_core.shell[0m [1;30mINFO[0m Creating environment hook '/home/panha/Building_A_Tower_Arm_Robot/install/advrobotics_lab3_interfaces/share/advrobotics_lab3_interfaces/hook/ld_library_path_lib.sh'
[4.198s] [34mcolcon.colcon_core.environment[0m [1;30mLevel 1[0m checking '/home/panha/Building_A_Tower_Arm_Robot/install/advrobotics_lab3_interfaces/bin'
[4.198s] [34mcolcon.colcon_core.environment[0m [1;30mLevel 1[0m checking '/home/panha/Building_A_Tower_Arm_Robot/install/advrobotics_lab3_interfaces/lib/pkgconfig/advrobotics_lab3_interfaces.pc'
[4.198s] [34mcolcon.colcon_core.environment[0m [1;30mLevel 1[0m checking '/home/panha/Building_A_Tower_Arm_Robot/install/advrobotics_lab3_interfaces/lib/python3.10/site-packages'
[4.199s] [34mcolcon.colcon_core.environment[0m [1;30mLevel 1[0m checking '/home/panha/Building_A_Tower_Arm_Robot/install/advrobotics_lab3_interfaces/bin'
[4.199s] [34mcolcon.colcon_core.shell[0m [1;30mINFO[0m Creating package script '/home/panha/Building_A_Tower_Arm_Robot/install/advrobotics_lab3_interfaces/share/advrobotics_lab3_interfaces/package.ps1'
[4.199s] [34mcolcon.colcon_core.shell[0m [1;30mINFO[0m Creating package descriptor '/home/panha/Building_A_Tower_Arm_Robot/install/advrobotics_lab3_interfaces/share/advrobotics_lab3_interfaces/package.dsv'
[4.200s] [34mcolcon.colcon_core.shell[0m [1;30mINFO[0m Creating package script '/home/panha/Building_A_Tower_Arm_Robot/install/advrobotics_lab3_interfaces/share/advrobotics_lab3_interfaces/package.sh'
[4.201s] [34mcolcon.colcon_core.shell[0m [1;30mINFO[0m Creating package script '/home/panha/Building_A_Tower_Arm_Robot/install/advrobotics_lab3_interfaces/share/advrobotics_lab3_interfaces/package.bash'
[4.201s] [34mcolcon.colcon_core.shell[0m [1;30mINFO[0m Creating package script '/home/panha/Building_A_Tower_Arm_Robot/install/advrobotics_lab3_interfaces/share/advrobotics_lab3_interfaces/package.zsh'
[4.202s] [34mcolcon.colcon_core.environment[0m [1;30mLevel 1[0m create_file_with_runtime_dependencies(/home/panha/Building_A_Tower_Arm_Robot/install/advrobotics_lab3_interfaces/share/colcon-core/packages/advrobotics_lab3_interfaces)
[4.202s] [34mcolcon.colcon_core.environment[0m [1;30mLevel 1[0m create_environment_scripts_only(advrobotics_lab3_interfaces)
[4.203s] [34mcolcon.colcon_core.environment[0m [1;30mLevel 1[0m checking '/home/panha/Building_A_Tower_Arm_Robot/install/advrobotics_lab3_interfaces' for CMake module files
[4.203s] [34mcolcon.colcon_core.environment[0m [1;30mLevel 1[0m checking '/home/panha/Building_A_Tower_Arm_Robot/install/advrobotics_lab3_interfaces' for CMake config files
[4.203s] [34mcolcon.colcon_core.shell[0m [1;30mLevel 1[0m create_environment_hook('advrobotics_lab3_interfaces', 'cmake_prefix_path')
[4.204s] [34mcolcon.colcon_core.shell[0m [1;30mINFO[0m Creating environment hook '/home/panha/Building_A_Tower_Arm_Robot/install/advrobotics_lab3_interfaces/share/advrobotics_lab3_interfaces/hook/cmake_prefix_path.ps1'
[4.204s] [34mcolcon.colcon_core.shell[0m [1;30mINFO[0m Creating environment descriptor '/home/panha/Building_A_Tower_Arm_Robot/install/advrobotics_lab3_interfaces/share/advrobotics_lab3_interfaces/hook/cmake_prefix_path.dsv'
[4.205s] [34mcolcon.colcon_core.shell[0m [1;30mINFO[0m Creating environment hook '/home/panha/Building_A_Tower_Arm_Robot/install/advrobotics_lab3_interfaces/share/advrobotics_lab3_interfaces/hook/cmake_prefix_path.sh'
[4.205s] [34mcolcon.colcon_core.environment[0m [1;30mLevel 1[0m checking '/home/panha/Building_A_Tower_Arm_Robot/install/advrobotics_lab3_interfaces/lib'
[4.205s] [34mcolcon.colcon_core.shell[0m [1;30mLevel 1[0m create_environment_hook('advrobotics_lab3_interfaces', 'ld_library_path_lib')
[4.205s] [34mcolcon.colcon_core.shell[0m [1;30mINFO[0m Creating environment hook '/home/panha/Building_A_Tower_Arm_Robot/install/advrobotics_lab3_interfaces/share/advrobotics_lab3_interfaces/hook/ld_library_path_lib.ps1'
[4.206s] [34mcolcon.colcon_core.shell[0m [1;30mINFO[0m Creating environment descriptor '/home/panha/Building_A_Tower_Arm_Robot/install/advrobotics_lab3_interfaces/share/advrobotics_lab3_interfaces/hook/ld_library_path_lib.dsv'
[4.206s] [34mcolcon.colcon_core.shell[0m [1;30mINFO[0m Creating environment hook '/home/panha/Building_A_Tower_Arm_Robot/install/advrobotics_lab3_interfaces/share/advrobotics_lab3_interfaces/hook/ld_library_path_lib.sh'
[4.206s] [34mcolcon.colcon_core.environment[0m [1;30mLevel 1[0m checking '/home/panha/Building_A_Tower_Arm_Robot/install/advrobotics_lab3_interfaces/bin'
[4.206s] [34mcolcon.colcon_core.environment[0m [1;30mLevel 1[0m checking '/home/panha/Building_A_Tower_Arm_Robot/install/advrobotics_lab3_interfaces/lib/pkgconfig/advrobotics_lab3_interfaces.pc'
[4.206s] [34mcolcon.colcon_core.environment[0m [1;30mLevel 1[0m checking '/home/panha/Building_A_Tower_Arm_Robot/install/advrobotics_lab3_interfaces/lib/python3.10/site-packages'
[4.207s] [34mcolcon.colcon_core.environment[0m [1;30mLevel 1[0m checking '/home/panha/Building_A_Tower_Arm_Robot/install/advrobotics_lab3_interfaces/bin'
[4.207s] [34mcolcon.colcon_core.shell[0m [1;30mINFO[0m Creating package script '/home/panha/Building_A_Tower_Arm_Robot/install/advrobotics_lab3_interfaces/share/advrobotics_lab3_interfaces/package.ps1'
[4.207s] [34mcolcon.colcon_core.shell[0m [1;30mINFO[0m Creating package descriptor '/home/panha/Building_A_Tower_Arm_Robot/install/advrobotics_lab3_interfaces/share/advrobotics_lab3_interfaces/package.dsv'
[4.207s] [34mcolcon.colcon_core.shell[0m [1;30mINFO[0m Creating package script '/home/panha/Building_A_Tower_Arm_Robot/install/advrobotics_lab3_interfaces/share/advrobotics_lab3_interfaces/package.sh'
[4.208s] [34mcolcon.colcon_core.shell[0m [1;30mINFO[0m Creating package script '/home/panha/Building_A_Tower_Arm_Robot/install/advrobotics_lab3_interfaces/share/advrobotics_lab3_interfaces/package.bash'
[4.208s] [34mcolcon.colcon_core.shell[0m [1;30mINFO[0m Creating package script '/home/panha/Building_A_Tower_Arm_Robot/install/advrobotics_lab3_interfaces/share/advrobotics_lab3_interfaces/package.zsh'
[4.208s] [34mcolcon.colcon_core.environment[0m [1;30mLevel 1[0m create_file_with_runtime_dependencies(/home/panha/Building_A_Tower_Arm_Robot/install/advrobotics_lab3_interfaces/share/colcon-core/packages/advrobotics_lab3_interfaces)
[4.208s] [34mcolcon.colcon_ros.task.ament_cmake.build[0m [1;30mINFO[0m Building ROS package in '/home/panha/Building_A_Tower_Arm_Robot/src/advrobotics_lab3_ros2' with build type 'ament_cmake'
[4.209s] [34mcolcon.colcon_cmake.task.cmake.build[0m [1;30mINFO[0m Building CMake package in '/home/panha/Building_A_Tower_Arm_Robot/src/advrobotics_lab3_ros2'
[4.209s] [34mcolcon.colcon_core.shell[0m [1;30mINFO[0m Skip shell extension 'powershell' for command environment: Not usable outside of PowerShell
[4.209s] [34mcolcon.colcon_core.shell[0m [1;30mDEBUG[0m [32mSkip shell extension 'dsv' for command environment[0m
[4.229s] [34mcolcon.colcon_core.event_handler.log_command[0m [1;30mDEBUG[0m [32mInvoking command in '/home/panha/Building_A_Tower_Arm_Robot/build/advrobotics_lab3_ros2': AMENT_PREFIX_PATH=/home/panha/Building_A_Tower_Arm_Robot/install/advrobotics_lab3_interfaces:${AMENT_PREFIX_PATH} CMAKE_PREFIX_PATH=/home/panha/Building_A_Tower_Arm_Robot/install/advrobotics_lab3_interfaces:/home/panha/sporaX_ws/install/test_pkg:/home/panha/sporaX_ws/install/robot_server:/home/panha/sporaX_ws/install/robot_interfaces:/home/panha/ws_moveit/install/pilz_industrial_motion_planner_testutils:/home/panha/ws_moveit/install/moveit_runtime:/home/panha/ws_moveit/install/moveit2_tutorials:/home/panha/ws_moveit/install/moveit:/home/panha/ws_moveit/install/moveit_planners:/home/panha/ws_moveit/install/pilz_industrial_motion_planner:/home/panha/ws_moveit/install/moveit_visual_tools:/home/panha/ws_moveit/install/moveit_task_constructor_visualization:/home/panha/ws_moveit/install/moveit_task_constructor_demo:/home/panha/ws_moveit/install/moveit_task_constructor_capabilities:/home/panha/ws_moveit/install/moveit_task_constructor_core:/home/panha/ws_moveit/install/moveit_ros_control_interface:/home/panha/ws_moveit/install/moveit_plugins:/home/panha/ws_moveit/install/moveit_simple_controller_manager:/home/panha/ws_moveit/install/moveit_setup_assistant:/home/panha/ws_moveit/install/moveit_setup_srdf_plugins:/home/panha/ws_moveit/install/moveit_setup_core_plugins:/home/panha/ws_moveit/install/moveit_setup_controllers:/home/panha/ws_moveit/install/moveit_setup_app_plugins:/home/panha/ws_moveit/install/moveit_setup_framework:/home/panha/ws_moveit/install/moveit_servo:/home/panha/ws_moveit/install/moveit_ros:/home/panha/ws_moveit/install/moveit_ros_visualization:/home/panha/ws_moveit/install/moveit_hybrid_planning:/home/panha/ws_moveit/install/moveit_ros_planning_interface:/home/panha/ws_moveit/install/moveit_ros_benchmarks:/home/panha/ws_moveit/install/moveit_ros_warehouse:/home/panha/ws_moveit/install/moveit_ros_robot_interaction:/home/panha/ws_moveit/install/moveit_ros_perception:/home/panha/ws_moveit/install/moveit_resources_prbt_pg70_support:/home/panha/ws_moveit/install/moveit_resources_prbt_moveit_config:/home/panha/ws_moveit/install/moveit_ros_move_group:/home/panha/ws_moveit/install/moveit_planners_ompl:/home/panha/ws_moveit/install/moveit_ros_planning:/home/panha/ws_moveit/install/moveit_ros_occupancy_map_monitor:/home/panha/ws_moveit/install/moveit_resources_prbt_ikfast_manipulator_plugin:/home/panha/ws_moveit/install/moveit_planners_chomp:/home/panha/ws_moveit/install/moveit_kinematics:/home/panha/ws_moveit/install/moveit_chomp_optimizer_adapter:/home/panha/ws_moveit/install/chomp_motion_planner:/home/panha/ws_moveit/install/moveit_core:/home/panha/ws_moveit/install/srdfdom:/home/panha/ws_moveit/install/rviz_marker_tools:/home/panha/ws_moveit/install/rosparam_shortcuts:/home/panha/ws_moveit/install/moveit_task_constructor_msgs:/home/panha/ws_moveit/install/moveit_resources_prbt_support:/home/panha/ws_moveit/install/moveit_resources:/home/panha/ws_moveit/install/moveit_resources_pr2_description:/home/panha/ws_moveit/install/moveit_resources_panda_moveit_config:/home/panha/ws_moveit/install/moveit_resources_panda_description:/home/panha/ws_moveit/install/moveit_resources_fanuc_moveit_config:/home/panha/ws_moveit/install/moveit_resources_fanuc_description:/home/panha/ws_moveit/install/moveit_common:/home/panha/mushroom_ws_V2/install/cpp_mushroom_control:/home/panha/mushroom_ws_V2/install/mushroom_msgs:/home/panha/turtlebot3_ws/install/turtlebot3:/home/panha/turtlebot3_ws/install/turtlebot3_simulations:/home/panha/turtlebot3_ws/install/turtlebot3_bringup:/home/panha/turtlebot3_ws/install/turtlebot3_node:/home/panha/turtlebot3_ws/install/turtlebot3_navigation2:/home/panha/turtlebot3_ws/install/turtlebot3_manipulation_gazebo:/home/panha/turtlebot3_ws/install/turtlebot3_gazebo:/home/panha/turtlebot3_ws/install/turtlebot3_fake_node:/home/panha/turtlebot3_ws/install/turtlebot3_description:/home/panha/turtlebot3_ws/install/turtlebot3_cartographer:/home/panha/Robocon2026_ws/install/r2:/home/panha/Robocon2026_ws/install/r1:/home/panha/my_ws/install/my_robot_moveit_config:/home/panha/my_ws/install/my_robot_description:/home/panha/ws_moveit/install/moveit_configs_utils:/home/panha/ws_moveit/install/launch_param_builder:/home/panha/mushroom_ws_V2/install/py_mushroom_control:/home/panha/turtlebot3_ws/install/turtlebot3_teleop:/home/panha/turtlebot3_ws/install/turtlebot3_example:/opt/ros/humble LD_LIBRARY_PATH=/home/panha/Building_A_Tower_Arm_Robot/install/advrobotics_lab3_interfaces/lib:${LD_LIBRARY_PATH} PYTHONPATH=/home/panha/Building_A_Tower_Arm_Robot/install/advrobotics_lab3_interfaces/local/lib/python3.10/dist-packages:${PYTHONPATH} /usr/bin/cmake /home/panha/Building_A_Tower_Arm_Robot/src/advrobotics_lab3_ros2 -DCMAKE_INSTALL_PREFIX=/home/panha/Building_A_Tower_Arm_Robot/install/advrobotics_lab3_ros2[0m
[5.728s] [34mcolcon.colcon_core.event_handler.log_command[0m [1;30mDEBUG[0m [32mInvoked command in '/home/panha/Building_A_Tower_Arm_Robot/build/advrobotics_lab3_ros2' returned '0': AMENT_PREFIX_PATH=/home/panha/Building_A_Tower_Arm_Robot/install/advrobotics_lab3_interfaces:${AMENT_PREFIX_PATH} CMAKE_PREFIX_PATH=/home/panha/Building_A_Tower_Arm_Robot/install/advrobotics_lab3_interfaces:/home/panha/sporaX_ws/install/test_pkg:/home/panha/sporaX_ws/install/robot_server:/home/panha/sporaX_ws/install/robot_interfaces:/home/panha/ws_moveit/install/pilz_industrial_motion_planner_testutils:/home/panha/ws_moveit/install/moveit_runtime:/home/panha/ws_moveit/install/moveit2_tutorials:/home/panha/ws_moveit/install/moveit:/home/panha/ws_moveit/install/moveit_planners:/home/panha/ws_moveit/install/pilz_industrial_motion_planner:/home/panha/ws_moveit/install/moveit_visual_tools:/home/panha/ws_moveit/install/moveit_task_constructor_visualization:/home/panha/ws_moveit/install/moveit_task_constructor_demo:/home/panha/ws_moveit/install/moveit_task_constructor_capabilities:/home/panha/ws_moveit/install/moveit_task_constructor_core:/home/panha/ws_moveit/install/moveit_ros_control_interface:/home/panha/ws_moveit/install/moveit_plugins:/home/panha/ws_moveit/install/moveit_simple_controller_manager:/home/panha/ws_moveit/install/moveit_setup_assistant:/home/panha/ws_moveit/install/moveit_setup_srdf_plugins:/home/panha/ws_moveit/install/moveit_setup_core_plugins:/home/panha/ws_moveit/install/moveit_setup_controllers:/home/panha/ws_moveit/install/moveit_setup_app_plugins:/home/panha/ws_moveit/install/moveit_setup_framework:/home/panha/ws_moveit/install/moveit_servo:/home/panha/ws_moveit/install/moveit_ros:/home/panha/ws_moveit/install/moveit_ros_visualization:/home/panha/ws_moveit/install/moveit_hybrid_planning:/home/panha/ws_moveit/install/moveit_ros_planning_interface:/home/panha/ws_moveit/install/moveit_ros_benchmarks:/home/panha/ws_moveit/install/moveit_ros_warehouse:/home/panha/ws_moveit/install/moveit_ros_robot_interaction:/home/panha/ws_moveit/install/moveit_ros_perception:/home/panha/ws_moveit/install/moveit_resources_prbt_pg70_support:/home/panha/ws_moveit/install/moveit_resources_prbt_moveit_config:/home/panha/ws_moveit/install/moveit_ros_move_group:/home/panha/ws_moveit/install/moveit_planners_ompl:/home/panha/ws_moveit/install/moveit_ros_planning:/home/panha/ws_moveit/install/moveit_ros_occupancy_map_monitor:/home/panha/ws_moveit/install/moveit_resources_prbt_ikfast_manipulator_plugin:/home/panha/ws_moveit/install/moveit_planners_chomp:/home/panha/ws_moveit/install/moveit_kinematics:/home/panha/ws_moveit/install/moveit_chomp_optimizer_adapter:/home/panha/ws_moveit/install/chomp_motion_planner:/home/panha/ws_moveit/install/moveit_core:/home/panha/ws_moveit/install/srdfdom:/home/panha/ws_moveit/install/rviz_marker_tools:/home/panha/ws_moveit/install/rosparam_shortcuts:/home/panha/ws_moveit/install/moveit_task_constructor_msgs:/home/panha/ws_moveit/install/moveit_resources_prbt_support:/home/panha/ws_moveit/install/moveit_resources:/home/panha/ws_moveit/install/moveit_resources_pr2_description:/home/panha/ws_moveit/install/moveit_resources_panda_moveit_config:/home/panha/ws_moveit/install/moveit_resources_panda_description:/home/panha/ws_moveit/install/moveit_resources_fanuc_moveit_config:/home/panha/ws_moveit/install/moveit_resources_fanuc_description:/home/panha/ws_moveit/install/moveit_common:/home/panha/mushroom_ws_V2/install/cpp_mushroom_control:/home/panha/mushroom_ws_V2/install/mushroom_msgs:/home/panha/turtlebot3_ws/install/turtlebot3:/home/panha/turtlebot3_ws/install/turtlebot3_simulations:/home/panha/turtlebot3_ws/install/turtlebot3_bringup:/home/panha/turtlebot3_ws/install/turtlebot3_node:/home/panha/turtlebot3_ws/install/turtlebot3_navigation2:/home/panha/turtlebot3_ws/install/turtlebot3_manipulation_gazebo:/home/panha/turtlebot3_ws/install/turtlebot3_gazebo:/home/panha/turtlebot3_ws/install/turtlebot3_fake_node:/home/panha/turtlebot3_ws/install/turtlebot3_description:/home/panha/turtlebot3_ws/install/turtlebot3_cartographer:/home/panha/Robocon2026_ws/install/r2:/home/panha/Robocon2026_ws/install/r1:/home/panha/my_ws/install/my_robot_moveit_config:/home/panha/my_ws/install/my_robot_description:/home/panha/ws_moveit/install/moveit_configs_utils:/home/panha/ws_moveit/install/launch_param_builder:/home/panha/mushroom_ws_V2/install/py_mushroom_control:/home/panha/turtlebot3_ws/install/turtlebot3_teleop:/home/panha/turtlebot3_ws/install/turtlebot3_example:/opt/ros/humble LD_LIBRARY_PATH=/home/panha/Building_A_Tower_Arm_Robot/install/advrobotics_lab3_interfaces/lib:${LD_LIBRARY_PATH} PYTHONPATH=/home/panha/Building_A_Tower_Arm_Robot/install/advrobotics_lab3_interfaces/local/lib/python3.10/dist-packages:${PYTHONPATH} /usr/bin/cmake /home/panha/Building_A_Tower_Arm_Robot/src/advrobotics_lab3_ros2 -DCMAKE_INSTALL_PREFIX=/home/panha/Building_A_Tower_Arm_Robot/install/advrobotics_lab3_ros2[0m
[5.729s] [34mcolcon.colcon_core.event_handler.log_command[0m [1;30mDEBUG[0m [32mInvoking command in '/home/panha/Building_A_Tower_Arm_Robot/build/advrobotics_lab3_ros2': AMENT_PREFIX_PATH=/home/panha/Building_A_Tower_Arm_Robot/install/advrobotics_lab3_interfaces:${AMENT_PREFIX_PATH} CMAKE_PREFIX_PATH=/home/panha/Building_A_Tower_Arm_Robot/install/advrobotics_lab3_interfaces:/home/panha/sporaX_ws/install/test_pkg:/home/panha/sporaX_ws/install/robot_server:/home/panha/sporaX_ws/install/robot_interfaces:/home/panha/ws_moveit/install/pilz_industrial_motion_planner_testutils:/home/panha/ws_moveit/install/moveit_runtime:/home/panha/ws_moveit/install/moveit2_tutorials:/home/panha/ws_moveit/install/moveit:/home/panha/ws_moveit/install/moveit_planners:/home/panha/ws_moveit/install/pilz_industrial_motion_planner:/home/panha/ws_moveit/install/moveit_visual_tools:/home/panha/ws_moveit/install/moveit_task_constructor_visualization:/home/panha/ws_moveit/install/moveit_task_constructor_demo:/home/panha/ws_moveit/install/moveit_task_constructor_capabilities:/home/panha/ws_moveit/install/moveit_task_constructor_core:/home/panha/ws_moveit/install/moveit_ros_control_interface:/home/panha/ws_moveit/install/moveit_plugins:/home/panha/ws_moveit/install/moveit_simple_controller_manager:/home/panha/ws_moveit/install/moveit_setup_assistant:/home/panha/ws_moveit/install/moveit_setup_srdf_plugins:/home/panha/ws_moveit/install/moveit_setup_core_plugins:/home/panha/ws_moveit/install/moveit_setup_controllers:/home/panha/ws_moveit/install/moveit_setup_app_plugins:/home/panha/ws_moveit/install/moveit_setup_framework:/home/panha/ws_moveit/install/moveit_servo:/home/panha/ws_moveit/install/moveit_ros:/home/panha/ws_moveit/install/moveit_ros_visualization:/home/panha/ws_moveit/install/moveit_hybrid_planning:/home/panha/ws_moveit/install/moveit_ros_planning_interface:/home/panha/ws_moveit/install/moveit_ros_benchmarks:/home/panha/ws_moveit/install/moveit_ros_warehouse:/home/panha/ws_moveit/install/moveit_ros_robot_interaction:/home/panha/ws_moveit/install/moveit_ros_perception:/home/panha/ws_moveit/install/moveit_resources_prbt_pg70_support:/home/panha/ws_moveit/install/moveit_resources_prbt_moveit_config:/home/panha/ws_moveit/install/moveit_ros_move_group:/home/panha/ws_moveit/install/moveit_planners_ompl:/home/panha/ws_moveit/install/moveit_ros_planning:/home/panha/ws_moveit/install/moveit_ros_occupancy_map_monitor:/home/panha/ws_moveit/install/moveit_resources_prbt_ikfast_manipulator_plugin:/home/panha/ws_moveit/install/moveit_planners_chomp:/home/panha/ws_moveit/install/moveit_kinematics:/home/panha/ws_moveit/install/moveit_chomp_optimizer_adapter:/home/panha/ws_moveit/install/chomp_motion_planner:/home/panha/ws_moveit/install/moveit_core:/home/panha/ws_moveit/install/srdfdom:/home/panha/ws_moveit/install/rviz_marker_tools:/home/panha/ws_moveit/install/rosparam_shortcuts:/home/panha/ws_moveit/install/moveit_task_constructor_msgs:/home/panha/ws_moveit/install/moveit_resources_prbt_support:/home/panha/ws_moveit/install/moveit_resources:/home/panha/ws_moveit/install/moveit_resources_pr2_description:/home/panha/ws_moveit/install/moveit_resources_panda_moveit_config:/home/panha/ws_moveit/install/moveit_resources_panda_description:/home/panha/ws_moveit/install/moveit_resources_fanuc_moveit_config:/home/panha/ws_moveit/install/moveit_resources_fanuc_description:/home/panha/ws_moveit/install/moveit_common:/home/panha/mushroom_ws_V2/install/cpp_mushroom_control:/home/panha/mushroom_ws_V2/install/mushroom_msgs:/home/panha/turtlebot3_ws/install/turtlebot3:/home/panha/turtlebot3_ws/install/turtlebot3_simulations:/home/panha/turtlebot3_ws/install/turtlebot3_bringup:/home/panha/turtlebot3_ws/install/turtlebot3_node:/home/panha/turtlebot3_ws/install/turtlebot3_navigation2:/home/panha/turtlebot3_ws/install/turtlebot3_manipulation_gazebo:/home/panha/turtlebot3_ws/install/turtlebot3_gazebo:/home/panha/turtlebot3_ws/install/turtlebot3_fake_node:/home/panha/turtlebot3_ws/install/turtlebot3_description:/home/panha/turtlebot3_ws/install/turtlebot3_cartographer:/home/panha/Robocon2026_ws/install/r2:/home/panha/Robocon2026_ws/install/r1:/home/panha/my_ws/install/my_robot_moveit_config:/home/panha/my_ws/install/my_robot_description:/home/panha/ws_moveit/install/moveit_configs_utils:/home/panha/ws_moveit/install/launch_param_builder:/home/panha/mushroom_ws_V2/install/py_mushroom_control:/home/panha/turtlebot3_ws/install/turtlebot3_teleop:/home/panha/turtlebot3_ws/install/turtlebot3_example:/opt/ros/humble LD_LIBRARY_PATH=/home/panha/Building_A_Tower_Arm_Robot/install/advrobotics_lab3_interfaces/lib:${LD_LIBRARY_PATH} PYTHONPATH=/home/panha/Building_A_Tower_Arm_Robot/install/advrobotics_lab3_interfaces/local/lib/python3.10/dist-packages:${PYTHONPATH} /usr/bin/cmake --build /home/panha/Building_A_Tower_Arm_Robot/build/advrobotics_lab3_ros2 -- -j16 -l16[0m
[14.680s] [34mcolcon.colcon_core.event_handler.log_command[0m [1;30mDEBUG[0m [32mInvoked command in '/home/panha/Building_A_Tower_Arm_Robot/build/advrobotics_lab3_ros2' returned '0': AMENT_PREFIX_PATH=/home/panha/Building_A_Tower_Arm_Robot/install/advrobotics_lab3_interfaces:${AMENT_PREFIX_PATH} CMAKE_PREFIX_PATH=/home/panha/Building_A_Tower_Arm_Robot/install/advrobotics_lab3_interfaces:/home/panha/sporaX_ws/install/test_pkg:/home/panha/sporaX_ws/install/robot_server:/home/panha/sporaX_ws/install/robot_interfaces:/home/panha/ws_moveit/install/pilz_industrial_motion_planner_testutils:/home/panha/ws_moveit/install/moveit_runtime:/home/panha/ws_moveit/install/moveit2_tutorials:/home/panha/ws_moveit/install/moveit:/home/panha/ws_moveit/install/moveit_planners:/home/panha/ws_moveit/install/pilz_industrial_motion_planner:/home/panha/ws_moveit/install/moveit_visual_tools:/home/panha/ws_moveit/install/moveit_task_constructor_visualization:/home/panha/ws_moveit/install/moveit_task_constructor_demo:/home/panha/ws_moveit/install/moveit_task_constructor_capabilities:/home/panha/ws_moveit/install/moveit_task_constructor_core:/home/panha/ws_moveit/install/moveit_ros_control_interface:/home/panha/ws_moveit/install/moveit_plugins:/home/panha/ws_moveit/install/moveit_simple_controller_manager:/home/panha/ws_moveit/install/moveit_setup_assistant:/home/panha/ws_moveit/install/moveit_setup_srdf_plugins:/home/panha/ws_moveit/install/moveit_setup_core_plugins:/home/panha/ws_moveit/install/moveit_setup_controllers:/home/panha/ws_moveit/install/moveit_setup_app_plugins:/home/panha/ws_moveit/install/moveit_setup_framework:/home/panha/ws_moveit/install/moveit_servo:/home/panha/ws_moveit/install/moveit_ros:/home/panha/ws_moveit/install/moveit_ros_visualization:/home/panha/ws_moveit/install/moveit_hybrid_planning:/home/panha/ws_moveit/install/moveit_ros_planning_interface:/home/panha/ws_moveit/install/moveit_ros_benchmarks:/home/panha/ws_moveit/install/moveit_ros_warehouse:/home/panha/ws_moveit/install/moveit_ros_robot_interaction:/home/panha/ws_moveit/install/moveit_ros_perception:/home/panha/ws_moveit/install/moveit_resources_prbt_pg70_support:/home/panha/ws_moveit/install/moveit_resources_prbt_moveit_config:/home/panha/ws_moveit/install/moveit_ros_move_group:/home/panha/ws_moveit/install/moveit_planners_ompl:/home/panha/ws_moveit/install/moveit_ros_planning:/home/panha/ws_moveit/install/moveit_ros_occupancy_map_monitor:/home/panha/ws_moveit/install/moveit_resources_prbt_ikfast_manipulator_plugin:/home/panha/ws_moveit/install/moveit_planners_chomp:/home/panha/ws_moveit/install/moveit_kinematics:/home/panha/ws_moveit/install/moveit_chomp_optimizer_adapter:/home/panha/ws_moveit/install/chomp_motion_planner:/home/panha/ws_moveit/install/moveit_core:/home/panha/ws_moveit/install/srdfdom:/home/panha/ws_moveit/install/rviz_marker_tools:/home/panha/ws_moveit/install/rosparam_shortcuts:/home/panha/ws_moveit/install/moveit_task_constructor_msgs:/home/panha/ws_moveit/install/moveit_resources_prbt_support:/home/panha/ws_moveit/install/moveit_resources:/home/panha/ws_moveit/install/moveit_resources_pr2_description:/home/panha/ws_moveit/install/moveit_resources_panda_moveit_config:/home/panha/ws_moveit/install/moveit_resources_panda_description:/home/panha/ws_moveit/install/moveit_resources_fanuc_moveit_config:/home/panha/ws_moveit/install/moveit_resources_fanuc_description:/home/panha/ws_moveit/install/moveit_common:/home/panha/mushroom_ws_V2/install/cpp_mushroom_control:/home/panha/mushroom_ws_V2/install/mushroom_msgs:/home/panha/turtlebot3_ws/install/turtlebot3:/home/panha/turtlebot3_ws/install/turtlebot3_simulations:/home/panha/turtlebot3_ws/install/turtlebot3_bringup:/home/panha/turtlebot3_ws/install/turtlebot3_node:/home/panha/turtlebot3_ws/install/turtlebot3_navigation2:/home/panha/turtlebot3_ws/install/turtlebot3_manipulation_gazebo:/home/panha/turtlebot3_ws/install/turtlebot3_gazebo:/home/panha/turtlebot3_ws/install/turtlebot3_fake_node:/home/panha/turtlebot3_ws/install/turtlebot3_description:/home/panha/turtlebot3_ws/install/turtlebot3_cartographer:/home/panha/Robocon2026_ws/install/r2:/home/panha/Robocon2026_ws/install/r1:/home/panha/my_ws/install/my_robot_moveit_config:/home/panha/my_ws/install/my_robot_description:/home/panha/ws_moveit/install/moveit_configs_utils:/home/panha/ws_moveit/install/launch_param_builder:/home/panha/mushroom_ws_V2/install/py_mushroom_control:/home/panha/turtlebot3_ws/install/turtlebot3_teleop:/home/panha/turtlebot3_ws/install/turtlebot3_example:/opt/ros/humble LD_LIBRARY_PATH=/home/panha/Building_A_Tower_Arm_Robot/install/advrobotics_lab3_interfaces/lib:${LD_LIBRARY_PATH} PYTHONPATH=/home/panha/Building_A_Tower_Arm_Robot/install/advrobotics_lab3_interfaces/local/lib/python3.10/dist-packages:${PYTHONPATH} /usr/bin/cmake --build /home/panha/Building_A_Tower_Arm_Robot/build/advrobotics_lab3_ros2 -- -j16 -l16[0m
[14.683s] [34mcolcon.colcon_core.event_handler.log_command[0m [1;30mDEBUG[0m [32mInvoking command in '/home/panha/Building_A_Tower_Arm_Robot/build/advrobotics_lab3_ros2': AMENT_PREFIX_PATH=/home/panha/Building_A_Tower_Arm_Robot/install/advrobotics_lab3_interfaces:${AMENT_PREFIX_PATH} CMAKE_PREFIX_PATH=/home/panha/Building_A_Tower_Arm_Robot/install/advrobotics_lab3_interfaces:/home/panha/sporaX_ws/install/test_pkg:/home/panha/sporaX_ws/install/robot_server:/home/panha/sporaX_ws/install/robot_interfaces:/home/panha/ws_moveit/install/pilz_industrial_motion_planner_testutils:/home/panha/ws_moveit/install/moveit_runtime:/home/panha/ws_moveit/install/moveit2_tutorials:/home/panha/ws_moveit/install/moveit:/home/panha/ws_moveit/install/moveit_planners:/home/panha/ws_moveit/install/pilz_industrial_motion_planner:/home/panha/ws_moveit/install/moveit_visual_tools:/home/panha/ws_moveit/install/moveit_task_constructor_visualization:/home/panha/ws_moveit/install/moveit_task_constructor_demo:/home/panha/ws_moveit/install/moveit_task_constructor_capabilities:/home/panha/ws_moveit/install/moveit_task_constructor_core:/home/panha/ws_moveit/install/moveit_ros_control_interface:/home/panha/ws_moveit/install/moveit_plugins:/home/panha/ws_moveit/install/moveit_simple_controller_manager:/home/panha/ws_moveit/install/moveit_setup_assistant:/home/panha/ws_moveit/install/moveit_setup_srdf_plugins:/home/panha/ws_moveit/install/moveit_setup_core_plugins:/home/panha/ws_moveit/install/moveit_setup_controllers:/home/panha/ws_moveit/install/moveit_setup_app_plugins:/home/panha/ws_moveit/install/moveit_setup_framework:/home/panha/ws_moveit/install/moveit_servo:/home/panha/ws_moveit/install/moveit_ros:/home/panha/ws_moveit/install/moveit_ros_visualization:/home/panha/ws_moveit/install/moveit_hybrid_planning:/home/panha/ws_moveit/install/moveit_ros_planning_interface:/home/panha/ws_moveit/install/moveit_ros_benchmarks:/home/panha/ws_moveit/install/moveit_ros_warehouse:/home/panha/ws_moveit/install/moveit_ros_robot_interaction:/home/panha/ws_moveit/install/moveit_ros_perception:/home/panha/ws_moveit/install/moveit_resources_prbt_pg70_support:/home/panha/ws_moveit/install/moveit_resources_prbt_moveit_config:/home/panha/ws_moveit/install/moveit_ros_move_group:/home/panha/ws_moveit/install/moveit_planners_ompl:/home/panha/ws_moveit/install/moveit_ros_planning:/home/panha/ws_moveit/install/moveit_ros_occupancy_map_monitor:/home/panha/ws_moveit/install/moveit_resources_prbt_ikfast_manipulator_plugin:/home/panha/ws_moveit/install/moveit_planners_chomp:/home/panha/ws_moveit/install/moveit_kinematics:/home/panha/ws_moveit/install/moveit_chomp_optimizer_adapter:/home/panha/ws_moveit/install/chomp_motion_planner:/home/panha/ws_moveit/install/moveit_core:/home/panha/ws_moveit/install/srdfdom:/home/panha/ws_moveit/install/rviz_marker_tools:/home/panha/ws_moveit/install/rosparam_shortcuts:/home/panha/ws_moveit/install/moveit_task_constructor_msgs:/home/panha/ws_moveit/install/moveit_resources_prbt_support:/home/panha/ws_moveit/install/moveit_resources:/home/panha/ws_moveit/install/moveit_resources_pr2_description:/home/panha/ws_moveit/install/moveit_resources_panda_moveit_config:/home/panha/ws_moveit/install/moveit_resources_panda_description:/home/panha/ws_moveit/install/moveit_resources_fanuc_moveit_config:/home/panha/ws_moveit/install/moveit_resources_fanuc_description:/home/panha/ws_moveit/install/moveit_common:/home/panha/mushroom_ws_V2/install/cpp_mushroom_control:/home/panha/mushroom_ws_V2/install/mushroom_msgs:/home/panha/turtlebot3_ws/install/turtlebot3:/home/panha/turtlebot3_ws/install/turtlebot3_simulations:/home/panha/turtlebot3_ws/install/turtlebot3_bringup:/home/panha/turtlebot3_ws/install/turtlebot3_node:/home/panha/turtlebot3_ws/install/turtlebot3_navigation2:/home/panha/turtlebot3_ws/install/turtlebot3_manipulation_gazebo:/home/panha/turtlebot3_ws/install/turtlebot3_gazebo:/home/panha/turtlebot3_ws/install/turtlebot3_fake_node:/home/panha/turtlebot3_ws/install/turtlebot3_description:/home/panha/turtlebot3_ws/install/turtlebot3_cartographer:/home/panha/Robocon2026_ws/install/r2:/home/panha/Robocon2026_ws/install/r1:/home/panha/my_ws/install/my_robot_moveit_config:/home/panha/my_ws/install/my_robot_description:/home/panha/ws_moveit/install/moveit_configs_utils:/home/panha/ws_moveit/install/launch_param_builder:/home/panha/mushroom_ws_V2/install/py_mushroom_control:/home/panha/turtlebot3_ws/install/turtlebot3_teleop:/home/panha/turtlebot3_ws/install/turtlebot3_example:/opt/ros/humble LD_LIBRARY_PATH=/home/panha/Building_A_Tower_Arm_Robot/install/advrobotics_lab3_interfaces/lib:${LD_LIBRARY_PATH} PYTHONPATH=/home/panha/Building_A_Tower_Arm_Robot/install/advrobotics_lab3_interfaces/local/lib/python3.10/dist-packages:${PYTHONPATH} /usr/bin/cmake --install /home/panha/Building_A_Tower_Arm_Robot/build/advrobotics_lab3_ros2[0m
[14.701s] [34mcolcon.colcon_core.environment[0m [1;30mLevel 1[0m create_environment_scripts_only(advrobotics_lab3_ros2)
[14.701s] [34mcolcon.colcon_core.environment[0m [1;30mLevel 1[0m checking '/home/panha/Building_A_Tower_Arm_Robot/install/advrobotics_lab3_ros2' for CMake module files
[14.702s] [34mcolcon.colcon_core.event_handler.log_command[0m [1;30mDEBUG[0m [32mInvoked command in '/home/panha/Building_A_Tower_Arm_Robot/build/advrobotics_lab3_ros2' returned '0': AMENT_PREFIX_PATH=/home/panha/Building_A_Tower_Arm_Robot/install/advrobotics_lab3_interfaces:${AMENT_PREFIX_PATH} CMAKE_PREFIX_PATH=/home/panha/Building_A_Tower_Arm_Robot/install/advrobotics_lab3_interfaces:/home/panha/sporaX_ws/install/test_pkg:/home/panha/sporaX_ws/install/robot_server:/home/panha/sporaX_ws/install/robot_interfaces:/home/panha/ws_moveit/install/pilz_industrial_motion_planner_testutils:/home/panha/ws_moveit/install/moveit_runtime:/home/panha/ws_moveit/install/moveit2_tutorials:/home/panha/ws_moveit/install/moveit:/home/panha/ws_moveit/install/moveit_planners:/home/panha/ws_moveit/install/pilz_industrial_motion_planner:/home/panha/ws_moveit/install/moveit_visual_tools:/home/panha/ws_moveit/install/moveit_task_constructor_visualization:/home/panha/ws_moveit/install/moveit_task_constructor_demo:/home/panha/ws_moveit/install/moveit_task_constructor_capabilities:/home/panha/ws_moveit/install/moveit_task_constructor_core:/home/panha/ws_moveit/install/moveit_ros_control_interface:/home/panha/ws_moveit/install/moveit_plugins:/home/panha/ws_moveit/install/moveit_simple_controller_manager:/home/panha/ws_moveit/install/moveit_setup_assistant:/home/panha/ws_moveit/install/moveit_setup_srdf_plugins:/home/panha/ws_moveit/install/moveit_setup_core_plugins:/home/panha/ws_moveit/install/moveit_setup_controllers:/home/panha/ws_moveit/install/moveit_setup_app_plugins:/home/panha/ws_moveit/install/moveit_setup_framework:/home/panha/ws_moveit/install/moveit_servo:/home/panha/ws_moveit/install/moveit_ros:/home/panha/ws_moveit/install/moveit_ros_visualization:/home/panha/ws_moveit/install/moveit_hybrid_planning:/home/panha/ws_moveit/install/moveit_ros_planning_interface:/home/panha/ws_moveit/install/moveit_ros_benchmarks:/home/panha/ws_moveit/install/moveit_ros_warehouse:/home/panha/ws_moveit/install/moveit_ros_robot_interaction:/home/panha/ws_moveit/install/moveit_ros_perception:/home/panha/ws_moveit/install/moveit_resources_prbt_pg70_support:/home/panha/ws_moveit/install/moveit_resources_prbt_moveit_config:/home/panha/ws_moveit/install/moveit_ros_move_group:/home/panha/ws_moveit/install/moveit_planners_ompl:/home/panha/ws_moveit/install/moveit_ros_planning:/home/panha/ws_moveit/install/moveit_ros_occupancy_map_monitor:/home/panha/ws_moveit/install/moveit_resources_prbt_ikfast_manipulator_plugin:/home/panha/ws_moveit/install/moveit_planners_chomp:/home/panha/ws_moveit/install/moveit_kinematics:/home/panha/ws_moveit/install/moveit_chomp_optimizer_adapter:/home/panha/ws_moveit/install/chomp_motion_planner:/home/panha/ws_moveit/install/moveit_core:/home/panha/ws_moveit/install/srdfdom:/home/panha/ws_moveit/install/rviz_marker_tools:/home/panha/ws_moveit/install/rosparam_shortcuts:/home/panha/ws_moveit/install/moveit_task_constructor_msgs:/home/panha/ws_moveit/install/moveit_resources_prbt_support:/home/panha/ws_moveit/install/moveit_resources:/home/panha/ws_moveit/install/moveit_resources_pr2_description:/home/panha/ws_moveit/install/moveit_resources_panda_moveit_config:/home/panha/ws_moveit/install/moveit_resources_panda_description:/home/panha/ws_moveit/install/moveit_resources_fanuc_moveit_config:/home/panha/ws_moveit/install/moveit_resources_fanuc_description:/home/panha/ws_moveit/install/moveit_common:/home/panha/mushroom_ws_V2/install/cpp_mushroom_control:/home/panha/mushroom_ws_V2/install/mushroom_msgs:/home/panha/turtlebot3_ws/install/turtlebot3:/home/panha/turtlebot3_ws/install/turtlebot3_simulations:/home/panha/turtlebot3_ws/install/turtlebot3_bringup:/home/panha/turtlebot3_ws/install/turtlebot3_node:/home/panha/turtlebot3_ws/install/turtlebot3_navigation2:/home/panha/turtlebot3_ws/install/turtlebot3_manipulation_gazebo:/home/panha/turtlebot3_ws/install/turtlebot3_gazebo:/home/panha/turtlebot3_ws/install/turtlebot3_fake_node:/home/panha/turtlebot3_ws/install/turtlebot3_description:/home/panha/turtlebot3_ws/install/turtlebot3_cartographer:/home/panha/Robocon2026_ws/install/r2:/home/panha/Robocon2026_ws/install/r1:/home/panha/my_ws/install/my_robot_moveit_config:/home/panha/my_ws/install/my_robot_description:/home/panha/ws_moveit/install/moveit_configs_utils:/home/panha/ws_moveit/install/launch_param_builder:/home/panha/mushroom_ws_V2/install/py_mushroom_control:/home/panha/turtlebot3_ws/install/turtlebot3_teleop:/home/panha/turtlebot3_ws/install/turtlebot3_example:/opt/ros/humble LD_LIBRARY_PATH=/home/panha/Building_A_Tower_Arm_Robot/install/advrobotics_lab3_interfaces/lib:${LD_LIBRARY_PATH} PYTHONPATH=/home/panha/Building_A_Tower_Arm_Robot/install/advrobotics_lab3_interfaces/local/lib/python3.10/dist-packages:${PYTHONPATH} /usr/bin/cmake --install /home/panha/Building_A_Tower_Arm_Robot/build/advrobotics_lab3_ros2[0m
[14.702s] [34mcolcon.colcon_core.environment[0m [1;30mLevel 1[0m checking '/home/panha/Building_A_Tower_Arm_Robot/install/advrobotics_lab3_ros2' for CMake config files
[14.702s] [34mcolcon.colcon_core.shell[0m [1;30mLevel 1[0m create_environment_hook('advrobotics_lab3_ros2', 'cmake_prefix_path')
[14.702s] [34mcolcon.colcon_core.shell[0m [1;30mINFO[0m Creating environment hook '/home/panha/Building_A_Tower_Arm_Robot/install/advrobotics_lab3_ros2/share/advrobotics_lab3_ros2/hook/cmake_prefix_path.ps1'
[14.703s] [34mcolcon.colcon_core.shell[0m [1;30mINFO[0m Creating environment descriptor '/home/panha/Building_A_Tower_Arm_Robot/install/advrobotics_lab3_ros2/share/advrobotics_lab3_ros2/hook/cmake_prefix_path.dsv'
[14.703s] [34mcolcon.colcon_core.shell[0m [1;30mINFO[0m Creating environment hook '/home/panha/Building_A_Tower_Arm_Robot/install/advrobotics_lab3_ros2/share/advrobotics_lab3_ros2/hook/cmake_prefix_path.sh'
[14.703s] [34mcolcon.colcon_core.environment[0m [1;30mLevel 1[0m checking '/home/panha/Building_A_Tower_Arm_Robot/install/advrobotics_lab3_ros2/lib'
[14.703s] [34mcolcon.colcon_core.environment[0m [1;30mLevel 1[0m checking '/home/panha/Building_A_Tower_Arm_Robot/install/advrobotics_lab3_ros2/bin'
[14.703s] [34mcolcon.colcon_core.environment[0m [1;30mLevel 1[0m checking '/home/panha/Building_A_Tower_Arm_Robot/install/advrobotics_lab3_ros2/lib/pkgconfig/advrobotics_lab3_ros2.pc'
[14.704s] [34mcolcon.colcon_core.environment[0m [1;30mLevel 1[0m checking '/home/panha/Building_A_Tower_Arm_Robot/install/advrobotics_lab3_ros2/lib/python3.10/site-packages'
[14.704s] [34mcolcon.colcon_core.environment[0m [1;30mLevel 1[0m checking '/home/panha/Building_A_Tower_Arm_Robot/install/advrobotics_lab3_ros2/bin'
[14.704s] [34mcolcon.colcon_core.shell[0m [1;30mINFO[0m Creating package script '/home/panha/Building_A_Tower_Arm_Robot/install/advrobotics_lab3_ros2/share/advrobotics_lab3_ros2/package.ps1'
[14.704s] [34mcolcon.colcon_core.shell[0m [1;30mINFO[0m Creating package descriptor '/home/panha/Building_A_Tower_Arm_Robot/install/advrobotics_lab3_ros2/share/advrobotics_lab3_ros2/package.dsv'
[14.705s] [34mcolcon.colcon_core.shell[0m [1;30mINFO[0m Creating package script '/home/panha/Building_A_Tower_Arm_Robot/install/advrobotics_lab3_ros2/share/advrobotics_lab3_ros2/package.sh'
[14.705s] [34mcolcon.colcon_core.shell[0m [1;30mINFO[0m Creating package script '/home/panha/Building_A_Tower_Arm_Robot/install/advrobotics_lab3_ros2/share/advrobotics_lab3_ros2/package.bash'
[14.705s] [34mcolcon.colcon_core.shell[0m [1;30mINFO[0m Creating package script '/home/panha/Building_A_Tower_Arm_Robot/install/advrobotics_lab3_ros2/share/advrobotics_lab3_ros2/package.zsh'
[14.706s] [34mcolcon.colcon_core.environment[0m [1;30mLevel 1[0m create_file_with_runtime_dependencies(/home/panha/Building_A_Tower_Arm_Robot/install/advrobotics_lab3_ros2/share/colcon-core/packages/advrobotics_lab3_ros2)
[14.706s] [34mcolcon.colcon_core.environment[0m [1;30mLevel 1[0m create_environment_scripts_only(advrobotics_lab3_ros2)
[14.706s] [34mcolcon.colcon_core.environment[0m [1;30mLevel 1[0m checking '/home/panha/Building_A_Tower_Arm_Robot/install/advrobotics_lab3_ros2' for CMake module files
[14.707s] [34mcolcon.colcon_core.environment[0m [1;30mLevel 1[0m checking '/home/panha/Building_A_Tower_Arm_Robot/install/advrobotics_lab3_ros2' for CMake config files
[14.707s] [34mcolcon.colcon_core.shell[0m [1;30mLevel 1[0m create_environment_hook('advrobotics_lab3_ros2', 'cmake_prefix_path')
[14.707s] [34mcolcon.colcon_core.shell[0m [1;30mINFO[0m Creating environment hook '/home/panha/Building_A_Tower_Arm_Robot/install/advrobotics_lab3_ros2/share/advrobotics_lab3_ros2/hook/cmake_prefix_path.ps1'
[14.707s] [34mcolcon.colcon_core.shell[0m [1;30mINFO[0m Creating environment descriptor '/home/panha/Building_A_Tower_Arm_Robot/install/advrobotics_lab3_ros2/share/advrobotics_lab3_ros2/hook/cmake_prefix_path.dsv'
[14.708s] [34mcolcon.colcon_core.shell[0m [1;30mINFO[0m Creating environment hook '/home/panha/Building_A_Tower_Arm_Robot/install/advrobotics_lab3_ros2/share/advrobotics_lab3_ros2/hook/cmake_prefix_path.sh'
[14.708s] [34mcolcon.colcon_core.environment[0m [1;30mLevel 1[0m checking '/home/panha/Building_A_Tower_Arm_Robot/install/advrobotics_lab3_ros2/lib'
[14.708s] [34mcolcon.colcon_core.environment[0m [1;30mLevel 1[0m checking '/home/panha/Building_A_Tower_Arm_Robot/install/advrobotics_lab3_ros2/bin'
[14.708s] [34mcolcon.colcon_core.environment[0m [1;30mLevel 1[0m checking '/home/panha/Building_A_Tower_Arm_Robot/install/advrobotics_lab3_ros2/lib/pkgconfig/advrobotics_lab3_ros2.pc'
[14.708s] [34mcolcon.colcon_core.environment[0m [1;30mLevel 1[0m checking '/home/panha/Building_A_Tower_Arm_Robot/install/advrobotics_lab3_ros2/lib/python3.10/site-packages'
[14.708s] [34mcolcon.colcon_core.environment[0m [1;30mLevel 1[0m checking '/home/panha/Building_A_Tower_Arm_Robot/install/advrobotics_lab3_ros2/bin'
[14.709s] [34mcolcon.colcon_core.shell[0m [1;30mINFO[0m Creating package script '/home/panha/Building_A_Tower_Arm_Robot/install/advrobotics_lab3_ros2/share/advrobotics_lab3_ros2/package.ps1'
[14.709s] [34mcolcon.colcon_core.shell[0m [1;30mINFO[0m Creating package descriptor '/home/panha/Building_A_Tower_Arm_Robot/install/advrobotics_lab3_ros2/share/advrobotics_lab3_ros2/package.dsv'
[14.709s] [34mcolcon.colcon_core.shell[0m [1;30mINFO[0m Creating package script '/home/panha/Building_A_Tower_Arm_Robot/install/advrobotics_lab3_ros2/share/advrobotics_lab3_ros2/package.sh'
[14.710s] [34mcolcon.colcon_core.shell[0m [1;30mINFO[0m Creating package script '/home/panha/Building_A_Tower_Arm_Robot/install/advrobotics_lab3_ros2/share/advrobotics_lab3_ros2/package.bash'
[14.710s] [34mcolcon.colcon_core.shell[0m [1;30mINFO[0m Creating package script '/home/panha/Building_A_Tower_Arm_Robot/install/advrobotics_lab3_ros2/share/advrobotics_lab3_ros2/package.zsh'
[14.710s] [34mcolcon.colcon_core.environment[0m [1;30mLevel 1[0m create_file_with_runtime_dependencies(/home/panha/Building_A_Tower_Arm_Robot/install/advrobotics_lab3_ros2/share/colcon-core/packages/advrobotics_lab3_ros2)
[14.710s] [34mcolcon.colcon_parallel_executor.executor.parallel[0m [1;30mDEBUG[0m [32mclosing loop[0m
[14.710s] [34mcolcon.colcon_parallel_executor.executor.parallel[0m [1;30mDEBUG[0m [32mloop closed[0m
[14.711s] [34mcolcon.colcon_parallel_executor.executor.parallel[0m [1;30mDEBUG[0m [32mrun_until_complete finished with '0'[0m
[14.711s] [34mcolcon.colcon_core.event_reactor[0m [1;30mDEBUG[0m [32mjoining thread[0m
[14.718s] [34mcolcon.colcon_core.plugin_system[0m [1;30mINFO[0m Skipping extension 'colcon_notification.desktop_notification.terminal_notifier': Not used on non-Darwin systems
[14.718s] [34mcolcon.colcon_core.plugin_system[0m [1;30mINFO[0m Skipping extension 'colcon_notification.desktop_notification.win32': Not used on non-Windows systems
[14.718s] [34mcolcon.colcon_notification.desktop_notification[0m [1;30mINFO[0m Sending desktop notification using 'notify2'
[14.726s] [34mcolcon.colcon_core.event_reactor[0m [1;30mDEBUG[0m [32mjoined thread[0m
[14.727s] [34mcolcon.colcon_core.shell[0m [1;30mINFO[0m Creating prefix script '/home/panha/Building_A_Tower_Arm_Robot/install/local_setup.ps1'
[14.728s] [34mcolcon.colcon_core.shell[0m [1;30mINFO[0m Creating prefix util module '/home/panha/Building_A_Tower_Arm_Robot/install/_local_setup_util_ps1.py'
[14.729s] [34mcolcon.colcon_core.shell[0m [1;30mINFO[0m Creating prefix chain script '/home/panha/Building_A_Tower_Arm_Robot/install/setup.ps1'
[14.733s] [34mcolcon.colcon_core.shell[0m [1;30mINFO[0m Creating prefix script '/home/panha/Building_A_Tower_Arm_Robot/install/local_setup.sh'
[14.733s] [34mcolcon.colcon_core.shell[0m [1;30mINFO[0m Creating prefix util module '/home/panha/Building_A_Tower_Arm_Robot/install/_local_setup_util_sh.py'
[14.734s] [34mcolcon.colcon_core.shell[0m [1;30mINFO[0m Creating prefix chain script '/home/panha/Building_A_Tower_Arm_Robot/install/setup.sh'
[14.737s] [34mcolcon.colcon_core.shell[0m [1;30mINFO[0m Creating prefix script '/home/panha/Building_A_Tower_Arm_Robot/install/local_setup.bash'
[14.738s] [34mcolcon.colcon_core.shell[0m [1;30mINFO[0m Creating prefix chain script '/home/panha/Building_A_Tower_Arm_Robot/install/setup.bash'
[14.741s] [34mcolcon.colcon_core.shell[0m [1;30mINFO[0m Creating prefix script '/home/panha/Building_A_Tower_Arm_Robot/install/local_setup.zsh'
[14.742s] [34mcolcon.colcon_core.shell[0m [1;30mINFO[0m Creating prefix chain script '/home/panha/Building_A_Tower_Arm_Robot/install/setup.zsh'
